2026-03-16 17:18:51 URL:http://deb.debian.org/debian/dists/bookworm/InRelease [151078/151078] -> "/data/xspeed/share/platform/cessss/rootfs/var/lib/apt/lists/partial/deb.debian.org_debian_dists_bookworm_InRelease" [1]
2026-03-16 17:18:55 URL:http://deb.debian.org/debian/dists/bookworm/main/binary-arm64/by-hash/SHA256/3422286d4340167769632b1da5abdb2dc399eab71407155eee56f1df5dc63540 [8690780/8690780] -> "/data/xspeed/share/platform/cessss/rootfs/var/lib/apt/lists/partial/deb.debian.org_debian_dists_bookworm_main_binary-arm64_Packages.xz" [1]
2026-03-16 17:19:03 URL:http://deb.debian.org/debian/pool/main/a/adduser/adduser_3.134_all.deb [183272/183272] -> "/data/xspeed/share/platform/cessss/rootfs//var/cache/apt/archives/partial/adduser_3.134_all.deb" [1]
2026-03-16 17:19:05 URL:http://deb.debian.org/debian/pool/main/a/apt/apt_2.6.1_arm64.deb [1310288/1310288] -> "/data/xspeed/share/platform/cessss/rootfs//var/cache/apt/archives/partial/apt_2.6.1_arm64.deb" [1]
2026-03-16 17:19:05 URL:http://deb.debian.org/debian/pool/main/b/base-files/base-files_12.4+deb12u13_arm64.deb [70904/70904] -> "/data/xspeed/share/platform/cessss/rootfs//var/cache/apt/archives/partial/base-files_12.4+deb12u13_arm64.deb" [1]
2026-03-16 17:19:05 URL:http://deb.debian.org/debian/pool/main/b/base-passwd/base-passwd_3.6.1_arm64.deb [59364/59364] -> "/data/xspeed/share/platform/cessss/rootfs//var/cache/apt/archives/partial/base-passwd_3.6.1_arm64.deb" [1]
2026-03-16 17:19:06 URL:http://deb.debian.org/debian/pool/main/b/bash/bash_5.2.15-2+b10_arm64.deb [1445252/1445252] -> "/data/xspeed/share/platform/cessss/rootfs//var/cache/apt/archives/partial/bash_5.2.15-2+b10_arm64.deb" [1]
2026-03-16 17:19:06 URL:http://deb.debian.org/debian/pool/main/u/util-linux/bsdutils_2.38.1-5+deb12u3_arm64.deb [94216/94216] -> "/data/xspeed/share/platform/cessss/rootfs//var/cache/apt/archives/partial/bsdutils_1%3a2.38.1-5+deb12u3_arm64.deb" [1]
2026-03-16 17:19:07 URL:http://deb.debian.org/debian/pool/main/b/busybox/busybox_1.35.0-4+b7_arm64.deb [421912/421912] -> "/data/xspeed/share/platform/cessss/rootfs//var/cache/apt/archives/partial/busybox_1%3a1.35.0-4+b7_arm64.deb" [1]
2026-03-16 17:19:07 URL:http://deb.debian.org/debian/pool/main/c/coreutils/coreutils_9.1-1_arm64.deb [2815252/2815252] -> "/data/xspeed/share/platform/cessss/rootfs//var/cache/apt/archives/partial/coreutils_9.1-1_arm64.deb" [1]
2026-03-16 17:19:08 URL:http://deb.debian.org/debian/pool/main/d/dash/dash_0.5.12-2_arm64.deb [88808/88808] -> "/data/xspeed/share/platform/cessss/rootfs//var/cache/apt/archives/partial/dash_0.5.12-2_arm64.deb" [1]
2026-03-16 17:19:08 URL:http://deb.debian.org/debian/pool/main/d/debconf/debconf_1.5.82_all.deb [121212/121212] -> "/data/xspeed/share/platform/cessss/rootfs//var/cache/apt/archives/partial/debconf_1.5.82_all.deb" [1]
2026-03-16 17:19:08 URL:http://deb.debian.org/debian/pool/main/d/debian-archive-keyring/debian-archive-keyring_2023.3+deb12u2_all.deb [178572/178572] -> "/data/xspeed/share/platform/cessss/rootfs//var/cache/apt/archives/partial/debian-archive-keyring_2023.3+deb12u2_all.deb" [1]
2026-03-16 17:19:09 URL:http://deb.debian.org/debian/pool/main/d/debianutils/debianutils_5.7-0.5~deb12u1_arm64.deb [102660/102660] -> "/data/xspeed/share/platform/cessss/rootfs//var/cache/apt/archives/partial/debianutils_5.7-0.5~deb12u1_arm64.deb" [1]
2026-03-16 17:19:10 URL:http://deb.debian.org/debian/pool/main/d/diffutils/diffutils_3.8-4_arm64.deb [344700/344700] -> "/data/xspeed/share/platform/cessss/rootfs//var/cache/apt/archives/partial/diffutils_1%3a3.8-4_arm64.deb" [1]
2026-03-16 17:19:10 URL:http://deb.debian.org/debian/pool/main/l/lvm2/dmsetup_1.02.185-2_arm64.deb [75212/75212] -> "/data/xspeed/share/platform/cessss/rootfs//var/cache/apt/archives/partial/dmsetup_2%3a1.02.185-2_arm64.deb" [1]
2026-03-16 17:19:10 URL:http://deb.debian.org/debian/pool/main/d/dpkg/dpkg_1.21.22_arm64.deb [1549512/1549512] -> "/data/xspeed/share/platform/cessss/rootfs//var/cache/apt/archives/partial/dpkg_1.21.22_arm64.deb" [1]
2026-03-16 17:19:11 URL:http://deb.debian.org/debian/pool/main/e/e2fsprogs/e2fsprogs_1.47.0-2+b2_arm64.deb [544188/544188] -> "/data/xspeed/share/platform/cessss/rootfs//var/cache/apt/archives/partial/e2fsprogs_1.47.0-2+b2_arm64.deb" [1]
2026-03-16 17:19:11 URL:http://deb.debian.org/debian/pool/main/f/findutils/findutils_4.9.0-4_arm64.deb [630396/630396] -> "/data/xspeed/share/platform/cessss/rootfs//var/cache/apt/archives/partial/findutils_4.9.0-4_arm64.deb" [1]
2026-03-16 17:19:12 URL:http://deb.debian.org/debian/pool/main/g/gcc-12/gcc-12-base_12.2.0-14+deb12u1_arm64.deb [37624/37624] -> "/data/xspeed/share/platform/cessss/rootfs//var/cache/apt/archives/partial/gcc-12-base_12.2.0-14+deb12u1_arm64.deb" [1]
2026-03-16 17:19:12 URL:http://deb.debian.org/debian/pool/main/g/gdisk/gdisk_1.0.9-2.1_arm64.deb [208928/208928] -> "/data/xspeed/share/platform/cessss/rootfs//var/cache/apt/archives/partial/gdisk_1.0.9-2.1_arm64.deb" [1]
2026-03-16 17:19:13 URL:http://deb.debian.org/debian/pool/main/g/gnupg2/gpgv_2.2.40-1.1+deb12u2_arm64.deb [630324/630324] -> "/data/xspeed/share/platform/cessss/rootfs//var/cache/apt/archives/partial/gpgv_2.2.40-1.1+deb12u2_arm64.deb" [1]
2026-03-16 17:19:14 URL:http://deb.debian.org/debian/pool/main/g/grep/grep_3.8-5_arm64.deb [412880/412880] -> "/data/xspeed/share/platform/cessss/rootfs//var/cache/apt/archives/partial/grep_3.8-5_arm64.deb" [1]
2026-03-16 17:19:14 URL:http://deb.debian.org/debian/pool/main/g/gzip/gzip_1.12-1_arm64.deb [137556/137556] -> "/data/xspeed/share/platform/cessss/rootfs//var/cache/apt/archives/partial/gzip_1.12-1_arm64.deb" [1]
2026-03-16 17:19:14 URL:http://deb.debian.org/debian/pool/main/h/hostname/hostname_3.23+nmu1_arm64.deb [10404/10404] -> "/data/xspeed/share/platform/cessss/rootfs//var/cache/apt/archives/partial/hostname_3.23+nmu1_arm64.deb" [1]
2026-03-16 17:19:14 URL:http://deb.debian.org/debian/pool/main/i/init-system-helpers/init-system-helpers_1.65.2+deb12u1_all.deb [39020/39020] -> "/data/xspeed/share/platform/cessss/rootfs//var/cache/apt/archives/partial/init-system-helpers_1.65.2+deb12u1_all.deb" [1]
2026-03-16 17:19:15 URL:http://deb.debian.org/debian/pool/main/k/keyutils/keyutils_1.6.3-2_arm64.deb [53248/53248] -> "/data/xspeed/share/platform/cessss/rootfs//var/cache/apt/archives/partial/keyutils_1.6.3-2_arm64.deb" [1]
2026-03-16 17:19:15 URL:http://deb.debian.org/debian/pool/main/a/acl/libacl1_2.3.1-3_arm64.deb [30768/30768] -> "/data/xspeed/share/platform/cessss/rootfs//var/cache/apt/archives/partial/libacl1_2.3.1-3_arm64.deb" [1]
2026-03-16 17:19:15 URL:http://deb.debian.org/debian/pool/main/a/apt/libapt-pkg6.0_2.6.1_arm64.deb [814124/814124] -> "/data/xspeed/share/platform/cessss/rootfs//var/cache/apt/archives/partial/libapt-pkg6.0_2.6.1_arm64.deb" [1]
2026-03-16 17:19:15 URL:http://deb.debian.org/debian/pool/main/a/attr/libattr1_2.5.1-4_arm64.deb [21888/21888] -> "/data/xspeed/share/platform/cessss/rootfs//var/cache/apt/archives/partial/libattr1_1%3a2.5.1-4_arm64.deb" [1]
2026-03-16 17:19:15 URL:http://deb.debian.org/debian/pool/main/a/audit/libaudit-common_3.0.9-1_all.deb [10448/10448] -> "/data/xspeed/share/platform/cessss/rootfs//var/cache/apt/archives/partial/libaudit-common_1%3a3.0.9-1_all.deb" [1]
2026-03-16 17:19:16 URL:http://deb.debian.org/debian/pool/main/a/audit/libaudit1_3.0.9-1_arm64.deb [46104/46104] -> "/data/xspeed/share/platform/cessss/rootfs//var/cache/apt/archives/partial/libaudit1_1%3a3.0.9-1_arm64.deb" [1]
2026-03-16 17:19:16 URL:http://deb.debian.org/debian/pool/main/u/util-linux/libblkid1_2.38.1-5+deb12u3_arm64.deb [142728/142728] -> "/data/xspeed/share/platform/cessss/rootfs//var/cache/apt/archives/partial/libblkid1_2.38.1-5+deb12u3_arm64.deb" [1]
2026-03-16 17:19:16 URL:http://deb.debian.org/debian/pool/main/b/bzip2/libbz2-1.0_1.0.8-5+b1_arm64.deb [47452/47452] -> "/data/xspeed/share/platform/cessss/rootfs//var/cache/apt/archives/partial/libbz2-1.0_1.0.8-5+b1_arm64.deb" [1]
2026-03-16 17:19:17 URL:http://deb.debian.org/debian/pool/main/g/glibc/libc-bin_2.36-9+deb12u13_arm64.deb [533896/533896] -> "/data/xspeed/share/platform/cessss/rootfs//var/cache/apt/archives/partial/libc-bin_2.36-9+deb12u13_arm64.deb" [1]
2026-03-16 17:19:19 URL:http://deb.debian.org/debian/pool/main/g/glibc/libc6_2.36-9+deb12u13_arm64.deb [2328568/2328568] -> "/data/xspeed/share/platform/cessss/rootfs//var/cache/apt/archives/partial/libc6_2.36-9+deb12u13_arm64.deb" [1]
2026-03-16 17:19:19 URL:http://deb.debian.org/debian/pool/main/libc/libcap-ng/libcap-ng0_0.8.3-1+b3_arm64.deb [16428/16428] -> "/data/xspeed/share/platform/cessss/rootfs//var/cache/apt/archives/partial/libcap-ng0_0.8.3-1+b3_arm64.deb" [1]
2026-03-16 17:19:19 URL:http://deb.debian.org/debian/pool/main/libc/libcap2/libcap2_2.66-4+deb12u2+b2_arm64.deb [26848/26848] -> "/data/xspeed/share/platform/cessss/rootfs//var/cache/apt/archives/partial/libcap2_1%3a2.66-4+deb12u2+b2_arm64.deb" [1]
2026-03-16 17:19:19 URL:http://deb.debian.org/debian/pool/main/e/e2fsprogs/libcom-err2_1.47.0-2+b2_arm64.deb [19928/19928] -> "/data/xspeed/share/platform/cessss/rootfs//var/cache/apt/archives/partial/libcom-err2_1.47.0-2+b2_arm64.deb" [1]
2026-03-16 17:19:20 URL:http://deb.debian.org/debian/pool/main/libx/libxcrypt/libcrypt1_4.4.33-2_arm64.deb [90044/90044] -> "/data/xspeed/share/platform/cessss/rootfs//var/cache/apt/archives/partial/libcrypt1_1%3a4.4.33-2_arm64.deb" [1]
2026-03-16 17:19:20 URL:http://deb.debian.org/debian/pool/main/d/db5.3/libdb5.3_5.3.28+dfsg2-1_arm64.deb [625748/625748] -> "/data/xspeed/share/platform/cessss/rootfs//var/cache/apt/archives/partial/libdb5.3_5.3.28+dfsg2-1_arm64.deb" [1]
2026-03-16 17:19:20 URL:http://deb.debian.org/debian/pool/main/c/cdebconf/libdebconfclient0_0.270_arm64.deb [9976/9976] -> "/data/xspeed/share/platform/cessss/rootfs//var/cache/apt/archives/partial/libdebconfclient0_0.270_arm64.deb" [1]
2026-03-16 17:19:21 URL:http://deb.debian.org/debian/pool/main/l/lvm2/libdevmapper1.02.1_1.02.185-2_arm64.deb [115488/115488] -> "/data/xspeed/share/platform/cessss/rootfs//var/cache/apt/archives/partial/libdevmapper1.02.1_2%3a1.02.185-2_arm64.deb" [1]
2026-03-16 17:19:22 URL:http://deb.debian.org/debian/pool/main/libe/libevent/libevent-core-2.1-7_2.1.12-stable-8_arm64.deb [124276/124276] -> "/data/xspeed/share/platform/cessss/rootfs//var/cache/apt/archives/partial/libevent-core-2.1-7_2.1.12-stable-8_arm64.deb" [1]
2026-03-16 17:19:22 URL:http://deb.debian.org/debian/pool/main/e/expat/libexpat1_2.5.0-1+deb12u2_arm64.deb [86280/86280] -> "/data/xspeed/share/platform/cessss/rootfs//var/cache/apt/archives/partial/libexpat1_2.5.0-1+deb12u2_arm64.deb" [1]
2026-03-16 17:19:22 URL:http://deb.debian.org/debian/pool/main/e/e2fsprogs/libext2fs2_1.47.0-2+b2_arm64.deb [196824/196824] -> "/data/xspeed/share/platform/cessss/rootfs//var/cache/apt/archives/partial/libext2fs2_1.47.0-2+b2_arm64.deb" [1]
2026-03-16 17:19:23 URL:http://deb.debian.org/debian/pool/main/libf/libffi/libffi8_3.4.4-1_arm64.deb [20492/20492] -> "/data/xspeed/share/platform/cessss/rootfs//var/cache/apt/archives/partial/libffi8_3.4.4-1_arm64.deb" [1]
2026-03-16 17:19:23 URL:http://deb.debian.org/debian/pool/main/g/gcc-12/libgcc-s1_12.2.0-14+deb12u1_arm64.deb [34816/34816] -> "/data/xspeed/share/platform/cessss/rootfs//var/cache/apt/archives/partial/libgcc-s1_12.2.0-14+deb12u1_arm64.deb" [1]
2026-03-16 17:19:24 URL:http://deb.debian.org/debian/pool/main/libg/libgcrypt20/libgcrypt20_1.10.1-3_arm64.deb [619896/619896] -> "/data/xspeed/share/platform/cessss/rootfs//var/cache/apt/archives/partial/libgcrypt20_1.10.1-3_arm64.deb" [1]
2026-03-16 17:19:24 URL:http://deb.debian.org/debian/pool/main/g/gmp/libgmp10_6.2.1+dfsg1-1.1_arm64.deb [537920/537920] -> "/data/xspeed/share/platform/cessss/rootfs//var/cache/apt/archives/partial/libgmp10_2%3a6.2.1+dfsg1-1.1_arm64.deb" [1]
2026-03-16 17:19:25 URL:http://deb.debian.org/debian/pool/main/g/gnutls28/libgnutls30_3.7.9-2+deb12u5_arm64.deb [1313592/1313592] -> "/data/xspeed/share/platform/cessss/rootfs//var/cache/apt/archives/partial/libgnutls30_3.7.9-2+deb12u5_arm64.deb" [1]
2026-03-16 17:19:25 URL:http://deb.debian.org/debian/pool/main/libg/libgpg-error/libgpg-error0_1.46-1_arm64.deb [72764/72764] -> "/data/xspeed/share/platform/cessss/rootfs//var/cache/apt/archives/partial/libgpg-error0_1.46-1_arm64.deb" [1]
2026-03-16 17:19:26 URL:http://deb.debian.org/debian/pool/main/k/krb5/libgssapi-krb5-2_1.20.1-2+deb12u4_arm64.deb [124204/124204] -> "/data/xspeed/share/platform/cessss/rootfs//var/cache/apt/archives/partial/libgssapi-krb5-2_1.20.1-2+deb12u4_arm64.deb" [1]
2026-03-16 17:19:26 URL:http://deb.debian.org/debian/pool/main/n/nettle/libhogweed6_3.8.1-2_arm64.deb [323840/323840] -> "/data/xspeed/share/platform/cessss/rootfs//var/cache/apt/archives/partial/libhogweed6_3.8.1-2_arm64.deb" [1]
2026-03-16 17:19:27 URL:http://deb.debian.org/debian/pool/main/libi/libidn2/libidn2-0_2.3.3-1+b1_arm64.deb [122396/122396] -> "/data/xspeed/share/platform/cessss/rootfs//var/cache/apt/archives/partial/libidn2-0_2.3.3-1+b1_arm64.deb" [1]
2026-03-16 17:19:27 URL:http://deb.debian.org/debian/pool/main/k/krb5/libk5crypto3_1.20.1-2+deb12u4_arm64.deb [80248/80248] -> "/data/xspeed/share/platform/cessss/rootfs//var/cache/apt/archives/partial/libk5crypto3_1.20.1-2+deb12u4_arm64.deb" [1]
2026-03-16 17:19:27 URL:http://deb.debian.org/debian/pool/main/k/keyutils/libkeyutils1_1.6.3-2_arm64.deb [8844/8844] -> "/data/xspeed/share/platform/cessss/rootfs//var/cache/apt/archives/partial/libkeyutils1_1.6.3-2_arm64.deb" [1]
2026-03-16 17:19:28 URL:http://deb.debian.org/debian/pool/main/k/krb5/libkrb5-3_1.20.1-2+deb12u4_arm64.deb [313652/313652] -> "/data/xspeed/share/platform/cessss/rootfs//var/cache/apt/archives/partial/libkrb5-3_1.20.1-2+deb12u4_arm64.deb" [1]
2026-03-16 17:19:28 URL:http://deb.debian.org/debian/pool/main/k/krb5/libkrb5support0_1.20.1-2+deb12u4_arm64.deb [32492/32492] -> "/data/xspeed/share/platform/cessss/rootfs//var/cache/apt/archives/partial/libkrb5support0_1.20.1-2+deb12u4_arm64.deb" [1]
2026-03-16 17:19:28 URL:http://deb.debian.org/debian/pool/main/o/openldap/libldap-2.5-0_2.5.13+dfsg-5_arm64.deb [170832/170832] -> "/data/xspeed/share/platform/cessss/rootfs//var/cache/apt/archives/partial/libldap-2.5-0_2.5.13+dfsg-5_arm64.deb" [1]
2026-03-16 17:19:28 URL:http://deb.debian.org/debian/pool/main/l/lz4/liblz4-1_1.9.4-1_arm64.deb [59808/59808] -> "/data/xspeed/share/platform/cessss/rootfs//var/cache/apt/archives/partial/liblz4-1_1.9.4-1_arm64.deb" [1]
2026-03-16 17:19:29 URL:http://deb.debian.org/debian/pool/main/x/xz-utils/liblzma5_5.4.1-1_arm64.deb [198896/198896] -> "/data/xspeed/share/platform/cessss/rootfs//var/cache/apt/archives/partial/liblzma5_5.4.1-1_arm64.deb" [1]
2026-03-16 17:19:29 URL:http://deb.debian.org/debian/pool/main/libm/libmd/libmd0_1.0.4-2_arm64.deb [29400/29400] -> "/data/xspeed/share/platform/cessss/rootfs//var/cache/apt/archives/partial/libmd0_1.0.4-2_arm64.deb" [1]
2026-03-16 17:19:29 URL:http://deb.debian.org/debian/pool/main/u/util-linux/libmount1_2.38.1-5+deb12u3_arm64.deb [159936/159936] -> "/data/xspeed/share/platform/cessss/rootfs//var/cache/apt/archives/partial/libmount1_2.38.1-5+deb12u3_arm64.deb" [1]
2026-03-16 17:19:30 URL:http://deb.debian.org/debian/pool/main/n/ncurses/libncursesw6_6.4-4_arm64.deb [121688/121688] -> "/data/xspeed/share/platform/cessss/rootfs//var/cache/apt/archives/partial/libncursesw6_6.4-4_arm64.deb" [1]
2026-03-16 17:19:30 URL:http://deb.debian.org/debian/pool/main/n/nettle/libnettle8_3.8.1-2_arm64.deb [293748/293748] -> "/data/xspeed/share/platform/cessss/rootfs//var/cache/apt/archives/partial/libnettle8_3.8.1-2_arm64.deb" [1]
2026-03-16 17:19:31 URL:http://deb.debian.org/debian/pool/main/n/nfs-utils/libnfsidmap1_2.6.2-4+deb12u1_arm64.deb [52344/52344] -> "/data/xspeed/share/platform/cessss/rootfs//var/cache/apt/archives/partial/libnfsidmap1_1%3a2.6.2-4+deb12u1_arm64.deb" [1]
2026-03-16 17:19:32 URL:http://deb.debian.org/debian/pool/main/libn/libnsl/libnsl2_1.3.0-2_arm64.deb [36908/36908] -> "/data/xspeed/share/platform/cessss/rootfs//var/cache/apt/archives/partial/libnsl2_1.3.0-2_arm64.deb" [1]
2026-03-16 17:19:32 URL:http://deb.debian.org/debian/pool/main/n/ntfs-3g/libntfs-3g89_2022.10.3-1+deb12u2_arm64.deb [149252/149252] -> "/data/xspeed/share/platform/cessss/rootfs//var/cache/apt/archives/partial/libntfs-3g89_1%3a2022.10.3-1+deb12u2_arm64.deb" [1]
2026-03-16 17:19:33 URL:http://deb.debian.org/debian/pool/main/p/p11-kit/libp11-kit0_0.24.1-2_arm64.deb [326552/326552] -> "/data/xspeed/share/platform/cessss/rootfs//var/cache/apt/archives/partial/libp11-kit0_0.24.1-2_arm64.deb" [1]
2026-03-16 17:19:33 URL:http://deb.debian.org/debian/pool/main/p/pam/libpam-modules_1.5.2-6+deb12u2_arm64.deb [285848/285848] -> "/data/xspeed/share/platform/cessss/rootfs//var/cache/apt/archives/partial/libpam-modules_1.5.2-6+deb12u2_arm64.deb" [1]
2026-03-16 17:19:33 URL:http://deb.debian.org/debian/pool/main/p/pam/libpam-modules-bin_1.5.2-6+deb12u2_arm64.deb [74980/74980] -> "/data/xspeed/share/platform/cessss/rootfs//var/cache/apt/archives/partial/libpam-modules-bin_1.5.2-6+deb12u2_arm64.deb" [1]
2026-03-16 17:19:33 URL:http://deb.debian.org/debian/pool/main/p/pam/libpam-runtime_1.5.2-6+deb12u2_all.deb [160936/160936] -> "/data/xspeed/share/platform/cessss/rootfs//var/cache/apt/archives/partial/libpam-runtime_1.5.2-6+deb12u2_all.deb" [1]
2026-03-16 17:19:34 URL:http://deb.debian.org/debian/pool/main/p/pam/libpam0g_1.5.2-6+deb12u2_arm64.deb [90876/90876] -> "/data/xspeed/share/platform/cessss/rootfs//var/cache/apt/archives/partial/libpam0g_1.5.2-6+deb12u2_arm64.deb" [1]
2026-03-16 17:19:34 URL:http://deb.debian.org/debian/pool/main/p/pcre2/libpcre2-8-0_10.42-1_arm64.deb [230728/230728] -> "/data/xspeed/share/platform/cessss/rootfs//var/cache/apt/archives/partial/libpcre2-8-0_10.42-1_arm64.deb" [1]
2026-03-16 17:19:35 URL:http://deb.debian.org/debian/pool/main/p/popt/libpopt0_1.19+dfsg-1_arm64.deb [42032/42032] -> "/data/xspeed/share/platform/cessss/rootfs//var/cache/apt/archives/partial/libpopt0_1.19+dfsg-1_arm64.deb" [1]
2026-03-16 17:19:35 URL:http://deb.debian.org/debian/pool/main/p/python3-defaults/libpython3-stdlib_3.11.2-1+b1_arm64.deb [9296/9296] -> "/data/xspeed/share/platform/cessss/rootfs//var/cache/apt/archives/partial/libpython3-stdlib_3.11.2-1+b1_arm64.deb" [1]
2026-03-16 17:19:35 URL:http://deb.debian.org/debian/pool/main/p/python3.11/libpython3.11-minimal_3.11.2-6+deb12u6_arm64.deb [809632/809632] -> "/data/xspeed/share/platform/cessss/rootfs//var/cache/apt/archives/partial/libpython3.11-minimal_3.11.2-6+deb12u6_arm64.deb" [1]
2026-03-16 17:19:38 URL:http://deb.debian.org/debian/pool/main/p/python3.11/libpython3.11-stdlib_3.11.2-6+deb12u6_arm64.deb [1746304/1746304] -> "/data/xspeed/share/platform/cessss/rootfs//var/cache/apt/archives/partial/libpython3.11-stdlib_3.11.2-6+deb12u6_arm64.deb" [1]
2026-03-16 17:19:38 URL:http://deb.debian.org/debian/pool/main/r/readline/libreadline8_8.2-1.3_arm64.deb [154776/154776] -> "/data/xspeed/share/platform/cessss/rootfs//var/cache/apt/archives/partial/libreadline8_8.2-1.3_arm64.deb" [1]
2026-03-16 17:19:39 URL:http://deb.debian.org/debian/pool/main/c/cyrus-sasl2/libsasl2-2_2.1.28+dfsg-10_arm64.deb [58016/58016] -> "/data/xspeed/share/platform/cessss/rootfs//var/cache/apt/archives/partial/libsasl2-2_2.1.28+dfsg-10_arm64.deb" [1]
2026-03-16 17:19:39 URL:http://deb.debian.org/debian/pool/main/c/cyrus-sasl2/libsasl2-modules-db_2.1.28+dfsg-10_arm64.deb [20820/20820] -> "/data/xspeed/share/platform/cessss/rootfs//var/cache/apt/archives/partial/libsasl2-modules-db_2.1.28+dfsg-10_arm64.deb" [1]
2026-03-16 17:19:40 URL:http://deb.debian.org/debian/pool/main/libs/libseccomp/libseccomp2_2.5.4-1+deb12u1_arm64.deb [45544/45544] -> "/data/xspeed/share/platform/cessss/rootfs//var/cache/apt/archives/partial/libseccomp2_2.5.4-1+deb12u1_arm64.deb" [1]
2026-03-16 17:19:40 URL:http://deb.debian.org/debian/pool/main/libs/libselinux/libselinux1_3.4-1+b6_arm64.deb [68800/68800] -> "/data/xspeed/share/platform/cessss/rootfs//var/cache/apt/archives/partial/libselinux1_3.4-1+b6_arm64.deb" [1]
2026-03-16 17:19:40 URL:http://deb.debian.org/debian/pool/main/libs/libsemanage/libsemanage-common_3.4-1_all.deb [21632/21632] -> "/data/xspeed/share/platform/cessss/rootfs//var/cache/apt/archives/partial/libsemanage-common_3.4-1_all.deb" [1]
2026-03-16 17:19:40 URL:http://deb.debian.org/debian/pool/main/libs/libsemanage/libsemanage2_3.4-1+b5_arm64.deb [82628/82628] -> "/data/xspeed/share/platform/cessss/rootfs//var/cache/apt/archives/partial/libsemanage2_3.4-1+b5_arm64.deb" [1]
2026-03-16 17:19:41 URL:http://deb.debian.org/debian/pool/main/libs/libsepol/libsepol2_3.4-2.1_arm64.deb [246968/246968] -> "/data/xspeed/share/platform/cessss/rootfs//var/cache/apt/archives/partial/libsepol2_3.4-2.1_arm64.deb" [1]
2026-03-16 17:19:41 URL:http://deb.debian.org/debian/pool/main/u/util-linux/libsmartcols1_2.38.1-5+deb12u3_arm64.deb [104304/104304] -> "/data/xspeed/share/platform/cessss/rootfs//var/cache/apt/archives/partial/libsmartcols1_2.38.1-5+deb12u3_arm64.deb" [1]
2026-03-16 17:19:42 URL:http://deb.debian.org/debian/pool/main/s/sqlite3/libsqlite3-0_3.40.1-2+deb12u2_arm64.deb [785596/785596] -> "/data/xspeed/share/platform/cessss/rootfs//var/cache/apt/archives/partial/libsqlite3-0_3.40.1-2+deb12u2_arm64.deb" [1]
2026-03-16 17:19:43 URL:http://deb.debian.org/debian/pool/main/e/e2fsprogs/libss2_1.47.0-2+b2_arm64.deb [24460/24460] -> "/data/xspeed/share/platform/cessss/rootfs//var/cache/apt/archives/partial/libss2_1.47.0-2+b2_arm64.deb" [1]
2026-03-16 17:19:43 URL:http://deb.debian.org/debian/pool/main/o/openssl/libssl3_3.0.18-1~deb12u1_arm64.deb [1817084/1817084] -> "/data/xspeed/share/platform/cessss/rootfs//var/cache/apt/archives/partial/libssl3_3.0.18-1~deb12u1_arm64.deb" [1]
2026-03-16 17:19:44 URL:http://deb.debian.org/debian/pool/main/g/gcc-12/libstdc++6_12.2.0-14+deb12u1_arm64.deb [556608/556608] -> "/data/xspeed/share/platform/cessss/rootfs//var/cache/apt/archives/partial/libstdc++6_12.2.0-14+deb12u1_arm64.deb" [1]
2026-03-16 17:19:44 URL:http://deb.debian.org/debian/pool/main/s/systemd/libsystemd0_252.39-1~deb12u1_arm64.deb [308252/308252] -> "/data/xspeed/share/platform/cessss/rootfs//var/cache/apt/archives/partial/libsystemd0_252.39-1~deb12u1_arm64.deb" [1]
2026-03-16 17:19:45 URL:http://deb.debian.org/debian/pool/main/libt/libtasn1-6/libtasn1-6_4.19.0-2+deb12u1_arm64.deb [46040/46040] -> "/data/xspeed/share/platform/cessss/rootfs//var/cache/apt/archives/partial/libtasn1-6_4.19.0-2+deb12u1_arm64.deb" [1]
2026-03-16 17:19:45 URL:http://deb.debian.org/debian/pool/main/n/ncurses/libtinfo6_6.4-4_arm64.deb [324548/324548] -> "/data/xspeed/share/platform/cessss/rootfs//var/cache/apt/archives/partial/libtinfo6_6.4-4_arm64.deb" [1]
2026-03-16 17:19:46 URL:http://deb.debian.org/debian/pool/main/libt/libtirpc/libtirpc-common_1.3.3+ds-1_all.deb [14048/14048] -> "/data/xspeed/share/platform/cessss/rootfs//var/cache/apt/archives/partial/libtirpc-common_1.3.3+ds-1_all.deb" [1]
2026-03-16 17:19:46 URL:http://deb.debian.org/debian/pool/main/libt/libtirpc/libtirpc3_1.3.3+ds-1_arm64.deb [80940/80940] -> "/data/xspeed/share/platform/cessss/rootfs//var/cache/apt/archives/partial/libtirpc3_1.3.3+ds-1_arm64.deb" [1]
2026-03-16 17:19:46 URL:http://deb.debian.org/debian/pool/main/s/systemd/libudev1_252.39-1~deb12u1_arm64.deb [102868/102868] -> "/data/xspeed/share/platform/cessss/rootfs//var/cache/apt/archives/partial/libudev1_252.39-1~deb12u1_arm64.deb" [1]
2026-03-16 17:19:47 URL:http://deb.debian.org/debian/pool/main/libu/libunistring/libunistring2_1.0-2_arm64.deb [422768/422768] -> "/data/xspeed/share/platform/cessss/rootfs//var/cache/apt/archives/partial/libunistring2_1.0-2_arm64.deb" [1]
2026-03-16 17:19:47 URL:http://deb.debian.org/debian/pool/main/u/util-linux/libuuid1_2.38.1-5+deb12u3_arm64.deb [28532/28532] -> "/data/xspeed/share/platform/cessss/rootfs//var/cache/apt/archives/partial/libuuid1_2.38.1-5+deb12u3_arm64.deb" [1]
2026-03-16 17:19:47 URL:http://deb.debian.org/debian/pool/main/t/tcp-wrappers/libwrap0_7.6.q-32_arm64.deb [54652/54652] -> "/data/xspeed/share/platform/cessss/rootfs//var/cache/apt/archives/partial/libwrap0_7.6.q-32_arm64.deb" [1]
2026-03-16 17:19:48 URL:http://deb.debian.org/debian/pool/main/x/xxhash/libxxhash0_0.8.1-1_arm64.deb [20452/20452] -> "/data/xspeed/share/platform/cessss/rootfs//var/cache/apt/archives/partial/libxxhash0_0.8.1-1_arm64.deb" [1]
2026-03-16 17:19:48 URL:http://deb.debian.org/debian/pool/main/libz/libzstd/libzstd1_1.5.4+dfsg2-5_arm64.deb [250548/250548] -> "/data/xspeed/share/platform/cessss/rootfs//var/cache/apt/archives/partial/libzstd1_1.5.4+dfsg2-5_arm64.deb" [1]
2026-03-16 17:19:48 URL:http://deb.debian.org/debian/pool/main/s/shadow/login_4.13+dfsg1-1+deb12u2_arm64.deb [613724/613724] -> "/data/xspeed/share/platform/cessss/rootfs//var/cache/apt/archives/partial/login_1%3a4.13+dfsg1-1+deb12u2_arm64.deb" [1]
2026-03-16 17:19:48 URL:http://deb.debian.org/debian/pool/main/e/e2fsprogs/logsave_1.47.0-2+b2_arm64.deb [19812/19812] -> "/data/xspeed/share/platform/cessss/rootfs//var/cache/apt/archives/partial/logsave_1.47.0-2+b2_arm64.deb" [1]
2026-03-16 17:19:49 URL:http://deb.debian.org/debian/pool/main/l/lsb/lsb-base_11.6_all.deb [4584/4584] -> "/data/xspeed/share/platform/cessss/rootfs//var/cache/apt/archives/partial/lsb-base_11.6_all.deb" [1]
2026-03-16 17:19:49 URL:http://deb.debian.org/debian/pool/main/m/mawk/mawk_1.3.4.20200120-3.1_arm64.deb [112492/112492] -> "/data/xspeed/share/platform/cessss/rootfs//var/cache/apt/archives/partial/mawk_1.3.4.20200120-3.1_arm64.deb" [1]
2026-03-16 17:19:49 URL:http://deb.debian.org/debian/pool/main/m/media-types/media-types_10.0.0_all.deb [26136/26136] -> "/data/xspeed/share/platform/cessss/rootfs//var/cache/apt/archives/partial/media-types_10.0.0_all.deb" [1]
2026-03-16 17:19:49 URL:http://deb.debian.org/debian/pool/main/u/util-linux/mount_2.38.1-5+deb12u3_arm64.deb [134288/134288] -> "/data/xspeed/share/platform/cessss/rootfs//var/cache/apt/archives/partial/mount_2.38.1-5+deb12u3_arm64.deb" [1]
2026-03-16 17:19:50 URL:http://deb.debian.org/debian/pool/main/n/ncurses/ncurses-base_6.4-4_all.deb [261308/261308] -> "/data/xspeed/share/platform/cessss/rootfs//var/cache/apt/archives/partial/ncurses-base_6.4-4_all.deb" [1]
2026-03-16 17:19:50 URL:http://deb.debian.org/debian/pool/main/n/ncurses/ncurses-bin_6.4-4_arm64.deb [416076/416076] -> "/data/xspeed/share/platform/cessss/rootfs//var/cache/apt/archives/partial/ncurses-bin_6.4-4_arm64.deb" [1]
2026-03-16 17:19:50 URL:http://deb.debian.org/debian/pool/main/n/net-tools/net-tools_2.10-0.1+deb12u2_arm64.deb [241504/241504] -> "/data/xspeed/share/platform/cessss/rootfs//var/cache/apt/archives/partial/net-tools_2.10-0.1+deb12u2_arm64.deb" [1]
2026-03-16 17:19:51 URL:http://deb.debian.org/debian/pool/main/n/nfs-utils/nfs-common_2.6.2-4+deb12u1_arm64.deb [251280/251280] -> "/data/xspeed/share/platform/cessss/rootfs//var/cache/apt/archives/partial/nfs-common_1%3a2.6.2-4+deb12u1_arm64.deb" [1]
2026-03-16 17:19:52 URL:http://deb.debian.org/debian/pool/main/p/partclone/partclone_0.3.23+repack-1_arm64.deb [662040/662040] -> "/data/xspeed/share/platform/cessss/rootfs//var/cache/apt/archives/partial/partclone_0.3.23+repack-1_arm64.deb" [1]
2026-03-16 17:19:52 URL:http://deb.debian.org/debian/pool/main/s/shadow/passwd_4.13+dfsg1-1+deb12u2_arm64.deb [947048/947048] -> "/data/xspeed/share/platform/cessss/rootfs//var/cache/apt/archives/partial/passwd_1%3a4.13+dfsg1-1+deb12u2_arm64.deb" [1]
2026-03-16 17:19:52 URL:http://deb.debian.org/debian/pool/main/p/perl/perl-base_5.36.0-7+deb12u3_arm64.deb [1475288/1475288] -> "/data/xspeed/share/platform/cessss/rootfs//var/cache/apt/archives/partial/perl-base_5.36.0-7+deb12u3_arm64.deb" [1]
2026-03-16 17:19:53 URL:http://deb.debian.org/debian/pool/main/p/python3-defaults/python3_3.11.2-1+b1_arm64.deb [26284/26284] -> "/data/xspeed/share/platform/cessss/rootfs//var/cache/apt/archives/partial/python3_3.11.2-1+b1_arm64.deb" [1]
2026-03-16 17:19:54 URL:http://deb.debian.org/debian/pool/main/p/python3-defaults/python3-minimal_3.11.2-1+b1_arm64.deb [26296/26296] -> "/data/xspeed/share/platform/cessss/rootfs//var/cache/apt/archives/partial/python3-minimal_3.11.2-1+b1_arm64.deb" [1]
2026-03-16 17:19:54 URL:http://deb.debian.org/debian/pool/main/p/python3.11/python3.11_3.11.2-6+deb12u6_arm64.deb [573328/573328] -> "/data/xspeed/share/platform/cessss/rootfs//var/cache/apt/archives/partial/python3.11_3.11.2-6+deb12u6_arm64.deb" [1]
2026-03-16 17:19:55 URL:http://deb.debian.org/debian/pool/main/p/python3.11/python3.11-minimal_3.11.2-6+deb12u6_arm64.deb [1859096/1859096] -> "/data/xspeed/share/platform/cessss/rootfs//var/cache/apt/archives/partial/python3.11-minimal_3.11.2-6+deb12u6_arm64.deb" [1]
2026-03-16 17:19:55 URL:http://deb.debian.org/debian/pool/main/r/readline/readline-common_8.2-1.3_all.deb [68988/68988] -> "/data/xspeed/share/platform/cessss/rootfs//var/cache/apt/archives/partial/readline-common_8.2-1.3_all.deb" [1]
2026-03-16 17:19:56 URL:http://deb.debian.org/debian/pool/main/r/rpcbind/rpcbind_1.2.6-6+b1_arm64.deb [46144/46144] -> "/data/xspeed/share/platform/cessss/rootfs//var/cache/apt/archives/partial/rpcbind_1.2.6-6+b1_arm64.deb" [1]
2026-03-16 17:19:56 URL:http://deb.debian.org/debian/pool/main/s/sed/sed_4.9-1_arm64.deb [323532/323532] -> "/data/xspeed/share/platform/cessss/rootfs//var/cache/apt/archives/partial/sed_4.9-1_arm64.deb" [1]
2026-03-16 17:19:57 URL:http://deb.debian.org/debian/pool/main/s/sensible-utils/sensible-utils_0.0.17+nmu1_all.deb [19020/19020] -> "/data/xspeed/share/platform/cessss/rootfs//var/cache/apt/archives/partial/sensible-utils_0.0.17+nmu1_all.deb" [1]
2026-03-16 17:19:57 URL:http://deb.debian.org/debian/pool/main/s/sysvinit/sysvinit-utils_3.06-4_arm64.deb [30704/30704] -> "/data/xspeed/share/platform/cessss/rootfs//var/cache/apt/archives/partial/sysvinit-utils_3.06-4_arm64.deb" [1]
2026-03-16 17:19:57 URL:http://deb.debian.org/debian/pool/main/t/tar/tar_1.34+dfsg-1.2+deb12u1_arm64.deb [817696/817696] -> "/data/xspeed/share/platform/cessss/rootfs//var/cache/apt/archives/partial/tar_1.34+dfsg-1.2+deb12u1_arm64.deb" [1]
2026-03-16 17:19:58 URL:http://deb.debian.org/debian/pool/main/t/tzdata/tzdata_2025b-0+deb12u2_all.deb [299756/299756] -> "/data/xspeed/share/platform/cessss/rootfs//var/cache/apt/archives/partial/tzdata_2025b-0+deb12u2_all.deb" [1]
2026-03-16 17:19:58 URL:http://deb.debian.org/debian/pool/main/u/ucf/ucf_3.0043+nmu1+deb12u1_all.deb [55312/55312] -> "/data/xspeed/share/platform/cessss/rootfs//var/cache/apt/archives/partial/ucf_3.0043+nmu1+deb12u1_all.deb" [1]
2026-03-16 17:19:58 URL:http://deb.debian.org/debian/pool/main/u/usrmerge/usr-is-merged_37~deb12u1_all.deb [5616/5616] -> "/data/xspeed/share/platform/cessss/rootfs//var/cache/apt/archives/partial/usr-is-merged_37~deb12u1_all.deb" [1]
2026-03-16 17:19:59 URL:http://deb.debian.org/debian/pool/main/u/util-linux/util-linux_2.38.1-5+deb12u3_arm64.deb [1143484/1143484] -> "/data/xspeed/share/platform/cessss/rootfs//var/cache/apt/archives/partial/util-linux_2.38.1-5+deb12u3_arm64.deb" [1]
2026-03-16 17:19:59 URL:http://deb.debian.org/debian/pool/main/u/util-linux/util-linux-extra_2.38.1-5+deb12u3_arm64.deb [111916/111916] -> "/data/xspeed/share/platform/cessss/rootfs//var/cache/apt/archives/partial/util-linux-extra_2.38.1-5+deb12u3_arm64.deb" [1]
2026-03-16 17:20:00 URL:http://deb.debian.org/debian/pool/main/z/zlib/zlib1g_1.2.13.dfsg-1_arm64.deb [82744/82744] -> "/data/xspeed/share/platform/cessss/rootfs//var/cache/apt/archives/partial/zlib1g_1%3a1.2.13.dfsg-1_arm64.deb" [1]
dpkg: warning: parsing file '/var/lib/dpkg/status' near line 5 package 'dpkg':
 missing 'Description' field
dpkg: warning: parsing file '/var/lib/dpkg/status' near line 5 package 'dpkg':
 missing 'Architecture' field
Selecting previously unselected package base-passwd.
(Reading database ... 0 files and directories currently installed.)
Preparing to unpack .../base-passwd_3.6.1_arm64.deb ...
Unpacking base-passwd (3.6.1) ...
dpkg: base-passwd: dependency problems, but configuring anyway as you requested:
 base-passwd depends on libc6 (>= 2.34); however:
  Package libc6 is not installed.
 base-passwd depends on libdebconfclient0 (>= 0.145); however:
  Package libdebconfclient0 is not installed.
 base-passwd depends on libselinux1 (>= 3.1~); however:
  Package libselinux1 is not installed.

Setting up base-passwd (3.6.1) ...
dpkg: warning: parsing file '/var/lib/dpkg/status' near line 24 package 'dpkg':
 missing 'Description' field
dpkg: warning: parsing file '/var/lib/dpkg/status' near line 24 package 'dpkg':
 missing 'Architecture' field
Selecting previously unselected package base-files.
dpkg: regarding .../base-files_12.4+deb12u13_arm64.deb containing base-files, pre-dependency problem:
 base-files pre-depends on awk
  awk is not installed.

dpkg: warning: ignoring pre-dependency problem!
(Reading database ... 41 files and directories currently installed.)
Preparing to unpack .../base-files_12.4+deb12u13_arm64.deb ...
Unpacking base-files (12.4+deb12u13) ...
dpkg: base-files: dependency problems, but configuring anyway as you requested:
 base-files depends on awk; however:
  Package awk is not installed.

Setting up base-files (12.4+deb12u13) ...
dpkg: warning: parsing file '/var/lib/dpkg/status' near line 51 package 'dpkg':
 missing 'Description' field
dpkg: warning: parsing file '/var/lib/dpkg/status' near line 51 package 'dpkg':
 missing 'Architecture' field
dpkg: regarding .../dpkg_1.21.22_arm64.deb containing dpkg, pre-dependency problem:
 dpkg pre-depends on libbz2-1.0
  libbz2-1.0 is not installed.

dpkg: warning: ignoring pre-dependency problem!
dpkg: regarding .../dpkg_1.21.22_arm64.deb containing dpkg, pre-dependency problem:
 dpkg pre-depends on libc6 (>= 2.34)
  libc6 is not installed.

dpkg: warning: ignoring pre-dependency problem!
dpkg: regarding .../dpkg_1.21.22_arm64.deb containing dpkg, pre-dependency problem:
 dpkg pre-depends on liblzma5 (>= 5.4.0)
  liblzma5 is not installed.

dpkg: warning: ignoring pre-dependency problem!
dpkg: regarding .../dpkg_1.21.22_arm64.deb containing dpkg, pre-dependency problem:
 dpkg pre-depends on libmd0 (>= 0.0.0)
  libmd0 is not installed.

dpkg: warning: ignoring pre-dependency problem!
dpkg: regarding .../dpkg_1.21.22_arm64.deb containing dpkg, pre-dependency problem:
 dpkg pre-depends on libselinux1 (>= 3.1~)
  libselinux1 is not installed.

dpkg: warning: ignoring pre-dependency problem!
dpkg: regarding .../dpkg_1.21.22_arm64.deb containing dpkg, pre-dependency problem:
 dpkg pre-depends on libzstd1 (>= 1.5.2)
  libzstd1 is not installed.

dpkg: warning: ignoring pre-dependency problem!
dpkg: regarding .../dpkg_1.21.22_arm64.deb containing dpkg, pre-dependency problem:
 dpkg pre-depends on zlib1g (>= 1:1.1.4)
  zlib1g is not installed.

dpkg: warning: ignoring pre-dependency problem!
(Reading database ... 121 files and directories currently installed.)
Preparing to unpack .../dpkg_1.21.22_arm64.deb ...
Unpacking dpkg (1.21.22) over (1.21.22) ...
dpkg: dpkg: dependency problems, but configuring anyway as you requested:
 dpkg depends on libbz2-1.0; however:
  Package libbz2-1.0 is not installed.
 dpkg depends on libc6 (>= 2.34); however:
  Package libc6 is not installed.
 dpkg depends on liblzma5 (>= 5.4.0); however:
  Package liblzma5 is not installed.
 dpkg depends on libmd0 (>= 0.0.0); however:
  Package libmd0 is not installed.
 dpkg depends on libselinux1 (>= 3.1~); however:
  Package libselinux1 is not installed.
 dpkg depends on libzstd1 (>= 1.5.2); however:
  Package libzstd1 is not installed.
 dpkg depends on zlib1g (>= 1:1.1.4); however:
  Package zlib1g is not installed.
 dpkg depends on tar (>= 1.28-1); however:
  Package tar is not installed.

Setting up dpkg (1.21.22) ...
Selecting previously unselected package libc6:arm64.
(Reading database ... 420 files and directories currently installed.)
Preparing to unpack .../libc6_2.36-9+deb12u13_arm64.deb ...
Unpacking libc6:arm64 (2.36-9+deb12u13) ...
dpkg: libc6:arm64: dependency problems, but configuring anyway as you requested:
 libc6:arm64 depends on libgcc-s1; however:
  Package libgcc-s1 is not installed.

Setting up libc6:arm64 (2.36-9+deb12u13) ...
Selecting previously unselected package perl-base.
dpkg: regarding .../perl-base_5.36.0-7+deb12u3_arm64.deb containing perl-base, pre-dependency problem:
 perl-base pre-depends on libcrypt1 (>= 1:4.1.0)
  libcrypt1 is not installed.

dpkg: warning: ignoring pre-dependency problem!
(Reading database ... 711 files and directories currently installed.)
Preparing to unpack .../perl-base_5.36.0-7+deb12u3_arm64.deb ...
Unpacking perl-base (5.36.0-7+deb12u3) ...
dpkg: perl-base: dependency problems, but configuring anyway as you requested:
 perl-base depends on libcrypt1 (>= 1:4.1.0); however:
  Package libcrypt1 is not installed.

Setting up perl-base (5.36.0-7+deb12u3) ...
Selecting previously unselected package mawk.
(Reading database ... 1439 files and directories currently installed.)
Preparing to unpack .../mawk_1.3.4.20200120-3.1_arm64.deb ...
Unpacking mawk (1.3.4.20200120-3.1) ...
Setting up mawk (1.3.4.20200120-3.1) ...
update-alternatives: using /usr/bin/mawk to provide /usr/bin/awk (awk) in auto mode
Selecting previously unselected package adduser.
(Reading database ... 1458 files and directories currently installed.)
Preparing to unpack .../archives/adduser_3.134_all.deb ...
Unpacking adduser (3.134) ...
Selecting previously unselected package apt.
Preparing to unpack .../archives/apt_2.6.1_arm64.deb ...
Unpacking apt (2.6.1) ...
Preparing to unpack .../base-files_12.4+deb12u13_arm64.deb ...
Unpacking base-files (12.4+deb12u13) over (12.4+deb12u13) ...
Preparing to unpack .../base-passwd_3.6.1_arm64.deb ...
Unpacking base-passwd (3.6.1) over (3.6.1) ...
Selecting previously unselected package bash.
dpkg: regarding .../bash_5.2.15-2+b10_arm64.deb containing bash, pre-dependency problem:
 bash pre-depends on libtinfo6 (>= 6)
  libtinfo6 is not installed.

dpkg: warning: ignoring pre-dependency problem!
Preparing to unpack .../bash_5.2.15-2+b10_arm64.deb ...
Unpacking bash (5.2.15-2+b10) ...
Selecting previously unselected package bsdutils.
dpkg: regarding .../bsdutils_1%3a2.38.1-5+deb12u3_arm64.deb containing bsdutils, pre-dependency problem:
 bsdutils pre-depends on libsystemd0
  libsystemd0 is not installed.

dpkg: warning: ignoring pre-dependency problem!
Preparing to unpack .../bsdutils_1%3a2.38.1-5+deb12u3_arm64.deb ...
Unpacking bsdutils (1:2.38.1-5+deb12u3) ...
Selecting previously unselected package coreutils.
dpkg: regarding .../coreutils_9.1-1_arm64.deb containing coreutils, pre-dependency problem:
 coreutils pre-depends on libacl1 (>= 2.2.23)
  libacl1 is not installed.

dpkg: warning: ignoring pre-dependency problem!
dpkg: regarding .../coreutils_9.1-1_arm64.deb containing coreutils, pre-dependency problem:
 coreutils pre-depends on libattr1 (>= 1:2.4.44)
  libattr1 is not installed.

dpkg: warning: ignoring pre-dependency problem!
dpkg: regarding .../coreutils_9.1-1_arm64.deb containing coreutils, pre-dependency problem:
 coreutils pre-depends on libgmp10 (>= 2:6.2.1+dfsg1)
  libgmp10 is not installed.

dpkg: warning: ignoring pre-dependency problem!
dpkg: regarding .../coreutils_9.1-1_arm64.deb containing coreutils, pre-dependency problem:
 coreutils pre-depends on libselinux1 (>= 3.1~)
  libselinux1 is not installed.

dpkg: warning: ignoring pre-dependency problem!
Preparing to unpack .../coreutils_9.1-1_arm64.deb ...
Unpacking coreutils (9.1-1) ...
Selecting previously unselected package dash.
Preparing to unpack .../dash_0.5.12-2_arm64.deb ...
Unpacking dash (0.5.12-2) ...
Selecting previously unselected package debconf.
Preparing to unpack .../debconf_1.5.82_all.deb ...
Unpacking debconf (1.5.82) ...
Selecting previously unselected package debian-archive-keyring.
Preparing to unpack .../debian-archive-keyring_2023.3+deb12u2_all.deb ...
Unpacking debian-archive-keyring (2023.3+deb12u2) ...
Selecting previously unselected package debianutils.
Preparing to unpack .../debianutils_5.7-0.5~deb12u1_arm64.deb ...
Unpacking debianutils (5.7-0.5~deb12u1) ...
Selecting previously unselected package diffutils.
Preparing to unpack .../diffutils_1%3a3.8-4_arm64.deb ...
Unpacking diffutils (1:3.8-4) ...
dpkg: regarding .../dpkg_1.21.22_arm64.deb containing dpkg, pre-dependency problem:
 dpkg pre-depends on libbz2-1.0
  libbz2-1.0 is not installed.

dpkg: warning: ignoring pre-dependency problem!
dpkg: regarding .../dpkg_1.21.22_arm64.deb containing dpkg, pre-dependency problem:
 dpkg pre-depends on liblzma5 (>= 5.4.0)
  liblzma5 is not installed.

dpkg: warning: ignoring pre-dependency problem!
dpkg: regarding .../dpkg_1.21.22_arm64.deb containing dpkg, pre-dependency problem:
 dpkg pre-depends on libmd0 (>= 0.0.0)
  libmd0 is not installed.

dpkg: warning: ignoring pre-dependency problem!
dpkg: regarding .../dpkg_1.21.22_arm64.deb containing dpkg, pre-dependency problem:
 dpkg pre-depends on libselinux1 (>= 3.1~)
  libselinux1 is not installed.

dpkg: warning: ignoring pre-dependency problem!
dpkg: regarding .../dpkg_1.21.22_arm64.deb containing dpkg, pre-dependency problem:
 dpkg pre-depends on libzstd1 (>= 1.5.2)
  libzstd1 is not installed.

dpkg: warning: ignoring pre-dependency problem!
dpkg: regarding .../dpkg_1.21.22_arm64.deb containing dpkg, pre-dependency problem:
 dpkg pre-depends on zlib1g (>= 1:1.1.4)
  zlib1g is not installed.

dpkg: warning: ignoring pre-dependency problem!
Preparing to unpack .../dpkg_1.21.22_arm64.deb ...
Unpacking dpkg (1.21.22) over (1.21.22) ...
Selecting previously unselected package e2fsprogs.
dpkg: regarding .../e2fsprogs_1.47.0-2+b2_arm64.deb containing e2fsprogs, pre-dependency problem:
 e2fsprogs pre-depends on libblkid1 (>= 2.36)
  libblkid1 is not installed.

dpkg: warning: ignoring pre-dependency problem!
dpkg: regarding .../e2fsprogs_1.47.0-2+b2_arm64.deb containing e2fsprogs, pre-dependency problem:
 e2fsprogs pre-depends on libcom-err2 (>= 1.43.9)
  libcom-err2 is not installed.

dpkg: warning: ignoring pre-dependency problem!
dpkg: regarding .../e2fsprogs_1.47.0-2+b2_arm64.deb containing e2fsprogs, pre-dependency problem:
 e2fsprogs pre-depends on libext2fs2 (= 1.47.0-2+b2)
  libext2fs2 is not installed.

dpkg: warning: ignoring pre-dependency problem!
dpkg: regarding .../e2fsprogs_1.47.0-2+b2_arm64.deb containing e2fsprogs, pre-dependency problem:
 e2fsprogs pre-depends on libss2 (>= 1.38)
  libss2 is not installed.

dpkg: warning: ignoring pre-dependency problem!
dpkg: regarding .../e2fsprogs_1.47.0-2+b2_arm64.deb containing e2fsprogs, pre-dependency problem:
 e2fsprogs pre-depends on libuuid1 (>= 2.16)
  libuuid1 is not installed.

dpkg: warning: ignoring pre-dependency problem!
Preparing to unpack .../e2fsprogs_1.47.0-2+b2_arm64.deb ...
Unpacking e2fsprogs (1.47.0-2+b2) ...
Selecting previously unselected package findutils.
dpkg: regarding .../findutils_4.9.0-4_arm64.deb containing findutils, pre-dependency problem:
 findutils pre-depends on libselinux1 (>= 3.1~)
  libselinux1 is not installed.

dpkg: warning: ignoring pre-dependency problem!
Preparing to unpack .../findutils_4.9.0-4_arm64.deb ...
Unpacking findutils (4.9.0-4) ...
Selecting previously unselected package gcc-12-base:arm64.
Preparing to unpack .../gcc-12-base_12.2.0-14+deb12u1_arm64.deb ...
Unpacking gcc-12-base:arm64 (12.2.0-14+deb12u1) ...
Selecting previously unselected package gpgv.
Preparing to unpack .../gpgv_2.2.40-1.1+deb12u2_arm64.deb ...
Unpacking gpgv (2.2.40-1.1+deb12u2) ...
Selecting previously unselected package grep.
dpkg: regarding .../archives/grep_3.8-5_arm64.deb containing grep, pre-dependency problem:
 grep pre-depends on libpcre2-8-0 (>= 10.32)
  libpcre2-8-0 is not installed.

dpkg: warning: ignoring pre-dependency problem!
Preparing to unpack .../archives/grep_3.8-5_arm64.deb ...
Unpacking grep (3.8-5) ...
Selecting previously unselected package gzip.
Preparing to unpack .../archives/gzip_1.12-1_arm64.deb ...
Unpacking gzip (1.12-1) ...
Selecting previously unselected package hostname.
Preparing to unpack .../hostname_3.23+nmu1_arm64.deb ...
Unpacking hostname (3.23+nmu1) ...
Selecting previously unselected package init-system-helpers.
Preparing to unpack .../init-system-helpers_1.65.2+deb12u1_all.deb ...
Unpacking init-system-helpers (1.65.2+deb12u1) ...
Selecting previously unselected package libacl1:arm64.
Preparing to unpack .../libacl1_2.3.1-3_arm64.deb ...
Unpacking libacl1:arm64 (2.3.1-3) ...
Selecting previously unselected package libapt-pkg6.0:arm64.
Preparing to unpack .../libapt-pkg6.0_2.6.1_arm64.deb ...
Unpacking libapt-pkg6.0:arm64 (2.6.1) ...
Selecting previously unselected package libattr1:arm64.
Preparing to unpack .../libattr1_1%3a2.5.1-4_arm64.deb ...
Unpacking libattr1:arm64 (1:2.5.1-4) ...
Selecting previously unselected package libaudit-common.
Preparing to unpack .../libaudit-common_1%3a3.0.9-1_all.deb ...
Unpacking libaudit-common (1:3.0.9-1) ...
Selecting previously unselected package libaudit1:arm64.
Preparing to unpack .../libaudit1_1%3a3.0.9-1_arm64.deb ...
Unpacking libaudit1:arm64 (1:3.0.9-1) ...
Selecting previously unselected package libblkid1:arm64.
Preparing to unpack .../libblkid1_2.38.1-5+deb12u3_arm64.deb ...
Unpacking libblkid1:arm64 (2.38.1-5+deb12u3) ...
Selecting previously unselected package libbz2-1.0:arm64.
Preparing to unpack .../libbz2-1.0_1.0.8-5+b1_arm64.deb ...
Unpacking libbz2-1.0:arm64 (1.0.8-5+b1) ...
Selecting previously unselected package libc-bin.
Preparing to unpack .../libc-bin_2.36-9+deb12u13_arm64.deb ...
Unpacking libc-bin (2.36-9+deb12u13) ...
Preparing to unpack .../libc6_2.36-9+deb12u13_arm64.deb ...
Unpacking libc6:arm64 (2.36-9+deb12u13) over (2.36-9+deb12u13) ...
Selecting previously unselected package libcap-ng0:arm64.
Preparing to unpack .../libcap-ng0_0.8.3-1+b3_arm64.deb ...
Unpacking libcap-ng0:arm64 (0.8.3-1+b3) ...
Selecting previously unselected package libcap2:arm64.
Preparing to unpack .../libcap2_1%3a2.66-4+deb12u2+b2_arm64.deb ...
Unpacking libcap2:arm64 (1:2.66-4+deb12u2+b2) ...
Selecting previously unselected package libcom-err2:arm64.
Preparing to unpack .../libcom-err2_1.47.0-2+b2_arm64.deb ...
Unpacking libcom-err2:arm64 (1.47.0-2+b2) ...
Selecting previously unselected package libcrypt1:arm64.
Preparing to unpack .../libcrypt1_1%3a4.4.33-2_arm64.deb ...
Unpacking libcrypt1:arm64 (1:4.4.33-2) ...
Selecting previously unselected package libdb5.3:arm64.
Preparing to unpack .../libdb5.3_5.3.28+dfsg2-1_arm64.deb ...
Unpacking libdb5.3:arm64 (5.3.28+dfsg2-1) ...
Selecting previously unselected package libdebconfclient0:arm64.
Preparing to unpack .../libdebconfclient0_0.270_arm64.deb ...
Unpacking libdebconfclient0:arm64 (0.270) ...
Selecting previously unselected package libext2fs2:arm64.
Preparing to unpack .../libext2fs2_1.47.0-2+b2_arm64.deb ...
Unpacking libext2fs2:arm64 (1.47.0-2+b2) ...
Selecting previously unselected package libffi8:arm64.
Preparing to unpack .../libffi8_3.4.4-1_arm64.deb ...
Unpacking libffi8:arm64 (3.4.4-1) ...
Selecting previously unselected package libgcc-s1:arm64.
Preparing to unpack .../libgcc-s1_12.2.0-14+deb12u1_arm64.deb ...
Unpacking libgcc-s1:arm64 (12.2.0-14+deb12u1) ...
Selecting previously unselected package libgcrypt20:arm64.
Preparing to unpack .../libgcrypt20_1.10.1-3_arm64.deb ...
Unpacking libgcrypt20:arm64 (1.10.1-3) ...
Selecting previously unselected package libgmp10:arm64.
Preparing to unpack .../libgmp10_2%3a6.2.1+dfsg1-1.1_arm64.deb ...
Unpacking libgmp10:arm64 (2:6.2.1+dfsg1-1.1) ...
Selecting previously unselected package libgnutls30:arm64.
Preparing to unpack .../libgnutls30_3.7.9-2+deb12u5_arm64.deb ...
Unpacking libgnutls30:arm64 (3.7.9-2+deb12u5) ...
Selecting previously unselected package libgpg-error0:arm64.
Preparing to unpack .../libgpg-error0_1.46-1_arm64.deb ...
Unpacking libgpg-error0:arm64 (1.46-1) ...
Selecting previously unselected package libhogweed6:arm64.
Preparing to unpack .../libhogweed6_3.8.1-2_arm64.deb ...
Unpacking libhogweed6:arm64 (3.8.1-2) ...
Selecting previously unselected package libidn2-0:arm64.
Preparing to unpack .../libidn2-0_2.3.3-1+b1_arm64.deb ...
Unpacking libidn2-0:arm64 (2.3.3-1+b1) ...
Selecting previously unselected package liblz4-1:arm64.
Preparing to unpack .../liblz4-1_1.9.4-1_arm64.deb ...
Unpacking liblz4-1:arm64 (1.9.4-1) ...
Selecting previously unselected package liblzma5:arm64.
Preparing to unpack .../liblzma5_5.4.1-1_arm64.deb ...
Unpacking liblzma5:arm64 (5.4.1-1) ...
Selecting previously unselected package libmd0:arm64.
Preparing to unpack .../libmd0_1.0.4-2_arm64.deb ...
Unpacking libmd0:arm64 (1.0.4-2) ...
Selecting previously unselected package libmount1:arm64.
Preparing to unpack .../libmount1_2.38.1-5+deb12u3_arm64.deb ...
Unpacking libmount1:arm64 (2.38.1-5+deb12u3) ...
Selecting previously unselected package libnettle8:arm64.
Preparing to unpack .../libnettle8_3.8.1-2_arm64.deb ...
Unpacking libnettle8:arm64 (3.8.1-2) ...
Selecting previously unselected package libp11-kit0:arm64.
Preparing to unpack .../libp11-kit0_0.24.1-2_arm64.deb ...
Unpacking libp11-kit0:arm64 (0.24.1-2) ...
Selecting previously unselected package libpam-modules:arm64.
dpkg: regarding .../libpam-modules_1.5.2-6+deb12u2_arm64.deb containing libpam-modules:arm64, pre-dependency problem:
 libpam-modules pre-depends on libaudit1 (>= 1:2.2.1)
  libaudit1:arm64 is unpacked, but has never been configured.

dpkg: warning: ignoring pre-dependency problem!
dpkg: regarding .../libpam-modules_1.5.2-6+deb12u2_arm64.deb containing libpam-modules:arm64, pre-dependency problem:
 libpam-modules pre-depends on libcrypt1 (>= 1:4.3.0)
  libcrypt1:arm64 is unpacked, but has never been configured.

dpkg: warning: ignoring pre-dependency problem!
dpkg: regarding .../libpam-modules_1.5.2-6+deb12u2_arm64.deb containing libpam-modules:arm64, pre-dependency problem:
 libpam-modules pre-depends on libdb5.3
  libdb5.3:arm64 is unpacked, but has never been configured.

dpkg: warning: ignoring pre-dependency problem!
dpkg: regarding .../libpam-modules_1.5.2-6+deb12u2_arm64.deb containing libpam-modules:arm64, pre-dependency problem:
 libpam-modules pre-depends on libpam0g (>= 1.4.1)
  libpam0g is not installed.

dpkg: warning: ignoring pre-dependency problem!
dpkg: regarding .../libpam-modules_1.5.2-6+deb12u2_arm64.deb containing libpam-modules:arm64, pre-dependency problem:
 libpam-modules pre-depends on libselinux1 (>= 3.1~)
  libselinux1 is not installed.

dpkg: warning: ignoring pre-dependency problem!
dpkg: regarding .../libpam-modules_1.5.2-6+deb12u2_arm64.deb containing libpam-modules:arm64, pre-dependency problem:
 libpam-modules pre-depends on debconf (>= 0.5) | debconf-2.0
  debconf is unpacked, but has never been configured.
  debconf provides debconf-2.0 but is unpacked but not configured.

dpkg: warning: ignoring pre-dependency problem!
dpkg: regarding .../libpam-modules_1.5.2-6+deb12u2_arm64.deb containing libpam-modules:arm64, pre-dependency problem:
 libpam-modules pre-depends on libpam-modules-bin (= 1.5.2-6+deb12u2)
  libpam-modules-bin is not installed.

dpkg: warning: ignoring pre-dependency problem!
Preparing to unpack .../libpam-modules_1.5.2-6+deb12u2_arm64.deb ...
Unpacking libpam-modules:arm64 (1.5.2-6+deb12u2) ...
Selecting previously unselected package libpam-modules-bin.
Preparing to unpack .../libpam-modules-bin_1.5.2-6+deb12u2_arm64.deb ...
Unpacking libpam-modules-bin (1.5.2-6+deb12u2) ...
Selecting previously unselected package libpam-runtime.
Preparing to unpack .../libpam-runtime_1.5.2-6+deb12u2_all.deb ...
Unpacking libpam-runtime (1.5.2-6+deb12u2) ...
Selecting previously unselected package libpam0g:arm64.
Preparing to unpack .../libpam0g_1.5.2-6+deb12u2_arm64.deb ...
Unpacking libpam0g:arm64 (1.5.2-6+deb12u2) ...
Selecting previously unselected package libpcre2-8-0:arm64.
Preparing to unpack .../libpcre2-8-0_10.42-1_arm64.deb ...
Unpacking libpcre2-8-0:arm64 (10.42-1) ...
Selecting previously unselected package libseccomp2:arm64.
Preparing to unpack .../libseccomp2_2.5.4-1+deb12u1_arm64.deb ...
Unpacking libseccomp2:arm64 (2.5.4-1+deb12u1) ...
Selecting previously unselected package libselinux1:arm64.
Preparing to unpack .../libselinux1_3.4-1+b6_arm64.deb ...
Unpacking libselinux1:arm64 (3.4-1+b6) ...
Selecting previously unselected package libsemanage-common.
Preparing to unpack .../libsemanage-common_3.4-1_all.deb ...
Unpacking libsemanage-common (3.4-1) ...
Selecting previously unselected package libsemanage2:arm64.
Preparing to unpack .../libsemanage2_3.4-1+b5_arm64.deb ...
Unpacking libsemanage2:arm64 (3.4-1+b5) ...
Selecting previously unselected package libsepol2:arm64.
Preparing to unpack .../libsepol2_3.4-2.1_arm64.deb ...
Unpacking libsepol2:arm64 (3.4-2.1) ...
Selecting previously unselected package libsmartcols1:arm64.
Preparing to unpack .../libsmartcols1_2.38.1-5+deb12u3_arm64.deb ...
Unpacking libsmartcols1:arm64 (2.38.1-5+deb12u3) ...
Selecting previously unselected package libss2:arm64.
Preparing to unpack .../libss2_1.47.0-2+b2_arm64.deb ...
Unpacking libss2:arm64 (1.47.0-2+b2) ...
Selecting previously unselected package libstdc++6:arm64.
Preparing to unpack .../libstdc++6_12.2.0-14+deb12u1_arm64.deb ...
Unpacking libstdc++6:arm64 (12.2.0-14+deb12u1) ...
Selecting previously unselected package libsystemd0:arm64.
Preparing to unpack .../libsystemd0_252.39-1~deb12u1_arm64.deb ...
Unpacking libsystemd0:arm64 (252.39-1~deb12u1) ...
Selecting previously unselected package libtasn1-6:arm64.
Preparing to unpack .../libtasn1-6_4.19.0-2+deb12u1_arm64.deb ...
Unpacking libtasn1-6:arm64 (4.19.0-2+deb12u1) ...
Selecting previously unselected package libtinfo6:arm64.
Preparing to unpack .../libtinfo6_6.4-4_arm64.deb ...
Unpacking libtinfo6:arm64 (6.4-4) ...
Selecting previously unselected package libudev1:arm64.
Preparing to unpack .../libudev1_252.39-1~deb12u1_arm64.deb ...
Unpacking libudev1:arm64 (252.39-1~deb12u1) ...
Selecting previously unselected package libunistring2:arm64.
Preparing to unpack .../libunistring2_1.0-2_arm64.deb ...
Unpacking libunistring2:arm64 (1.0-2) ...
Selecting previously unselected package libuuid1:arm64.
Preparing to unpack .../libuuid1_2.38.1-5+deb12u3_arm64.deb ...
Unpacking libuuid1:arm64 (2.38.1-5+deb12u3) ...
Selecting previously unselected package libxxhash0:arm64.
Preparing to unpack .../libxxhash0_0.8.1-1_arm64.deb ...
Unpacking libxxhash0:arm64 (0.8.1-1) ...
Selecting previously unselected package libzstd1:arm64.
Preparing to unpack .../libzstd1_1.5.4+dfsg2-5_arm64.deb ...
Unpacking libzstd1:arm64 (1.5.4+dfsg2-5) ...
Selecting previously unselected package login.
dpkg: regarding .../login_1%3a4.13+dfsg1-1+deb12u2_arm64.deb containing login, pre-dependency problem:
 login pre-depends on libaudit1 (>= 1:2.2.1)
  libaudit1:arm64 is unpacked, but has never been configured.

dpkg: warning: ignoring pre-dependency problem!
dpkg: regarding .../login_1%3a4.13+dfsg1-1+deb12u2_arm64.deb containing login, pre-dependency problem:
 login pre-depends on libcrypt1 (>= 1:4.1.0)
  libcrypt1:arm64 is unpacked, but has never been configured.

dpkg: warning: ignoring pre-dependency problem!
dpkg: regarding .../login_1%3a4.13+dfsg1-1+deb12u2_arm64.deb containing login, pre-dependency problem:
 login pre-depends on libpam0g (>= 0.99.7.1)
  libpam0g:arm64 is unpacked, but has never been configured.

dpkg: warning: ignoring pre-dependency problem!
dpkg: regarding .../login_1%3a4.13+dfsg1-1+deb12u2_arm64.deb containing login, pre-dependency problem:
 login pre-depends on libpam-runtime
  libpam-runtime is unpacked, but has never been configured.

dpkg: warning: ignoring pre-dependency problem!
dpkg: regarding .../login_1%3a4.13+dfsg1-1+deb12u2_arm64.deb containing login, pre-dependency problem:
 login pre-depends on libpam-modules
  libpam-modules:arm64 is unpacked, but has never been configured.

dpkg: warning: ignoring pre-dependency problem!
Preparing to unpack .../login_1%3a4.13+dfsg1-1+deb12u2_arm64.deb ...
Unpacking login (1:4.13+dfsg1-1+deb12u2) ...
Selecting previously unselected package logsave.
Preparing to unpack .../logsave_1.47.0-2+b2_arm64.deb ...
Unpacking logsave (1.47.0-2+b2) ...
Preparing to unpack .../mawk_1.3.4.20200120-3.1_arm64.deb ...
Unpacking mawk (1.3.4.20200120-3.1) over (1.3.4.20200120-3.1) ...
Selecting previously unselected package mount.
dpkg: regarding .../mount_2.38.1-5+deb12u3_arm64.deb containing mount, pre-dependency problem:
 mount pre-depends on libblkid1 (>= 2.17.2)
  libblkid1:arm64 is unpacked, but has never been configured.

dpkg: warning: ignoring pre-dependency problem!
dpkg: regarding .../mount_2.38.1-5+deb12u3_arm64.deb containing mount, pre-dependency problem:
 mount pre-depends on libmount1 (>= 2.38)
  libmount1:arm64 is unpacked, but has never been configured.

dpkg: warning: ignoring pre-dependency problem!
dpkg: regarding .../mount_2.38.1-5+deb12u3_arm64.deb containing mount, pre-dependency problem:
 mount pre-depends on libselinux1 (>= 3.1~)
  libselinux1:arm64 is unpacked, but has never been configured.

dpkg: warning: ignoring pre-dependency problem!
dpkg: regarding .../mount_2.38.1-5+deb12u3_arm64.deb containing mount, pre-dependency problem:
 mount pre-depends on libsmartcols1 (>= 2.33)
  libsmartcols1:arm64 is unpacked, but has never been configured.

dpkg: warning: ignoring pre-dependency problem!
Preparing to unpack .../mount_2.38.1-5+deb12u3_arm64.deb ...
Unpacking mount (2.38.1-5+deb12u3) ...
Selecting previously unselected package ncurses-base.
Preparing to unpack .../ncurses-base_6.4-4_all.deb ...
Unpacking ncurses-base (6.4-4) ...
Selecting previously unselected package ncurses-bin.
dpkg: regarding .../ncurses-bin_6.4-4_arm64.deb containing ncurses-bin, pre-dependency problem:
 ncurses-bin pre-depends on libtinfo6 (>= 6.3)
  libtinfo6:arm64 is unpacked, but has never been configured.

dpkg: warning: ignoring pre-dependency problem!
Preparing to unpack .../ncurses-bin_6.4-4_arm64.deb ...
Unpacking ncurses-bin (6.4-4) ...
Selecting previously unselected package passwd.
Preparing to unpack .../passwd_1%3a4.13+dfsg1-1+deb12u2_arm64.deb ...
Unpacking passwd (1:4.13+dfsg1-1+deb12u2) ...
dpkg: regarding .../perl-base_5.36.0-7+deb12u3_arm64.deb containing perl-base, pre-dependency problem:
 perl-base pre-depends on libcrypt1 (>= 1:4.1.0)
  libcrypt1:arm64 is unpacked, but has never been configured.

dpkg: warning: ignoring pre-dependency problem!
Preparing to unpack .../perl-base_5.36.0-7+deb12u3_arm64.deb ...
Unpacking perl-base (5.36.0-7+deb12u3) over (5.36.0-7+deb12u3) ...
Selecting previously unselected package sed.
dpkg: regarding .../archives/sed_4.9-1_arm64.deb containing sed, pre-dependency problem:
 sed pre-depends on libacl1 (>= 2.2.23)
  libacl1:arm64 is unpacked, but has never been configured.

dpkg: warning: ignoring pre-dependency problem!
dpkg: regarding .../archives/sed_4.9-1_arm64.deb containing sed, pre-dependency problem:
 sed pre-depends on libselinux1 (>= 3.1~)
  libselinux1:arm64 is unpacked, but has never been configured.

dpkg: warning: ignoring pre-dependency problem!
Preparing to unpack .../archives/sed_4.9-1_arm64.deb ...
Unpacking sed (4.9-1) ...
Selecting previously unselected package sysvinit-utils.
Preparing to unpack .../sysvinit-utils_3.06-4_arm64.deb ...
Unpacking sysvinit-utils (3.06-4) ...
Selecting previously unselected package tar.
dpkg: regarding .../tar_1.34+dfsg-1.2+deb12u1_arm64.deb containing tar, pre-dependency problem:
 tar pre-depends on libacl1 (>= 2.2.23)
  libacl1:arm64 is unpacked, but has never been configured.

dpkg: warning: ignoring pre-dependency problem!
dpkg: regarding .../tar_1.34+dfsg-1.2+deb12u1_arm64.deb containing tar, pre-dependency problem:
 tar pre-depends on libselinux1 (>= 3.1~)
  libselinux1:arm64 is unpacked, but has never been configured.

dpkg: warning: ignoring pre-dependency problem!
Preparing to unpack .../tar_1.34+dfsg-1.2+deb12u1_arm64.deb ...
Unpacking tar (1.34+dfsg-1.2+deb12u1) ...
Selecting previously unselected package tzdata.
Preparing to unpack .../tzdata_2025b-0+deb12u2_all.deb ...
Unpacking tzdata (2025b-0+deb12u2) ...
Selecting previously unselected package usr-is-merged.
Preparing to unpack .../usr-is-merged_37~deb12u1_all.deb ...
Unpacking usr-is-merged (37~deb12u1) ...
Selecting previously unselected package util-linux.
dpkg: regarding .../util-linux_2.38.1-5+deb12u3_arm64.deb containing util-linux, pre-dependency problem:
 util-linux pre-depends on libblkid1 (>= 2.37.2)
  libblkid1:arm64 is unpacked, but has never been configured.

dpkg: warning: ignoring pre-dependency problem!
dpkg: regarding .../util-linux_2.38.1-5+deb12u3_arm64.deb containing util-linux, pre-dependency problem:
 util-linux pre-depends on libcap-ng0 (>= 0.7.9)
  libcap-ng0:arm64 is unpacked, but has never been configured.

dpkg: warning: ignoring pre-dependency problem!
dpkg: regarding .../util-linux_2.38.1-5+deb12u3_arm64.deb containing util-linux, pre-dependency problem:
 util-linux pre-depends on libcrypt1 (>= 1:4.1.0)
  libcrypt1:arm64 is unpacked, but has never been configured.

dpkg: warning: ignoring pre-dependency problem!
dpkg: regarding .../util-linux_2.38.1-5+deb12u3_arm64.deb containing util-linux, pre-dependency problem:
 util-linux pre-depends on libmount1 (>= 2.38)
  libmount1:arm64 is unpacked, but has never been configured.

dpkg: warning: ignoring pre-dependency problem!
dpkg: regarding .../util-linux_2.38.1-5+deb12u3_arm64.deb containing util-linux, pre-dependency problem:
 util-linux pre-depends on libpam0g (>= 0.99.7.1)
  libpam0g:arm64 is unpacked, but has never been configured.

dpkg: warning: ignoring pre-dependency problem!
dpkg: regarding .../util-linux_2.38.1-5+deb12u3_arm64.deb containing util-linux, pre-dependency problem:
 util-linux pre-depends on libselinux1 (>= 3.1~)
  libselinux1:arm64 is unpacked, but has never been configured.

dpkg: warning: ignoring pre-dependency problem!
dpkg: regarding .../util-linux_2.38.1-5+deb12u3_arm64.deb containing util-linux, pre-dependency problem:
 util-linux pre-depends on libsmartcols1 (>= 2.38)
  libsmartcols1:arm64 is unpacked, but has never been configured.

dpkg: warning: ignoring pre-dependency problem!
dpkg: regarding .../util-linux_2.38.1-5+deb12u3_arm64.deb containing util-linux, pre-dependency problem:
 util-linux pre-depends on libsystemd0
  libsystemd0:arm64 is unpacked, but has never been configured.

dpkg: warning: ignoring pre-dependency problem!
dpkg: regarding .../util-linux_2.38.1-5+deb12u3_arm64.deb containing util-linux, pre-dependency problem:
 util-linux pre-depends on libtinfo6 (>= 6)
  libtinfo6:arm64 is unpacked, but has never been configured.

dpkg: warning: ignoring pre-dependency problem!
dpkg: regarding .../util-linux_2.38.1-5+deb12u3_arm64.deb containing util-linux, pre-dependency problem:
 util-linux pre-depends on libudev1 (>= 183)
  libudev1:arm64 is unpacked, but has never been configured.

dpkg: warning: ignoring pre-dependency problem!
dpkg: regarding .../util-linux_2.38.1-5+deb12u3_arm64.deb containing util-linux, pre-dependency problem:
 util-linux pre-depends on libuuid1 (>= 2.16)
  libuuid1:arm64 is unpacked, but has never been configured.

dpkg: warning: ignoring pre-dependency problem!
dpkg: regarding .../util-linux_2.38.1-5+deb12u3_arm64.deb containing util-linux, pre-dependency problem:
 util-linux pre-depends on zlib1g (>= 1:1.1.4)
  zlib1g is not installed.

dpkg: warning: ignoring pre-dependency problem!
Preparing to unpack .../util-linux_2.38.1-5+deb12u3_arm64.deb ...
Unpacking util-linux (2.38.1-5+deb12u3) ...
Selecting previously unselected package util-linux-extra.
Preparing to unpack .../util-linux-extra_2.38.1-5+deb12u3_arm64.deb ...
Unpacking util-linux-extra (2.38.1-5+deb12u3) ...
Selecting previously unselected package zlib1g:arm64.
Preparing to unpack .../zlib1g_1%3a1.2.13.dfsg-1_arm64.deb ...
Unpacking zlib1g:arm64 (1:1.2.13.dfsg-1) ...
Setting up debian-archive-keyring (2023.3+deb12u2) ...
Setting up usr-is-merged (37~deb12u1) ...
Setting up libaudit-common (1:3.0.9-1) ...
Setting up libsemanage-common (3.4-1) ...
Setting up debconf (1.5.82) ...
Setting up gcc-12-base:arm64 (12.2.0-14+deb12u1) ...
Setting up tzdata (2025b-0+deb12u2) ...

Current default time zone: 'Etc/UTC'
Local time is now:      Mon Mar 16 09:20:44 UTC 2026.
Universal Time is now:  Mon Mar 16 09:20:44 UTC 2026.
Run 'dpkg-reconfigure tzdata' if you wish to change it.

Setting up ncurses-base (6.4-4) ...
Setting up init-system-helpers (1.65.2+deb12u1) ...
Setting up libgcc-s1:arm64 (12.2.0-14+deb12u1) ...
Setting up libc6:arm64 (2.36-9+deb12u13) ...
Setting up libudev1:arm64 (252.39-1~deb12u1) ...
Setting up libffi8:arm64 (3.4.4-1) ...
Setting up libmd0:arm64 (1.0.4-2) ...
Setting up libxxhash0:arm64 (0.8.1-1) ...
Setting up libattr1:arm64 (1:2.5.1-4) ...
Setting up sysvinit-utils (3.06-4) ...
Setting up libtasn1-6:arm64 (4.19.0-2+deb12u1) ...
Setting up debianutils (5.7-0.5~deb12u1) ...
update-alternatives: using /usr/bin/which.debianutils to provide /usr/bin/which (which) in auto mode
Setting up mawk (1.3.4.20200120-3.1) ...
Setting up libdebconfclient0:arm64 (0.270) ...
Setting up base-files (12.4+deb12u13) ...
Setting up libbz2-1.0:arm64 (1.0.8-5+b1) ...
Setting up libdb5.3:arm64 (5.3.28+dfsg2-1) ...
Setting up libblkid1:arm64 (2.38.1-5+deb12u3) ...
Setting up libstdc++6:arm64 (12.2.0-14+deb12u1) ...
Setting up libtinfo6:arm64 (6.4-4) ...
Setting up bash (5.2.15-2+b10) ...
update-alternatives: using /usr/share/man/man7/bash-builtins.7.gz to provide /usr/share/man/man7/builtins.7.gz (builtins.7.gz) in auto mode
Setting up libzstd1:arm64 (1.5.4+dfsg2-5) ...
Setting up liblzma5:arm64 (5.4.1-1) ...
Setting up libgpg-error0:arm64 (1.46-1) ...
Setting up liblz4-1:arm64 (1.9.4-1) ...
Setting up libc-bin (2.36-9+deb12u13) ...
Setting up ncurses-bin (6.4-4) ...
Setting up libacl1:arm64 (2.3.1-3) ...
Setting up libunistring2:arm64 (1.0-2) ...
Setting up libsmartcols1:arm64 (2.38.1-5+deb12u3) ...
Setting up libgcrypt20:arm64 (1.10.1-3) ...
Setting up zlib1g:arm64 (1:1.2.13.dfsg-1) ...
Setting up libcrypt1:arm64 (1:4.4.33-2) ...
Setting up libidn2-0:arm64 (2.3.3-1+b1) ...
Setting up libcom-err2:arm64 (1.47.0-2+b2) ...
Setting up diffutils (1:3.8-4) ...
Setting up libseccomp2:arm64 (2.5.4-1+deb12u1) ...
Setting up libcap2:arm64 (1:2.66-4+deb12u2+b2) ...
Setting up hostname (3.23+nmu1) ...
Setting up libcap-ng0:arm64 (0.8.3-1+b3) ...
Setting up libext2fs2:arm64 (1.47.0-2+b2) ...
Setting up libnettle8:arm64 (3.8.1-2) ...
Setting up libgmp10:arm64 (2:6.2.1+dfsg1-1.1) ...
Setting up libp11-kit0:arm64 (0.24.1-2) ...
Setting up libaudit1:arm64 (1:3.0.9-1) ...
Setting up libuuid1:arm64 (2.38.1-5+deb12u3) ...
Setting up libss2:arm64 (1.47.0-2+b2) ...
Setting up libsepol2:arm64 (3.4-2.1) ...
Setting up libpcre2-8-0:arm64 (10.42-1) ...
Setting up logsave (1.47.0-2+b2) ...
Setting up gpgv (2.2.40-1.1+deb12u2) ...
Setting up util-linux-extra (2.38.1-5+deb12u3) ...
Setting up libhogweed6:arm64 (3.8.1-2) ...
Setting up e2fsprogs (1.47.0-2+b2) ...
Setting up libsystemd0:arm64 (252.39-1~deb12u1) ...
Setting up libselinux1:arm64 (3.4-1+b6) ...
Setting up libgnutls30:arm64 (3.7.9-2+deb12u5) ...
Setting up libpam0g:arm64 (1.5.2-6+deb12u2) ...
Setting up libapt-pkg6.0:arm64 (2.6.1) ...
Setting up sed (4.9-1) ...
Setting up findutils (4.9.0-4) ...
Setting up libmount1:arm64 (2.38.1-5+deb12u3) ...
Setting up libsemanage2:arm64 (3.4-1+b5) ...
Setting up base-passwd (3.6.1) ...
Setting up bsdutils (1:2.38.1-5+deb12u3) ...
Setting up tar (1.34+dfsg-1.2+deb12u1) ...
update-alternatives: using /usr/sbin/rmt-tar to provide /usr/sbin/rmt (rmt) in auto mode
Setting up libpam-modules-bin (1.5.2-6+deb12u2) ...
Setting up coreutils (9.1-1) ...
Setting up util-linux (2.38.1-5+deb12u3) ...
update-alternatives: using /bin/more to provide /usr/bin/pager (pager) in auto mode
Setting up dpkg (1.21.22) ...
Setting up mount (2.38.1-5+deb12u3) ...
Setting up dash (0.5.12-2) ...
No diversion 'diversion of /bin/sh by bash', none removed.
Adding 'diversion of /bin/sh to /bin/sh.distrib by dash'
No diversion 'diversion of /usr/share/man/man1/sh.1.gz by bash', none removed.
Adding 'diversion of /usr/share/man/man1/sh.1.gz to /usr/share/man/man1/sh.distrib.1.gz by dash'
Setting up libpam-modules:arm64 (1.5.2-6+deb12u2) ...
Setting up grep (3.8-5) ...
Setting up perl-base (5.36.0-7+deb12u3) ...
Setting up gzip (1.12-1) ...
Setting up passwd (1:4.13+dfsg1-1+deb12u2) ...
Shadow passwords are now on.
Setting up libpam-runtime (1.5.2-6+deb12u2) ...
Setting up login (1:4.13+dfsg1-1+deb12u2) ...
Setting up adduser (3.134) ...
Setting up apt (2.6.1) ...
Processing triggers for libc-bin (2.36-9+deb12u13) ...
(Reading database ... 6090 files and directories currently installed.)
Preparing to unpack .../libexpat1_2.5.0-1+deb12u2_arm64.deb ...
Unpacking libexpat1:arm64 (2.5.0-1+deb12u2) ...
Preparing to unpack .../libpython3.11-minimal_3.11.2-6+deb12u6_arm64.deb ...
Unpacking libpython3.11-minimal:arm64 (3.11.2-6+deb12u6) ...
Preparing to unpack .../libssl3_3.0.18-1~deb12u1_arm64.deb ...
Unpacking libssl3:arm64 (3.0.18-1~deb12u1) ...
Preparing to unpack .../python3.11-minimal_3.11.2-6+deb12u6_arm64.deb ...
Unpacking python3.11-minimal (3.11.2-6+deb12u6) ...
Setting up libexpat1:arm64 (2.5.0-1+deb12u2) ...
Setting up libssl3:arm64 (3.0.18-1~deb12u1) ...
Setting up libpython3.11-minimal:arm64 (3.11.2-6+deb12u6) ...
Setting up python3.11-minimal (3.11.2-6+deb12u6) ...
Processing triggers for libc-bin (2.36-9+deb12u13) ...
(Reading database ... 6418 files and directories currently installed.)
Preparing to unpack .../python3-minimal_3.11.2-1+b1_arm64.deb ...
Unpacking python3-minimal (3.11.2-1+b1) ...
Setting up python3-minimal (3.11.2-1+b1) ...
(Reading database ... 6440 files and directories currently installed.)
Preparing to unpack .../busybox_1%3a1.35.0-4+b7_arm64.deb ...
Unpacking busybox (1:1.35.0-4+b7) ...
Preparing to unpack .../dmsetup_2%3a1.02.185-2_arm64.deb ...
Unpacking dmsetup (2:1.02.185-2) ...
Preparing to unpack .../gdisk_1.0.9-2.1_arm64.deb ...
Unpacking gdisk (1.0.9-2.1) ...
Preparing to unpack .../keyutils_1.6.3-2_arm64.deb ...
Unpacking keyutils (1.6.3-2) ...
Preparing to unpack .../libdevmapper1.02.1_2%3a1.02.185-2_arm64.deb ...
Unpacking libdevmapper1.02.1:arm64 (2:1.02.185-2) ...
Preparing to unpack .../libevent-core-2.1-7_2.1.12-stable-8_arm64.deb ...
Unpacking libevent-core-2.1-7:arm64 (2.1.12-stable-8) ...
Preparing to unpack .../libgssapi-krb5-2_1.20.1-2+deb12u4_arm64.deb ...
Unpacking libgssapi-krb5-2:arm64 (1.20.1-2+deb12u4) ...
Preparing to unpack .../libk5crypto3_1.20.1-2+deb12u4_arm64.deb ...
Unpacking libk5crypto3:arm64 (1.20.1-2+deb12u4) ...
Preparing to unpack .../libkeyutils1_1.6.3-2_arm64.deb ...
Unpacking libkeyutils1:arm64 (1.6.3-2) ...
Preparing to unpack .../libkrb5-3_1.20.1-2+deb12u4_arm64.deb ...
Unpacking libkrb5-3:arm64 (1.20.1-2+deb12u4) ...
Preparing to unpack .../libkrb5support0_1.20.1-2+deb12u4_arm64.deb ...
Unpacking libkrb5support0:arm64 (1.20.1-2+deb12u4) ...
Preparing to unpack .../libldap-2.5-0_2.5.13+dfsg-5_arm64.deb ...
Unpacking libldap-2.5-0:arm64 (2.5.13+dfsg-5) ...
Preparing to unpack .../libncursesw6_6.4-4_arm64.deb ...
Unpacking libncursesw6:arm64 (6.4-4) ...
Preparing to unpack .../libnfsidmap1_1%3a2.6.2-4+deb12u1_arm64.deb ...
Unpacking libnfsidmap1:arm64 (1:2.6.2-4+deb12u1) ...
Preparing to unpack .../libnsl2_1.3.0-2_arm64.deb ...
Unpacking libnsl2:arm64 (1.3.0-2) ...
Preparing to unpack .../libntfs-3g89_1%3a2022.10.3-1+deb12u2_arm64.deb ...
Unpacking libntfs-3g89:arm64 (1:2022.10.3-1+deb12u2) ...
Preparing to unpack .../libpopt0_1.19+dfsg-1_arm64.deb ...
Unpacking libpopt0:arm64 (1.19+dfsg-1) ...
Preparing to unpack .../libpython3-stdlib_3.11.2-1+b1_arm64.deb ...
Unpacking libpython3-stdlib:arm64 (3.11.2-1+b1) ...
Preparing to unpack .../libpython3.11-stdlib_3.11.2-6+deb12u6_arm64.deb ...
Unpacking libpython3.11-stdlib:arm64 (3.11.2-6+deb12u6) ...
Preparing to unpack .../libreadline8_8.2-1.3_arm64.deb ...
Unpacking libreadline8:arm64 (8.2-1.3) ...
Preparing to unpack .../libsasl2-2_2.1.28+dfsg-10_arm64.deb ...
Unpacking libsasl2-2:arm64 (2.1.28+dfsg-10) ...
Preparing to unpack .../libsasl2-modules-db_2.1.28+dfsg-10_arm64.deb ...
Unpacking libsasl2-modules-db:arm64 (2.1.28+dfsg-10) ...
Preparing to unpack .../libsqlite3-0_3.40.1-2+deb12u2_arm64.deb ...
Unpacking libsqlite3-0:arm64 (3.40.1-2+deb12u2) ...
Preparing to unpack .../libtirpc-common_1.3.3+ds-1_all.deb ...
Unpacking libtirpc-common (1.3.3+ds-1) ...
Preparing to unpack .../libtirpc3_1.3.3+ds-1_arm64.deb ...
Unpacking libtirpc3:arm64 (1.3.3+ds-1) ...
Preparing to unpack .../libwrap0_7.6.q-32_arm64.deb ...
Unpacking libwrap0:arm64 (7.6.q-32) ...
Preparing to unpack .../archives/lsb-base_11.6_all.deb ...
Unpacking lsb-base (11.6) ...
Preparing to unpack .../media-types_10.0.0_all.deb ...
Unpacking media-types (10.0.0) ...
Preparing to unpack .../net-tools_2.10-0.1+deb12u2_arm64.deb ...
Unpacking net-tools (2.10-0.1+deb12u2) ...
Preparing to unpack .../nfs-common_1%3a2.6.2-4+deb12u1_arm64.deb ...
Unpacking nfs-common (1:2.6.2-4+deb12u1) ...
Preparing to unpack .../partclone_0.3.23+repack-1_arm64.deb ...
Unpacking partclone (0.3.23+repack-1) ...
Preparing to unpack .../python3_3.11.2-1+b1_arm64.deb ...
Unpacking python3 (3.11.2-1+b1) ...
Preparing to unpack .../python3.11_3.11.2-6+deb12u6_arm64.deb ...
Unpacking python3.11 (3.11.2-6+deb12u6) ...
Preparing to unpack .../readline-common_8.2-1.3_all.deb ...
Unpacking readline-common (8.2-1.3) ...
Preparing to unpack .../rpcbind_1.2.6-6+b1_arm64.deb ...
Unpacking rpcbind (1.2.6-6+b1) ...
Preparing to unpack .../sensible-utils_0.0.17+nmu1_all.deb ...
Unpacking sensible-utils (0.0.17+nmu1) ...
Preparing to unpack .../ucf_3.0043+nmu1+deb12u1_all.deb ...
Moving old data out of the way
Unpacking ucf (3.0043+nmu1+deb12u1) ...
Processing triggers for libc-bin (2.36-9+deb12u13) ...
Setting up media-types (10.0.0) ...
Setting up lsb-base (11.6) ...
Setting up net-tools (2.10-0.1+deb12u2) ...
Setting up libkeyutils1:arm64 (1.6.3-2) ...
Setting up libtirpc-common (1.3.3+ds-1) ...
Setting up libsqlite3-0:arm64 (3.40.1-2+deb12u2) ...
Setting up libntfs-3g89:arm64 (1:2022.10.3-1+deb12u2) ...
Setting up libkrb5support0:arm64 (1.20.1-2+deb12u4) ...
Setting up libsasl2-modules-db:arm64 (2.1.28+dfsg-10) ...
Setting up busybox (1:1.35.0-4+b7) ...
Setting up libevent-core-2.1-7:arm64 (2.1.12-stable-8) ...
Setting up libncursesw6:arm64 (6.4-4) ...
Setting up libk5crypto3:arm64 (1.20.1-2+deb12u4) ...
Setting up libsasl2-2:arm64 (2.1.28+dfsg-10) ...
Setting up keyutils (1.6.3-2) ...
Setting up sensible-utils (0.0.17+nmu1) ...
Setting up libkrb5-3:arm64 (1.20.1-2+deb12u4) ...
Setting up readline-common (8.2-1.3) ...
Setting up libpopt0:arm64 (1.19+dfsg-1) ...
Setting up libreadline8:arm64 (8.2-1.3) ...
Setting up libldap-2.5-0:arm64 (2.5.13+dfsg-5) ...
Setting up gdisk (1.0.9-2.1) ...
Setting up partclone (0.3.23+repack-1) ...
Setting up libgssapi-krb5-2:arm64 (1.20.1-2+deb12u4) ...
Setting up ucf (3.0043+nmu1+deb12u1) ...
Setting up libtirpc3:arm64 (1.3.3+ds-1) ...
Setting up libnfsidmap1:arm64 (1:2.6.2-4+deb12u1) ...
Setting up libnsl2:arm64 (1.3.0-2) ...
Setting up libpython3.11-stdlib:arm64 (3.11.2-6+deb12u6) ...
Setting up libwrap0:arm64 (7.6.q-32) ...
Setting up libpython3-stdlib:arm64 (3.11.2-1+b1) ...
Setting up python3.11 (3.11.2-6+deb12u6) ...
Setting up rpcbind (1.2.6-6+b1) ...
invoke-rc.d: could not determine current runlevel
invoke-rc.d: policy-rc.d denied execution of start.
Setting up python3 (3.11.2-1+b1) ...
Setting up libdevmapper1.02.1:arm64 (2:1.02.185-2) ...
Setting up dmsetup (2:1.02.185-2) ...
Setting up nfs-common (1:2.6.2-4+deb12u1) ...

Creating config file /etc/idmapd.conf with new version

Creating config file /etc/nfs.conf with new version
Adding system user `statd' (UID 101) ...
Adding new user `statd' (UID 101) with group `nogroup' ...
Not creating home directory `/var/lib/nfs'.
invoke-rc.d: could not determine current runlevel
invoke-rc.d: policy-rc.d denied execution of start.
Processing triggers for libc-bin (2.36-9+deb12u13) ...
