2026-03-16 09:20:02 startup archives install
2026-03-16 09:20:02 install base-passwd:arm64 <none> 3.6.1
2026-03-16 09:20:02 status half-installed base-passwd:arm64 3.6.1
2026-03-16 09:20:02 status unpacked base-passwd:arm64 3.6.1
2026-03-16 09:20:02 configure base-passwd:arm64 3.6.1 3.6.1
2026-03-16 09:20:02 status half-configured base-passwd:arm64 3.6.1
2026-03-16 09:20:03 status installed base-passwd:arm64 3.6.1
2026-03-16 09:20:03 startup archives install
2026-03-16 09:20:03 install base-files:arm64 <none> 12.4+deb12u13
2026-03-16 09:20:03 status half-installed base-files:arm64 12.4+deb12u13
2026-03-16 09:20:03 status unpacked base-files:arm64 12.4+deb12u13
2026-03-16 09:20:03 configure base-files:arm64 12.4+deb12u13 12.4+deb12u13
2026-03-16 09:20:03 status half-configured base-files:arm64 12.4+deb12u13
2026-03-16 09:20:04 status installed base-files:arm64 12.4+deb12u13
2026-03-16 09:20:04 startup archives install
2026-03-16 09:20:04 upgrade dpkg 1.21.22 1.21.22
2026-03-16 09:20:04 status half-configured dpkg 1.21.22
2026-03-16 09:20:04 status unpacked dpkg 1.21.22
2026-03-16 09:20:04 status half-installed dpkg 1.21.22
2026-03-16 09:20:05 status unpacked dpkg:arm64 1.21.22
2026-03-16 09:20:05 configure dpkg:arm64 1.21.22 1.21.22
2026-03-16 09:20:05 status half-configured dpkg:arm64 1.21.22
2026-03-16 09:20:06 status installed dpkg:arm64 1.21.22
2026-03-16 09:20:06 startup archives install
2026-03-16 09:20:06 install libc6:arm64 <none> 2.36-9+deb12u13
2026-03-16 09:20:06 status half-installed libc6:arm64 2.36-9+deb12u13
2026-03-16 09:20:08 status unpacked libc6:arm64 2.36-9+deb12u13
2026-03-16 09:20:08 configure libc6:arm64 2.36-9+deb12u13 2.36-9+deb12u13
2026-03-16 09:20:08 status half-configured libc6:arm64 2.36-9+deb12u13
2026-03-16 09:20:09 status installed libc6:arm64 2.36-9+deb12u13
2026-03-16 09:20:09 startup archives install
2026-03-16 09:20:09 install perl-base:arm64 <none> 5.36.0-7+deb12u3
2026-03-16 09:20:09 status half-installed perl-base:arm64 5.36.0-7+deb12u3
2026-03-16 09:20:10 status unpacked perl-base:arm64 5.36.0-7+deb12u3
2026-03-16 09:20:10 configure perl-base:arm64 5.36.0-7+deb12u3 5.36.0-7+deb12u3
2026-03-16 09:20:10 status half-configured perl-base:arm64 5.36.0-7+deb12u3
2026-03-16 09:20:10 status installed perl-base:arm64 5.36.0-7+deb12u3
2026-03-16 09:20:10 startup archives install
2026-03-16 09:20:10 install mawk:arm64 <none> 1.3.4.20200120-3.1
2026-03-16 09:20:10 status half-installed mawk:arm64 1.3.4.20200120-3.1
2026-03-16 09:20:10 status unpacked mawk:arm64 1.3.4.20200120-3.1
2026-03-16 09:20:10 configure mawk:arm64 1.3.4.20200120-3.1 1.3.4.20200120-3.1
2026-03-16 09:20:10 status half-configured mawk:arm64 1.3.4.20200120-3.1
2026-03-16 09:20:10 status installed mawk:arm64 1.3.4.20200120-3.1
2026-03-16 09:20:10 startup archives unpack
2026-03-16 09:20:10 install adduser:all <none> 3.134
2026-03-16 09:20:10 status half-installed adduser:all 3.134
2026-03-16 09:20:10 status unpacked adduser:all 3.134
2026-03-16 09:20:11 install apt:arm64 <none> 2.6.1
2026-03-16 09:20:11 status half-installed apt:arm64 2.6.1
2026-03-16 09:20:11 status unpacked apt:arm64 2.6.1
2026-03-16 09:20:11 upgrade base-files:arm64 12.4+deb12u13 12.4+deb12u13
2026-03-16 09:20:11 status half-configured base-files:arm64 12.4+deb12u13
2026-03-16 09:20:11 status unpacked base-files:arm64 12.4+deb12u13
2026-03-16 09:20:11 status half-installed base-files:arm64 12.4+deb12u13
2026-03-16 09:20:11 status unpacked base-files:arm64 12.4+deb12u13
2026-03-16 09:20:12 upgrade base-passwd:arm64 3.6.1 3.6.1
2026-03-16 09:20:12 status half-configured base-passwd:arm64 3.6.1
2026-03-16 09:20:12 status unpacked base-passwd:arm64 3.6.1
2026-03-16 09:20:12 status half-installed base-passwd:arm64 3.6.1
2026-03-16 09:20:12 status unpacked base-passwd:arm64 3.6.1
2026-03-16 09:20:12 install bash:arm64 <none> 5.2.15-2+b10
2026-03-16 09:20:12 status half-installed bash:arm64 5.2.15-2+b10
2026-03-16 09:20:12 status unpacked bash:arm64 5.2.15-2+b10
2026-03-16 09:20:12 install bsdutils:arm64 <none> 1:2.38.1-5+deb12u3
2026-03-16 09:20:12 status half-installed bsdutils:arm64 1:2.38.1-5+deb12u3
2026-03-16 09:20:12 status unpacked bsdutils:arm64 1:2.38.1-5+deb12u3
2026-03-16 09:20:13 install coreutils:arm64 <none> 9.1-1
2026-03-16 09:20:13 status half-installed coreutils:arm64 9.1-1
2026-03-16 09:20:13 status unpacked coreutils:arm64 9.1-1
2026-03-16 09:20:14 install dash:arm64 <none> 0.5.12-2
2026-03-16 09:20:14 status half-installed dash:arm64 0.5.12-2
2026-03-16 09:20:14 status unpacked dash:arm64 0.5.12-2
2026-03-16 09:20:14 install debconf:all <none> 1.5.82
2026-03-16 09:20:14 status half-installed debconf:all 1.5.82
2026-03-16 09:20:14 status unpacked debconf:all 1.5.82
2026-03-16 09:20:14 install debian-archive-keyring:all <none> 2023.3+deb12u2
2026-03-16 09:20:14 status half-installed debian-archive-keyring:all 2023.3+deb12u2
2026-03-16 09:20:16 status unpacked debian-archive-keyring:all 2023.3+deb12u2
2026-03-16 09:20:16 install debianutils:arm64 <none> 5.7-0.5~deb12u1
2026-03-16 09:20:16 status half-installed debianutils:arm64 5.7-0.5~deb12u1
2026-03-16 09:20:16 status unpacked debianutils:arm64 5.7-0.5~deb12u1
2026-03-16 09:20:16 install diffutils:arm64 <none> 1:3.8-4
2026-03-16 09:20:16 status half-installed diffutils:arm64 1:3.8-4
2026-03-16 09:20:17 status unpacked diffutils:arm64 1:3.8-4
2026-03-16 09:20:17 upgrade dpkg:arm64 1.21.22 1.21.22
2026-03-16 09:20:17 status half-configured dpkg:arm64 1.21.22
2026-03-16 09:20:17 status unpacked dpkg:arm64 1.21.22
2026-03-16 09:20:17 status half-installed dpkg:arm64 1.21.22
2026-03-16 09:20:17 status unpacked dpkg:arm64 1.21.22
2026-03-16 09:20:17 install e2fsprogs:arm64 <none> 1.47.0-2+b2
2026-03-16 09:20:17 status half-installed e2fsprogs:arm64 1.47.0-2+b2
2026-03-16 09:20:18 status unpacked e2fsprogs:arm64 1.47.0-2+b2
2026-03-16 09:20:18 install findutils:arm64 <none> 4.9.0-4
2026-03-16 09:20:18 status half-installed findutils:arm64 4.9.0-4
2026-03-16 09:20:18 status unpacked findutils:arm64 4.9.0-4
2026-03-16 09:20:18 install gcc-12-base:arm64 <none> 12.2.0-14+deb12u1
2026-03-16 09:20:18 status half-installed gcc-12-base:arm64 12.2.0-14+deb12u1
2026-03-16 09:20:18 status unpacked gcc-12-base:arm64 12.2.0-14+deb12u1
2026-03-16 09:20:18 install gpgv:arm64 <none> 2.2.40-1.1+deb12u2
2026-03-16 09:20:18 status half-installed gpgv:arm64 2.2.40-1.1+deb12u2
2026-03-16 09:20:18 status unpacked gpgv:arm64 2.2.40-1.1+deb12u2
2026-03-16 09:20:18 install grep:arm64 <none> 3.8-5
2026-03-16 09:20:18 status half-installed grep:arm64 3.8-5
2026-03-16 09:20:19 status unpacked grep:arm64 3.8-5
2026-03-16 09:20:19 install gzip:arm64 <none> 1.12-1
2026-03-16 09:20:19 status half-installed gzip:arm64 1.12-1
2026-03-16 09:20:19 status unpacked gzip:arm64 1.12-1
2026-03-16 09:20:19 install hostname:arm64 <none> 3.23+nmu1
2026-03-16 09:20:19 status half-installed hostname:arm64 3.23+nmu1
2026-03-16 09:20:19 status unpacked hostname:arm64 3.23+nmu1
2026-03-16 09:20:19 install init-system-helpers:all <none> 1.65.2+deb12u1
2026-03-16 09:20:19 status half-installed init-system-helpers:all 1.65.2+deb12u1
2026-03-16 09:20:19 status unpacked init-system-helpers:all 1.65.2+deb12u1
2026-03-16 09:20:19 install libacl1:arm64 <none> 2.3.1-3
2026-03-16 09:20:19 status half-installed libacl1:arm64 2.3.1-3
2026-03-16 09:20:19 status unpacked libacl1:arm64 2.3.1-3
2026-03-16 09:20:19 install libapt-pkg6.0:arm64 <none> 2.6.1
2026-03-16 09:20:19 status half-installed libapt-pkg6.0:arm64 2.6.1
2026-03-16 09:20:20 status unpacked libapt-pkg6.0:arm64 2.6.1
2026-03-16 09:20:20 install libattr1:arm64 <none> 1:2.5.1-4
2026-03-16 09:20:20 status half-installed libattr1:arm64 1:2.5.1-4
2026-03-16 09:20:20 status unpacked libattr1:arm64 1:2.5.1-4
2026-03-16 09:20:20 install libaudit-common:all <none> 1:3.0.9-1
2026-03-16 09:20:20 status half-installed libaudit-common:all 1:3.0.9-1
2026-03-16 09:20:20 status unpacked libaudit-common:all 1:3.0.9-1
2026-03-16 09:20:20 install libaudit1:arm64 <none> 1:3.0.9-1
2026-03-16 09:20:20 status half-installed libaudit1:arm64 1:3.0.9-1
2026-03-16 09:20:20 status unpacked libaudit1:arm64 1:3.0.9-1
2026-03-16 09:20:20 install libblkid1:arm64 <none> 2.38.1-5+deb12u3
2026-03-16 09:20:20 status half-installed libblkid1:arm64 2.38.1-5+deb12u3
2026-03-16 09:20:21 status unpacked libblkid1:arm64 2.38.1-5+deb12u3
2026-03-16 09:20:21 install libbz2-1.0:arm64 <none> 1.0.8-5+b1
2026-03-16 09:20:21 status half-installed libbz2-1.0:arm64 1.0.8-5+b1
2026-03-16 09:20:21 status unpacked libbz2-1.0:arm64 1.0.8-5+b1
2026-03-16 09:20:21 install libc-bin:arm64 <none> 2.36-9+deb12u13
2026-03-16 09:20:21 status half-installed libc-bin:arm64 2.36-9+deb12u13
2026-03-16 09:20:21 status unpacked libc-bin:arm64 2.36-9+deb12u13
2026-03-16 09:20:21 upgrade libc6:arm64 2.36-9+deb12u13 2.36-9+deb12u13
2026-03-16 09:20:21 status half-configured libc6:arm64 2.36-9+deb12u13
2026-03-16 09:20:21 status unpacked libc6:arm64 2.36-9+deb12u13
2026-03-16 09:20:21 status half-installed libc6:arm64 2.36-9+deb12u13
2026-03-16 09:20:23 status unpacked libc6:arm64 2.36-9+deb12u13
2026-03-16 09:20:23 install libcap-ng0:arm64 <none> 0.8.3-1+b3
2026-03-16 09:20:23 status half-installed libcap-ng0:arm64 0.8.3-1+b3
2026-03-16 09:20:23 status unpacked libcap-ng0:arm64 0.8.3-1+b3
2026-03-16 09:20:23 install libcap2:arm64 <none> 1:2.66-4+deb12u2+b2
2026-03-16 09:20:23 status half-installed libcap2:arm64 1:2.66-4+deb12u2+b2
2026-03-16 09:20:23 status unpacked libcap2:arm64 1:2.66-4+deb12u2+b2
2026-03-16 09:20:24 install libcom-err2:arm64 <none> 1.47.0-2+b2
2026-03-16 09:20:24 status half-installed libcom-err2:arm64 1.47.0-2+b2
2026-03-16 09:20:24 status unpacked libcom-err2:arm64 1.47.0-2+b2
2026-03-16 09:20:24 install libcrypt1:arm64 <none> 1:4.4.33-2
2026-03-16 09:20:24 status half-installed libcrypt1:arm64 1:4.4.33-2
2026-03-16 09:20:24 status unpacked libcrypt1:arm64 1:4.4.33-2
2026-03-16 09:20:24 install libdb5.3:arm64 <none> 5.3.28+dfsg2-1
2026-03-16 09:20:24 status half-installed libdb5.3:arm64 5.3.28+dfsg2-1
2026-03-16 09:20:24 status unpacked libdb5.3:arm64 5.3.28+dfsg2-1
2026-03-16 09:20:24 install libdebconfclient0:arm64 <none> 0.270
2026-03-16 09:20:24 status half-installed libdebconfclient0:arm64 0.270
2026-03-16 09:20:24 status unpacked libdebconfclient0:arm64 0.270
2026-03-16 09:20:24 install libext2fs2:arm64 <none> 1.47.0-2+b2
2026-03-16 09:20:24 status half-installed libext2fs2:arm64 1.47.0-2+b2
2026-03-16 09:20:24 status unpacked libext2fs2:arm64 1.47.0-2+b2
2026-03-16 09:20:25 install libffi8:arm64 <none> 3.4.4-1
2026-03-16 09:20:25 status half-installed libffi8:arm64 3.4.4-1
2026-03-16 09:20:25 status unpacked libffi8:arm64 3.4.4-1
2026-03-16 09:20:25 install libgcc-s1:arm64 <none> 12.2.0-14+deb12u1
2026-03-16 09:20:25 status half-installed libgcc-s1:arm64 12.2.0-14+deb12u1
2026-03-16 09:20:25 status unpacked libgcc-s1:arm64 12.2.0-14+deb12u1
2026-03-16 09:20:25 install libgcrypt20:arm64 <none> 1.10.1-3
2026-03-16 09:20:25 status half-installed libgcrypt20:arm64 1.10.1-3
2026-03-16 09:20:25 status unpacked libgcrypt20:arm64 1.10.1-3
2026-03-16 09:20:25 install libgmp10:arm64 <none> 2:6.2.1+dfsg1-1.1
2026-03-16 09:20:25 status half-installed libgmp10:arm64 2:6.2.1+dfsg1-1.1
2026-03-16 09:20:25 status unpacked libgmp10:arm64 2:6.2.1+dfsg1-1.1
2026-03-16 09:20:26 install libgnutls30:arm64 <none> 3.7.9-2+deb12u5
2026-03-16 09:20:26 status half-installed libgnutls30:arm64 3.7.9-2+deb12u5
2026-03-16 09:20:26 status unpacked libgnutls30:arm64 3.7.9-2+deb12u5
2026-03-16 09:20:26 install libgpg-error0:arm64 <none> 1.46-1
2026-03-16 09:20:26 status half-installed libgpg-error0:arm64 1.46-1
2026-03-16 09:20:26 status unpacked libgpg-error0:arm64 1.46-1
2026-03-16 09:20:26 install libhogweed6:arm64 <none> 3.8.1-2
2026-03-16 09:20:26 status half-installed libhogweed6:arm64 3.8.1-2
2026-03-16 09:20:26 status unpacked libhogweed6:arm64 3.8.1-2
2026-03-16 09:20:26 install libidn2-0:arm64 <none> 2.3.3-1+b1
2026-03-16 09:20:26 status half-installed libidn2-0:arm64 2.3.3-1+b1
2026-03-16 09:20:27 status unpacked libidn2-0:arm64 2.3.3-1+b1
2026-03-16 09:20:27 install liblz4-1:arm64 <none> 1.9.4-1
2026-03-16 09:20:27 status half-installed liblz4-1:arm64 1.9.4-1
2026-03-16 09:20:27 status unpacked liblz4-1:arm64 1.9.4-1
2026-03-16 09:20:27 install liblzma5:arm64 <none> 5.4.1-1
2026-03-16 09:20:27 status half-installed liblzma5:arm64 5.4.1-1
2026-03-16 09:20:27 status unpacked liblzma5:arm64 5.4.1-1
2026-03-16 09:20:27 install libmd0:arm64 <none> 1.0.4-2
2026-03-16 09:20:27 status half-installed libmd0:arm64 1.0.4-2
2026-03-16 09:20:27 status unpacked libmd0:arm64 1.0.4-2
2026-03-16 09:20:27 install libmount1:arm64 <none> 2.38.1-5+deb12u3
2026-03-16 09:20:27 status half-installed libmount1:arm64 2.38.1-5+deb12u3
2026-03-16 09:20:27 status unpacked libmount1:arm64 2.38.1-5+deb12u3
2026-03-16 09:20:27 install libnettle8:arm64 <none> 3.8.1-2
2026-03-16 09:20:27 status half-installed libnettle8:arm64 3.8.1-2
2026-03-16 09:20:28 status unpacked libnettle8:arm64 3.8.1-2
2026-03-16 09:20:28 install libp11-kit0:arm64 <none> 0.24.1-2
2026-03-16 09:20:28 status half-installed libp11-kit0:arm64 0.24.1-2
2026-03-16 09:20:28 status unpacked libp11-kit0:arm64 0.24.1-2
2026-03-16 09:20:28 install libpam-modules:arm64 <none> 1.5.2-6+deb12u2
2026-03-16 09:20:28 status half-installed libpam-modules:arm64 1.5.2-6+deb12u2
2026-03-16 09:20:29 status unpacked libpam-modules:arm64 1.5.2-6+deb12u2
2026-03-16 09:20:29 install libpam-modules-bin:arm64 <none> 1.5.2-6+deb12u2
2026-03-16 09:20:29 status half-installed libpam-modules-bin:arm64 1.5.2-6+deb12u2
2026-03-16 09:20:29 status unpacked libpam-modules-bin:arm64 1.5.2-6+deb12u2
2026-03-16 09:20:29 install libpam-runtime:all <none> 1.5.2-6+deb12u2
2026-03-16 09:20:29 status half-installed libpam-runtime:all 1.5.2-6+deb12u2
2026-03-16 09:20:29 status unpacked libpam-runtime:all 1.5.2-6+deb12u2
2026-03-16 09:20:29 install libpam0g:arm64 <none> 1.5.2-6+deb12u2
2026-03-16 09:20:29 status half-installed libpam0g:arm64 1.5.2-6+deb12u2
2026-03-16 09:20:29 status unpacked libpam0g:arm64 1.5.2-6+deb12u2
2026-03-16 09:20:29 install libpcre2-8-0:arm64 <none> 10.42-1
2026-03-16 09:20:29 status half-installed libpcre2-8-0:arm64 10.42-1
2026-03-16 09:20:30 status unpacked libpcre2-8-0:arm64 10.42-1
2026-03-16 09:20:30 install libseccomp2:arm64 <none> 2.5.4-1+deb12u1
2026-03-16 09:20:30 status half-installed libseccomp2:arm64 2.5.4-1+deb12u1
2026-03-16 09:20:30 status unpacked libseccomp2:arm64 2.5.4-1+deb12u1
2026-03-16 09:20:30 install libselinux1:arm64 <none> 3.4-1+b6
2026-03-16 09:20:30 status half-installed libselinux1:arm64 3.4-1+b6
2026-03-16 09:20:30 status unpacked libselinux1:arm64 3.4-1+b6
2026-03-16 09:20:30 install libsemanage-common:all <none> 3.4-1
2026-03-16 09:20:30 status half-installed libsemanage-common:all 3.4-1
2026-03-16 09:20:30 status unpacked libsemanage-common:all 3.4-1
2026-03-16 09:20:30 install libsemanage2:arm64 <none> 3.4-1+b5
2026-03-16 09:20:30 status half-installed libsemanage2:arm64 3.4-1+b5
2026-03-16 09:20:30 status unpacked libsemanage2:arm64 3.4-1+b5
2026-03-16 09:20:30 install libsepol2:arm64 <none> 3.4-2.1
2026-03-16 09:20:30 status half-installed libsepol2:arm64 3.4-2.1
2026-03-16 09:20:31 status unpacked libsepol2:arm64 3.4-2.1
2026-03-16 09:20:31 install libsmartcols1:arm64 <none> 2.38.1-5+deb12u3
2026-03-16 09:20:31 status half-installed libsmartcols1:arm64 2.38.1-5+deb12u3
2026-03-16 09:20:31 status unpacked libsmartcols1:arm64 2.38.1-5+deb12u3
2026-03-16 09:20:31 install libss2:arm64 <none> 1.47.0-2+b2
2026-03-16 09:20:31 status half-installed libss2:arm64 1.47.0-2+b2
2026-03-16 09:20:31 status unpacked libss2:arm64 1.47.0-2+b2
2026-03-16 09:20:31 install libstdc++6:arm64 <none> 12.2.0-14+deb12u1
2026-03-16 09:20:31 status half-installed libstdc++6:arm64 12.2.0-14+deb12u1
2026-03-16 09:20:31 status unpacked libstdc++6:arm64 12.2.0-14+deb12u1
2026-03-16 09:20:31 install libsystemd0:arm64 <none> 252.39-1~deb12u1
2026-03-16 09:20:31 status half-installed libsystemd0:arm64 252.39-1~deb12u1
2026-03-16 09:20:31 status unpacked libsystemd0:arm64 252.39-1~deb12u1
2026-03-16 09:20:32 install libtasn1-6:arm64 <none> 4.19.0-2+deb12u1
2026-03-16 09:20:32 status half-installed libtasn1-6:arm64 4.19.0-2+deb12u1
2026-03-16 09:20:32 status unpacked libtasn1-6:arm64 4.19.0-2+deb12u1
2026-03-16 09:20:32 install libtinfo6:arm64 <none> 6.4-4
2026-03-16 09:20:32 status half-installed libtinfo6:arm64 6.4-4
2026-03-16 09:20:32 status unpacked libtinfo6:arm64 6.4-4
2026-03-16 09:20:32 install libudev1:arm64 <none> 252.39-1~deb12u1
2026-03-16 09:20:32 status half-installed libudev1:arm64 252.39-1~deb12u1
2026-03-16 09:20:32 status unpacked libudev1:arm64 252.39-1~deb12u1
2026-03-16 09:20:32 install libunistring2:arm64 <none> 1.0-2
2026-03-16 09:20:32 status half-installed libunistring2:arm64 1.0-2
2026-03-16 09:20:32 status unpacked libunistring2:arm64 1.0-2
2026-03-16 09:20:33 install libuuid1:arm64 <none> 2.38.1-5+deb12u3
2026-03-16 09:20:33 status half-installed libuuid1:arm64 2.38.1-5+deb12u3
2026-03-16 09:20:33 status unpacked libuuid1:arm64 2.38.1-5+deb12u3
2026-03-16 09:20:33 install libxxhash0:arm64 <none> 0.8.1-1
2026-03-16 09:20:33 status half-installed libxxhash0:arm64 0.8.1-1
2026-03-16 09:20:33 status unpacked libxxhash0:arm64 0.8.1-1
2026-03-16 09:20:33 install libzstd1:arm64 <none> 1.5.4+dfsg2-5
2026-03-16 09:20:33 status half-installed libzstd1:arm64 1.5.4+dfsg2-5
2026-03-16 09:20:33 status unpacked libzstd1:arm64 1.5.4+dfsg2-5
2026-03-16 09:20:33 install login:arm64 <none> 1:4.13+dfsg1-1+deb12u2
2026-03-16 09:20:33 status half-installed login:arm64 1:4.13+dfsg1-1+deb12u2
2026-03-16 09:20:33 status unpacked login:arm64 1:4.13+dfsg1-1+deb12u2
2026-03-16 09:20:34 install logsave:arm64 <none> 1.47.0-2+b2
2026-03-16 09:20:34 status half-installed logsave:arm64 1.47.0-2+b2
2026-03-16 09:20:34 status unpacked logsave:arm64 1.47.0-2+b2
2026-03-16 09:20:34 upgrade mawk:arm64 1.3.4.20200120-3.1 1.3.4.20200120-3.1
2026-03-16 09:20:34 status half-configured mawk:arm64 1.3.4.20200120-3.1
2026-03-16 09:20:34 status unpacked mawk:arm64 1.3.4.20200120-3.1
2026-03-16 09:20:34 status half-installed mawk:arm64 1.3.4.20200120-3.1
2026-03-16 09:20:34 status unpacked mawk:arm64 1.3.4.20200120-3.1
2026-03-16 09:20:34 install mount:arm64 <none> 2.38.1-5+deb12u3
2026-03-16 09:20:34 status half-installed mount:arm64 2.38.1-5+deb12u3
2026-03-16 09:20:34 status unpacked mount:arm64 2.38.1-5+deb12u3
2026-03-16 09:20:34 install ncurses-base:all <none> 6.4-4
2026-03-16 09:20:34 status half-installed ncurses-base:all 6.4-4
2026-03-16 09:20:34 status unpacked ncurses-base:all 6.4-4
2026-03-16 09:20:35 install ncurses-bin:arm64 <none> 6.4-4
2026-03-16 09:20:35 status half-installed ncurses-bin:arm64 6.4-4
2026-03-16 09:20:35 status unpacked ncurses-bin:arm64 6.4-4
2026-03-16 09:20:35 install passwd:arm64 <none> 1:4.13+dfsg1-1+deb12u2
2026-03-16 09:20:35 status half-installed passwd:arm64 1:4.13+dfsg1-1+deb12u2
2026-03-16 09:20:35 status unpacked passwd:arm64 1:4.13+dfsg1-1+deb12u2
2026-03-16 09:20:35 upgrade perl-base:arm64 5.36.0-7+deb12u3 5.36.0-7+deb12u3
2026-03-16 09:20:35 status half-configured perl-base:arm64 5.36.0-7+deb12u3
2026-03-16 09:20:35 status unpacked perl-base:arm64 5.36.0-7+deb12u3
2026-03-16 09:20:35 status half-installed perl-base:arm64 5.36.0-7+deb12u3
2026-03-16 09:20:36 status unpacked perl-base:arm64 5.36.0-7+deb12u3
2026-03-16 09:20:36 install sed:arm64 <none> 4.9-1
2026-03-16 09:20:36 status half-installed sed:arm64 4.9-1
2026-03-16 09:20:37 status unpacked sed:arm64 4.9-1
2026-03-16 09:20:37 install sysvinit-utils:arm64 <none> 3.06-4
2026-03-16 09:20:37 status half-installed sysvinit-utils:arm64 3.06-4
2026-03-16 09:20:37 status unpacked sysvinit-utils:arm64 3.06-4
2026-03-16 09:20:37 install tar:arm64 <none> 1.34+dfsg-1.2+deb12u1
2026-03-16 09:20:37 status half-installed tar:arm64 1.34+dfsg-1.2+deb12u1
2026-03-16 09:20:37 status unpacked tar:arm64 1.34+dfsg-1.2+deb12u1
2026-03-16 09:20:37 install tzdata:all <none> 2025b-0+deb12u2
2026-03-16 09:20:37 status half-installed tzdata:all 2025b-0+deb12u2
2026-03-16 09:20:39 status unpacked tzdata:all 2025b-0+deb12u2
2026-03-16 09:20:39 install usr-is-merged:all <none> 37~deb12u1
2026-03-16 09:20:39 status half-installed usr-is-merged:all 37~deb12u1
2026-03-16 09:20:39 status unpacked usr-is-merged:all 37~deb12u1
2026-03-16 09:20:39 install util-linux:arm64 <none> 2.38.1-5+deb12u3
2026-03-16 09:20:39 status half-installed util-linux:arm64 2.38.1-5+deb12u3
2026-03-16 09:20:40 status unpacked util-linux:arm64 2.38.1-5+deb12u3
2026-03-16 09:20:40 install util-linux-extra:arm64 <none> 2.38.1-5+deb12u3
2026-03-16 09:20:40 status half-installed util-linux-extra:arm64 2.38.1-5+deb12u3
2026-03-16 09:20:40 status unpacked util-linux-extra:arm64 2.38.1-5+deb12u3
2026-03-16 09:20:40 install zlib1g:arm64 <none> 1:1.2.13.dfsg-1
2026-03-16 09:20:40 status half-installed zlib1g:arm64 1:1.2.13.dfsg-1
2026-03-16 09:20:40 status unpacked zlib1g:arm64 1:1.2.13.dfsg-1
2026-03-16 09:20:40 startup packages configure
2026-03-16 09:20:40 configure debian-archive-keyring:all 2023.3+deb12u2 <none>
2026-03-16 09:20:40 status unpacked debian-archive-keyring:all 2023.3+deb12u2
2026-03-16 09:20:40 status half-configured debian-archive-keyring:all 2023.3+deb12u2
2026-03-16 09:20:42 status installed debian-archive-keyring:all 2023.3+deb12u2
2026-03-16 09:20:42 configure usr-is-merged:all 37~deb12u1 <none>
2026-03-16 09:20:42 status unpacked usr-is-merged:all 37~deb12u1
2026-03-16 09:20:42 status half-configured usr-is-merged:all 37~deb12u1
2026-03-16 09:20:42 status installed usr-is-merged:all 37~deb12u1
2026-03-16 09:20:42 configure libaudit-common:all 1:3.0.9-1 <none>
2026-03-16 09:20:42 status unpacked libaudit-common:all 1:3.0.9-1
2026-03-16 09:20:42 status half-configured libaudit-common:all 1:3.0.9-1
2026-03-16 09:20:42 status installed libaudit-common:all 1:3.0.9-1
2026-03-16 09:20:42 configure libsemanage-common:all 3.4-1 <none>
2026-03-16 09:20:42 status unpacked libsemanage-common:all 3.4-1
2026-03-16 09:20:42 status half-configured libsemanage-common:all 3.4-1
2026-03-16 09:20:42 status installed libsemanage-common:all 3.4-1
2026-03-16 09:20:42 configure debconf:all 1.5.82 <none>
2026-03-16 09:20:42 status unpacked debconf:all 1.5.82
2026-03-16 09:20:42 status half-configured debconf:all 1.5.82
2026-03-16 09:20:43 status installed debconf:all 1.5.82
2026-03-16 09:20:43 configure gcc-12-base:arm64 12.2.0-14+deb12u1 <none>
2026-03-16 09:20:43 status unpacked gcc-12-base:arm64 12.2.0-14+deb12u1
2026-03-16 09:20:43 status half-configured gcc-12-base:arm64 12.2.0-14+deb12u1
2026-03-16 09:20:43 status installed gcc-12-base:arm64 12.2.0-14+deb12u1
2026-03-16 09:20:43 configure tzdata:all 2025b-0+deb12u2 <none>
2026-03-16 09:20:43 status unpacked tzdata:all 2025b-0+deb12u2
2026-03-16 09:20:43 status half-configured tzdata:all 2025b-0+deb12u2
2026-03-16 09:20:45 status installed tzdata:all 2025b-0+deb12u2
2026-03-16 09:20:45 configure ncurses-base:all 6.4-4 <none>
2026-03-16 09:20:45 status unpacked ncurses-base:all 6.4-4
2026-03-16 09:20:45 status half-configured ncurses-base:all 6.4-4
2026-03-16 09:20:45 status installed ncurses-base:all 6.4-4
2026-03-16 09:20:45 configure init-system-helpers:all 1.65.2+deb12u1 <none>
2026-03-16 09:20:45 status unpacked init-system-helpers:all 1.65.2+deb12u1
2026-03-16 09:20:45 status half-configured init-system-helpers:all 1.65.2+deb12u1
2026-03-16 09:20:45 status installed init-system-helpers:all 1.65.2+deb12u1
2026-03-16 09:20:45 configure libgcc-s1:arm64 12.2.0-14+deb12u1 <none>
2026-03-16 09:20:45 status unpacked libgcc-s1:arm64 12.2.0-14+deb12u1
2026-03-16 09:20:45 status half-configured libgcc-s1:arm64 12.2.0-14+deb12u1
2026-03-16 09:20:45 status installed libgcc-s1:arm64 12.2.0-14+deb12u1
2026-03-16 09:20:45 configure libc6:arm64 2.36-9+deb12u13 <none>
2026-03-16 09:20:45 status unpacked libc6:arm64 2.36-9+deb12u13
2026-03-16 09:20:45 status half-configured libc6:arm64 2.36-9+deb12u13
2026-03-16 09:20:46 status installed libc6:arm64 2.36-9+deb12u13
2026-03-16 09:20:46 configure libudev1:arm64 252.39-1~deb12u1 <none>
2026-03-16 09:20:46 status unpacked libudev1:arm64 252.39-1~deb12u1
2026-03-16 09:20:46 status half-configured libudev1:arm64 252.39-1~deb12u1
2026-03-16 09:20:46 status installed libudev1:arm64 252.39-1~deb12u1
2026-03-16 09:20:46 configure libffi8:arm64 3.4.4-1 <none>
2026-03-16 09:20:46 status unpacked libffi8:arm64 3.4.4-1
2026-03-16 09:20:46 status half-configured libffi8:arm64 3.4.4-1
2026-03-16 09:20:46 status installed libffi8:arm64 3.4.4-1
2026-03-16 09:20:46 configure libmd0:arm64 1.0.4-2 <none>
2026-03-16 09:20:46 status unpacked libmd0:arm64 1.0.4-2
2026-03-16 09:20:46 status half-configured libmd0:arm64 1.0.4-2
2026-03-16 09:20:46 status installed libmd0:arm64 1.0.4-2
2026-03-16 09:20:46 configure libxxhash0:arm64 0.8.1-1 <none>
2026-03-16 09:20:46 status unpacked libxxhash0:arm64 0.8.1-1
2026-03-16 09:20:46 status half-configured libxxhash0:arm64 0.8.1-1
2026-03-16 09:20:46 status installed libxxhash0:arm64 0.8.1-1
2026-03-16 09:20:46 configure libattr1:arm64 1:2.5.1-4 <none>
2026-03-16 09:20:46 status unpacked libattr1:arm64 1:2.5.1-4
2026-03-16 09:20:46 status half-configured libattr1:arm64 1:2.5.1-4
2026-03-16 09:20:46 status installed libattr1:arm64 1:2.5.1-4
2026-03-16 09:20:46 configure sysvinit-utils:arm64 3.06-4 <none>
2026-03-16 09:20:46 status unpacked sysvinit-utils:arm64 3.06-4
2026-03-16 09:20:46 status half-configured sysvinit-utils:arm64 3.06-4
2026-03-16 09:20:46 status installed sysvinit-utils:arm64 3.06-4
2026-03-16 09:20:46 configure libtasn1-6:arm64 4.19.0-2+deb12u1 <none>
2026-03-16 09:20:46 status unpacked libtasn1-6:arm64 4.19.0-2+deb12u1
2026-03-16 09:20:46 status half-configured libtasn1-6:arm64 4.19.0-2+deb12u1
2026-03-16 09:20:46 status installed libtasn1-6:arm64 4.19.0-2+deb12u1
2026-03-16 09:20:46 configure debianutils:arm64 5.7-0.5~deb12u1 <none>
2026-03-16 09:20:46 status unpacked debianutils:arm64 5.7-0.5~deb12u1
2026-03-16 09:20:46 status half-configured debianutils:arm64 5.7-0.5~deb12u1
2026-03-16 09:20:47 status installed debianutils:arm64 5.7-0.5~deb12u1
2026-03-16 09:20:47 configure mawk:arm64 1.3.4.20200120-3.1 <none>
2026-03-16 09:20:47 status unpacked mawk:arm64 1.3.4.20200120-3.1
2026-03-16 09:20:47 status half-configured mawk:arm64 1.3.4.20200120-3.1
2026-03-16 09:20:47 status installed mawk:arm64 1.3.4.20200120-3.1
2026-03-16 09:20:47 configure libdebconfclient0:arm64 0.270 <none>
2026-03-16 09:20:47 status unpacked libdebconfclient0:arm64 0.270
2026-03-16 09:20:47 status half-configured libdebconfclient0:arm64 0.270
2026-03-16 09:20:47 status installed libdebconfclient0:arm64 0.270
2026-03-16 09:20:47 configure base-files:arm64 12.4+deb12u13 <none>
2026-03-16 09:20:47 status unpacked base-files:arm64 12.4+deb12u13
2026-03-16 09:20:47 status half-configured base-files:arm64 12.4+deb12u13
2026-03-16 09:20:47 status installed base-files:arm64 12.4+deb12u13
2026-03-16 09:20:47 configure libbz2-1.0:arm64 1.0.8-5+b1 <none>
2026-03-16 09:20:47 status unpacked libbz2-1.0:arm64 1.0.8-5+b1
2026-03-16 09:20:47 status half-configured libbz2-1.0:arm64 1.0.8-5+b1
2026-03-16 09:20:47 status installed libbz2-1.0:arm64 1.0.8-5+b1
2026-03-16 09:20:47 configure libdb5.3:arm64 5.3.28+dfsg2-1 <none>
2026-03-16 09:20:47 status unpacked libdb5.3:arm64 5.3.28+dfsg2-1
2026-03-16 09:20:47 status half-configured libdb5.3:arm64 5.3.28+dfsg2-1
2026-03-16 09:20:47 status installed libdb5.3:arm64 5.3.28+dfsg2-1
2026-03-16 09:20:47 configure libblkid1:arm64 2.38.1-5+deb12u3 <none>
2026-03-16 09:20:47 status unpacked libblkid1:arm64 2.38.1-5+deb12u3
2026-03-16 09:20:47 status half-configured libblkid1:arm64 2.38.1-5+deb12u3
2026-03-16 09:20:47 status installed libblkid1:arm64 2.38.1-5+deb12u3
2026-03-16 09:20:47 configure libstdc++6:arm64 12.2.0-14+deb12u1 <none>
2026-03-16 09:20:47 status unpacked libstdc++6:arm64 12.2.0-14+deb12u1
2026-03-16 09:20:47 status half-configured libstdc++6:arm64 12.2.0-14+deb12u1
2026-03-16 09:20:47 status installed libstdc++6:arm64 12.2.0-14+deb12u1
2026-03-16 09:20:47 configure libtinfo6:arm64 6.4-4 <none>
2026-03-16 09:20:47 status unpacked libtinfo6:arm64 6.4-4
2026-03-16 09:20:47 status half-configured libtinfo6:arm64 6.4-4
2026-03-16 09:20:47 status installed libtinfo6:arm64 6.4-4
2026-03-16 09:20:47 configure bash:arm64 5.2.15-2+b10 <none>
2026-03-16 09:20:47 status unpacked bash:arm64 5.2.15-2+b10
2026-03-16 09:20:48 status half-configured bash:arm64 5.2.15-2+b10
2026-03-16 09:20:48 status installed bash:arm64 5.2.15-2+b10
2026-03-16 09:20:48 configure libzstd1:arm64 1.5.4+dfsg2-5 <none>
2026-03-16 09:20:48 status unpacked libzstd1:arm64 1.5.4+dfsg2-5
2026-03-16 09:20:48 status half-configured libzstd1:arm64 1.5.4+dfsg2-5
2026-03-16 09:20:48 status installed libzstd1:arm64 1.5.4+dfsg2-5
2026-03-16 09:20:48 configure liblzma5:arm64 5.4.1-1 <none>
2026-03-16 09:20:48 status unpacked liblzma5:arm64 5.4.1-1
2026-03-16 09:20:48 status half-configured liblzma5:arm64 5.4.1-1
2026-03-16 09:20:48 status installed liblzma5:arm64 5.4.1-1
2026-03-16 09:20:48 configure libgpg-error0:arm64 1.46-1 <none>
2026-03-16 09:20:48 status unpacked libgpg-error0:arm64 1.46-1
2026-03-16 09:20:48 status half-configured libgpg-error0:arm64 1.46-1
2026-03-16 09:20:48 status installed libgpg-error0:arm64 1.46-1
2026-03-16 09:20:48 configure liblz4-1:arm64 1.9.4-1 <none>
2026-03-16 09:20:48 status unpacked liblz4-1:arm64 1.9.4-1
2026-03-16 09:20:48 status half-configured liblz4-1:arm64 1.9.4-1
2026-03-16 09:20:48 status installed liblz4-1:arm64 1.9.4-1
2026-03-16 09:20:48 configure libc-bin:arm64 2.36-9+deb12u13 <none>
2026-03-16 09:20:48 status unpacked libc-bin:arm64 2.36-9+deb12u13
2026-03-16 09:20:48 status half-configured libc-bin:arm64 2.36-9+deb12u13
2026-03-16 09:20:48 status installed libc-bin:arm64 2.36-9+deb12u13
2026-03-16 09:20:48 configure ncurses-bin:arm64 6.4-4 <none>
2026-03-16 09:20:48 status unpacked ncurses-bin:arm64 6.4-4
2026-03-16 09:20:48 status half-configured ncurses-bin:arm64 6.4-4
2026-03-16 09:20:48 status installed ncurses-bin:arm64 6.4-4
2026-03-16 09:20:48 configure libacl1:arm64 2.3.1-3 <none>
2026-03-16 09:20:48 status triggers-pending libc-bin:arm64 2.36-9+deb12u13
2026-03-16 09:20:48 status unpacked libacl1:arm64 2.3.1-3
2026-03-16 09:20:48 status half-configured libacl1:arm64 2.3.1-3
2026-03-16 09:20:48 status installed libacl1:arm64 2.3.1-3
2026-03-16 09:20:48 configure libunistring2:arm64 1.0-2 <none>
2026-03-16 09:20:48 status unpacked libunistring2:arm64 1.0-2
2026-03-16 09:20:48 status half-configured libunistring2:arm64 1.0-2
2026-03-16 09:20:48 status installed libunistring2:arm64 1.0-2
2026-03-16 09:20:48 configure libsmartcols1:arm64 2.38.1-5+deb12u3 <none>
2026-03-16 09:20:48 status unpacked libsmartcols1:arm64 2.38.1-5+deb12u3
2026-03-16 09:20:48 status half-configured libsmartcols1:arm64 2.38.1-5+deb12u3
2026-03-16 09:20:48 status installed libsmartcols1:arm64 2.38.1-5+deb12u3
2026-03-16 09:20:48 configure libgcrypt20:arm64 1.10.1-3 <none>
2026-03-16 09:20:48 status unpacked libgcrypt20:arm64 1.10.1-3
2026-03-16 09:20:48 status half-configured libgcrypt20:arm64 1.10.1-3
2026-03-16 09:20:48 status installed libgcrypt20:arm64 1.10.1-3
2026-03-16 09:20:48 configure zlib1g:arm64 1:1.2.13.dfsg-1 <none>
2026-03-16 09:20:48 status unpacked zlib1g:arm64 1:1.2.13.dfsg-1
2026-03-16 09:20:48 status half-configured zlib1g:arm64 1:1.2.13.dfsg-1
2026-03-16 09:20:48 status installed zlib1g:arm64 1:1.2.13.dfsg-1
2026-03-16 09:20:48 configure libcrypt1:arm64 1:4.4.33-2 <none>
2026-03-16 09:20:48 status unpacked libcrypt1:arm64 1:4.4.33-2
2026-03-16 09:20:48 status half-configured libcrypt1:arm64 1:4.4.33-2
2026-03-16 09:20:48 status installed libcrypt1:arm64 1:4.4.33-2
2026-03-16 09:20:48 configure libidn2-0:arm64 2.3.3-1+b1 <none>
2026-03-16 09:20:48 status unpacked libidn2-0:arm64 2.3.3-1+b1
2026-03-16 09:20:48 status half-configured libidn2-0:arm64 2.3.3-1+b1
2026-03-16 09:20:48 status installed libidn2-0:arm64 2.3.3-1+b1
2026-03-16 09:20:48 configure libcom-err2:arm64 1.47.0-2+b2 <none>
2026-03-16 09:20:48 status unpacked libcom-err2:arm64 1.47.0-2+b2
2026-03-16 09:20:48 status half-configured libcom-err2:arm64 1.47.0-2+b2
2026-03-16 09:20:48 status installed libcom-err2:arm64 1.47.0-2+b2
2026-03-16 09:20:48 configure diffutils:arm64 1:3.8-4 <none>
2026-03-16 09:20:48 status unpacked diffutils:arm64 1:3.8-4
2026-03-16 09:20:48 status half-configured diffutils:arm64 1:3.8-4
2026-03-16 09:20:48 status installed diffutils:arm64 1:3.8-4
2026-03-16 09:20:48 configure libseccomp2:arm64 2.5.4-1+deb12u1 <none>
2026-03-16 09:20:48 status unpacked libseccomp2:arm64 2.5.4-1+deb12u1
2026-03-16 09:20:48 status half-configured libseccomp2:arm64 2.5.4-1+deb12u1
2026-03-16 09:20:48 status installed libseccomp2:arm64 2.5.4-1+deb12u1
2026-03-16 09:20:48 configure libcap2:arm64 1:2.66-4+deb12u2+b2 <none>
2026-03-16 09:20:48 status unpacked libcap2:arm64 1:2.66-4+deb12u2+b2
2026-03-16 09:20:48 status half-configured libcap2:arm64 1:2.66-4+deb12u2+b2
2026-03-16 09:20:48 status installed libcap2:arm64 1:2.66-4+deb12u2+b2
2026-03-16 09:20:48 configure hostname:arm64 3.23+nmu1 <none>
2026-03-16 09:20:48 status unpacked hostname:arm64 3.23+nmu1
2026-03-16 09:20:48 status half-configured hostname:arm64 3.23+nmu1
2026-03-16 09:20:48 status installed hostname:arm64 3.23+nmu1
2026-03-16 09:20:48 configure libcap-ng0:arm64 0.8.3-1+b3 <none>
2026-03-16 09:20:48 status unpacked libcap-ng0:arm64 0.8.3-1+b3
2026-03-16 09:20:48 status half-configured libcap-ng0:arm64 0.8.3-1+b3
2026-03-16 09:20:48 status installed libcap-ng0:arm64 0.8.3-1+b3
2026-03-16 09:20:48 configure libext2fs2:arm64 1.47.0-2+b2 <none>
2026-03-16 09:20:48 status unpacked libext2fs2:arm64 1.47.0-2+b2
2026-03-16 09:20:48 status half-configured libext2fs2:arm64 1.47.0-2+b2
2026-03-16 09:20:48 status installed libext2fs2:arm64 1.47.0-2+b2
2026-03-16 09:20:48 configure libnettle8:arm64 3.8.1-2 <none>
2026-03-16 09:20:48 status unpacked libnettle8:arm64 3.8.1-2
2026-03-16 09:20:48 status half-configured libnettle8:arm64 3.8.1-2
2026-03-16 09:20:48 status installed libnettle8:arm64 3.8.1-2
2026-03-16 09:20:48 configure libgmp10:arm64 2:6.2.1+dfsg1-1.1 <none>
2026-03-16 09:20:48 status unpacked libgmp10:arm64 2:6.2.1+dfsg1-1.1
2026-03-16 09:20:48 status half-configured libgmp10:arm64 2:6.2.1+dfsg1-1.1
2026-03-16 09:20:48 status installed libgmp10:arm64 2:6.2.1+dfsg1-1.1
2026-03-16 09:20:48 configure libp11-kit0:arm64 0.24.1-2 <none>
2026-03-16 09:20:48 status unpacked libp11-kit0:arm64 0.24.1-2
2026-03-16 09:20:48 status half-configured libp11-kit0:arm64 0.24.1-2
2026-03-16 09:20:48 status installed libp11-kit0:arm64 0.24.1-2
2026-03-16 09:20:48 configure libaudit1:arm64 1:3.0.9-1 <none>
2026-03-16 09:20:48 status unpacked libaudit1:arm64 1:3.0.9-1
2026-03-16 09:20:48 status half-configured libaudit1:arm64 1:3.0.9-1
2026-03-16 09:20:48 status installed libaudit1:arm64 1:3.0.9-1
2026-03-16 09:20:48 configure libuuid1:arm64 2.38.1-5+deb12u3 <none>
2026-03-16 09:20:48 status unpacked libuuid1:arm64 2.38.1-5+deb12u3
2026-03-16 09:20:48 status half-configured libuuid1:arm64 2.38.1-5+deb12u3
2026-03-16 09:20:48 status installed libuuid1:arm64 2.38.1-5+deb12u3
2026-03-16 09:20:48 configure libss2:arm64 1.47.0-2+b2 <none>
2026-03-16 09:20:48 status unpacked libss2:arm64 1.47.0-2+b2
2026-03-16 09:20:48 status half-configured libss2:arm64 1.47.0-2+b2
2026-03-16 09:20:48 status installed libss2:arm64 1.47.0-2+b2
2026-03-16 09:20:48 configure libsepol2:arm64 3.4-2.1 <none>
2026-03-16 09:20:48 status unpacked libsepol2:arm64 3.4-2.1
2026-03-16 09:20:48 status half-configured libsepol2:arm64 3.4-2.1
2026-03-16 09:20:48 status installed libsepol2:arm64 3.4-2.1
2026-03-16 09:20:48 configure libpcre2-8-0:arm64 10.42-1 <none>
2026-03-16 09:20:48 status unpacked libpcre2-8-0:arm64 10.42-1
2026-03-16 09:20:48 status half-configured libpcre2-8-0:arm64 10.42-1
2026-03-16 09:20:48 status installed libpcre2-8-0:arm64 10.42-1
2026-03-16 09:20:48 configure logsave:arm64 1.47.0-2+b2 <none>
2026-03-16 09:20:48 status unpacked logsave:arm64 1.47.0-2+b2
2026-03-16 09:20:48 status half-configured logsave:arm64 1.47.0-2+b2
2026-03-16 09:20:48 status installed logsave:arm64 1.47.0-2+b2
2026-03-16 09:20:48 configure gpgv:arm64 2.2.40-1.1+deb12u2 <none>
2026-03-16 09:20:48 status unpacked gpgv:arm64 2.2.40-1.1+deb12u2
2026-03-16 09:20:48 status half-configured gpgv:arm64 2.2.40-1.1+deb12u2
2026-03-16 09:20:48 status installed gpgv:arm64 2.2.40-1.1+deb12u2
2026-03-16 09:20:48 configure util-linux-extra:arm64 2.38.1-5+deb12u3 <none>
2026-03-16 09:20:48 status unpacked util-linux-extra:arm64 2.38.1-5+deb12u3
2026-03-16 09:20:48 status half-configured util-linux-extra:arm64 2.38.1-5+deb12u3
2026-03-16 09:20:48 status installed util-linux-extra:arm64 2.38.1-5+deb12u3
2026-03-16 09:20:48 configure libhogweed6:arm64 3.8.1-2 <none>
2026-03-16 09:20:48 status unpacked libhogweed6:arm64 3.8.1-2
2026-03-16 09:20:48 status half-configured libhogweed6:arm64 3.8.1-2
2026-03-16 09:20:48 status installed libhogweed6:arm64 3.8.1-2
2026-03-16 09:20:48 configure e2fsprogs:arm64 1.47.0-2+b2 <none>
2026-03-16 09:20:48 status unpacked e2fsprogs:arm64 1.47.0-2+b2
2026-03-16 09:20:48 status half-configured e2fsprogs:arm64 1.47.0-2+b2
2026-03-16 09:20:51 status installed e2fsprogs:arm64 1.47.0-2+b2
2026-03-16 09:20:51 configure libsystemd0:arm64 252.39-1~deb12u1 <none>
2026-03-16 09:20:51 status unpacked libsystemd0:arm64 252.39-1~deb12u1
2026-03-16 09:20:51 status half-configured libsystemd0:arm64 252.39-1~deb12u1
2026-03-16 09:20:51 status installed libsystemd0:arm64 252.39-1~deb12u1
2026-03-16 09:20:51 configure libselinux1:arm64 3.4-1+b6 <none>
2026-03-16 09:20:51 status unpacked libselinux1:arm64 3.4-1+b6
2026-03-16 09:20:51 status half-configured libselinux1:arm64 3.4-1+b6
2026-03-16 09:20:51 status installed libselinux1:arm64 3.4-1+b6
2026-03-16 09:20:51 configure libgnutls30:arm64 3.7.9-2+deb12u5 <none>
2026-03-16 09:20:51 status unpacked libgnutls30:arm64 3.7.9-2+deb12u5
2026-03-16 09:20:51 status half-configured libgnutls30:arm64 3.7.9-2+deb12u5
2026-03-16 09:20:51 status installed libgnutls30:arm64 3.7.9-2+deb12u5
2026-03-16 09:20:51 configure libpam0g:arm64 1.5.2-6+deb12u2 <none>
2026-03-16 09:20:51 status unpacked libpam0g:arm64 1.5.2-6+deb12u2
2026-03-16 09:20:51 status half-configured libpam0g:arm64 1.5.2-6+deb12u2
2026-03-16 09:20:51 status installed libpam0g:arm64 1.5.2-6+deb12u2
2026-03-16 09:20:51 configure libapt-pkg6.0:arm64 2.6.1 <none>
2026-03-16 09:20:51 status unpacked libapt-pkg6.0:arm64 2.6.1
2026-03-16 09:20:51 status half-configured libapt-pkg6.0:arm64 2.6.1
2026-03-16 09:20:51 status installed libapt-pkg6.0:arm64 2.6.1
2026-03-16 09:20:51 configure sed:arm64 4.9-1 <none>
2026-03-16 09:20:51 status unpacked sed:arm64 4.9-1
2026-03-16 09:20:51 status half-configured sed:arm64 4.9-1
2026-03-16 09:20:51 status installed sed:arm64 4.9-1
2026-03-16 09:20:51 configure findutils:arm64 4.9.0-4 <none>
2026-03-16 09:20:51 status unpacked findutils:arm64 4.9.0-4
2026-03-16 09:20:51 status half-configured findutils:arm64 4.9.0-4
2026-03-16 09:20:51 status installed findutils:arm64 4.9.0-4
2026-03-16 09:20:51 configure libmount1:arm64 2.38.1-5+deb12u3 <none>
2026-03-16 09:20:51 status unpacked libmount1:arm64 2.38.1-5+deb12u3
2026-03-16 09:20:51 status half-configured libmount1:arm64 2.38.1-5+deb12u3
2026-03-16 09:20:51 status installed libmount1:arm64 2.38.1-5+deb12u3
2026-03-16 09:20:51 configure libsemanage2:arm64 3.4-1+b5 <none>
2026-03-16 09:20:51 status unpacked libsemanage2:arm64 3.4-1+b5
2026-03-16 09:20:51 status half-configured libsemanage2:arm64 3.4-1+b5
2026-03-16 09:20:51 status installed libsemanage2:arm64 3.4-1+b5
2026-03-16 09:20:51 configure base-passwd:arm64 3.6.1 <none>
2026-03-16 09:20:51 status unpacked base-passwd:arm64 3.6.1
2026-03-16 09:20:51 status half-configured base-passwd:arm64 3.6.1
2026-03-16 09:20:52 status installed base-passwd:arm64 3.6.1
2026-03-16 09:20:52 configure bsdutils:arm64 1:2.38.1-5+deb12u3 <none>
2026-03-16 09:20:52 status unpacked bsdutils:arm64 1:2.38.1-5+deb12u3
2026-03-16 09:20:52 status half-configured bsdutils:arm64 1:2.38.1-5+deb12u3
2026-03-16 09:20:52 status installed bsdutils:arm64 1:2.38.1-5+deb12u3
2026-03-16 09:20:52 configure tar:arm64 1.34+dfsg-1.2+deb12u1 <none>
2026-03-16 09:20:52 status unpacked tar:arm64 1.34+dfsg-1.2+deb12u1
2026-03-16 09:20:52 status half-configured tar:arm64 1.34+dfsg-1.2+deb12u1
2026-03-16 09:20:52 status installed tar:arm64 1.34+dfsg-1.2+deb12u1
2026-03-16 09:20:52 configure libpam-modules-bin:arm64 1.5.2-6+deb12u2 <none>
2026-03-16 09:20:52 status unpacked libpam-modules-bin:arm64 1.5.2-6+deb12u2
2026-03-16 09:20:52 status half-configured libpam-modules-bin:arm64 1.5.2-6+deb12u2
2026-03-16 09:20:52 status installed libpam-modules-bin:arm64 1.5.2-6+deb12u2
2026-03-16 09:20:52 configure coreutils:arm64 9.1-1 <none>
2026-03-16 09:20:52 status unpacked coreutils:arm64 9.1-1
2026-03-16 09:20:52 status half-configured coreutils:arm64 9.1-1
2026-03-16 09:20:52 status installed coreutils:arm64 9.1-1
2026-03-16 09:20:52 configure util-linux:arm64 2.38.1-5+deb12u3 <none>
2026-03-16 09:20:52 status unpacked util-linux:arm64 2.38.1-5+deb12u3
2026-03-16 09:20:52 status half-configured util-linux:arm64 2.38.1-5+deb12u3
2026-03-16 09:20:53 status installed util-linux:arm64 2.38.1-5+deb12u3
2026-03-16 09:20:53 configure dpkg:arm64 1.21.22 <none>
2026-03-16 09:20:53 status unpacked dpkg:arm64 1.21.22
2026-03-16 09:20:53 status half-configured dpkg:arm64 1.21.22
2026-03-16 09:20:55 status installed dpkg:arm64 1.21.22
2026-03-16 09:20:55 configure mount:arm64 2.38.1-5+deb12u3 <none>
2026-03-16 09:20:55 status unpacked mount:arm64 2.38.1-5+deb12u3
2026-03-16 09:20:55 status half-configured mount:arm64 2.38.1-5+deb12u3
2026-03-16 09:20:55 status installed mount:arm64 2.38.1-5+deb12u3
2026-03-16 09:20:55 configure dash:arm64 0.5.12-2 <none>
2026-03-16 09:20:55 status unpacked dash:arm64 0.5.12-2
2026-03-16 09:20:55 status half-configured dash:arm64 0.5.12-2
2026-03-16 09:20:55 status installed dash:arm64 0.5.12-2
2026-03-16 09:20:55 configure libpam-modules:arm64 1.5.2-6+deb12u2 <none>
2026-03-16 09:20:55 status unpacked libpam-modules:arm64 1.5.2-6+deb12u2
2026-03-16 09:20:55 status half-configured libpam-modules:arm64 1.5.2-6+deb12u2
2026-03-16 09:20:56 status installed libpam-modules:arm64 1.5.2-6+deb12u2
2026-03-16 09:20:56 configure grep:arm64 3.8-5 <none>
2026-03-16 09:20:56 status unpacked grep:arm64 3.8-5
2026-03-16 09:20:56 status half-configured grep:arm64 3.8-5
2026-03-16 09:20:56 status installed grep:arm64 3.8-5
2026-03-16 09:20:56 configure perl-base:arm64 5.36.0-7+deb12u3 <none>
2026-03-16 09:20:56 status unpacked perl-base:arm64 5.36.0-7+deb12u3
2026-03-16 09:20:56 status half-configured perl-base:arm64 5.36.0-7+deb12u3
2026-03-16 09:20:56 status installed perl-base:arm64 5.36.0-7+deb12u3
2026-03-16 09:20:56 configure gzip:arm64 1.12-1 <none>
2026-03-16 09:20:56 status unpacked gzip:arm64 1.12-1
2026-03-16 09:20:56 status half-configured gzip:arm64 1.12-1
2026-03-16 09:20:56 status installed gzip:arm64 1.12-1
2026-03-16 09:20:56 configure passwd:arm64 1:4.13+dfsg1-1+deb12u2 <none>
2026-03-16 09:20:56 status unpacked passwd:arm64 1:4.13+dfsg1-1+deb12u2
2026-03-16 09:20:56 status half-configured passwd:arm64 1:4.13+dfsg1-1+deb12u2
2026-03-16 09:20:56 status installed passwd:arm64 1:4.13+dfsg1-1+deb12u2
2026-03-16 09:20:56 configure libpam-runtime:all 1.5.2-6+deb12u2 <none>
2026-03-16 09:20:56 status unpacked libpam-runtime:all 1.5.2-6+deb12u2
2026-03-16 09:20:56 status half-configured libpam-runtime:all 1.5.2-6+deb12u2
2026-03-16 09:20:57 status installed libpam-runtime:all 1.5.2-6+deb12u2
2026-03-16 09:20:57 configure login:arm64 1:4.13+dfsg1-1+deb12u2 <none>
2026-03-16 09:20:57 status unpacked login:arm64 1:4.13+dfsg1-1+deb12u2
2026-03-16 09:20:57 status half-configured login:arm64 1:4.13+dfsg1-1+deb12u2
2026-03-16 09:20:57 status installed login:arm64 1:4.13+dfsg1-1+deb12u2
2026-03-16 09:20:57 configure adduser:all 3.134 <none>
2026-03-16 09:20:57 status unpacked adduser:all 3.134
2026-03-16 09:20:57 status half-configured adduser:all 3.134
2026-03-16 09:20:57 status installed adduser:all 3.134
2026-03-16 09:20:57 configure apt:arm64 2.6.1 <none>
2026-03-16 09:20:57 status unpacked apt:arm64 2.6.1
2026-03-16 09:20:57 status half-configured apt:arm64 2.6.1
2026-03-16 09:21:00 status installed apt:arm64 2.6.1
2026-03-16 09:21:00 trigproc libc-bin:arm64 2.36-9+deb12u13 <none>
2026-03-16 09:21:00 status half-configured libc-bin:arm64 2.36-9+deb12u13
2026-03-16 09:21:00 status installed libc-bin:arm64 2.36-9+deb12u13
2026-03-16 09:21:03 startup archives install
2026-03-16 09:21:03 install libexpat1:arm64 <none> 2.5.0-1+deb12u2
2026-03-16 09:21:03 status triggers-pending libc-bin:arm64 2.36-9+deb12u13
2026-03-16 09:21:03 status half-installed libexpat1:arm64 2.5.0-1+deb12u2
2026-03-16 09:21:03 status unpacked libexpat1:arm64 2.5.0-1+deb12u2
2026-03-16 09:21:03 install libpython3.11-minimal:arm64 <none> 3.11.2-6+deb12u6
2026-03-16 09:21:03 status half-installed libpython3.11-minimal:arm64 3.11.2-6+deb12u6
2026-03-16 09:21:03 status unpacked libpython3.11-minimal:arm64 3.11.2-6+deb12u6
2026-03-16 09:21:03 install libssl3:arm64 <none> 3.0.18-1~deb12u1
2026-03-16 09:21:03 status half-installed libssl3:arm64 3.0.18-1~deb12u1
2026-03-16 09:21:04 status unpacked libssl3:arm64 3.0.18-1~deb12u1
2026-03-16 09:21:04 install python3.11-minimal:arm64 <none> 3.11.2-6+deb12u6
2026-03-16 09:21:04 status half-installed python3.11-minimal:arm64 3.11.2-6+deb12u6
2026-03-16 09:21:05 status unpacked python3.11-minimal:arm64 3.11.2-6+deb12u6
2026-03-16 09:21:05 configure libexpat1:arm64 2.5.0-1+deb12u2 2.5.0-1+deb12u2
2026-03-16 09:21:05 status half-configured libexpat1:arm64 2.5.0-1+deb12u2
2026-03-16 09:21:05 status installed libexpat1:arm64 2.5.0-1+deb12u2
2026-03-16 09:21:05 configure libssl3:arm64 3.0.18-1~deb12u1 3.0.18-1~deb12u1
2026-03-16 09:21:05 status half-configured libssl3:arm64 3.0.18-1~deb12u1
2026-03-16 09:21:05 status installed libssl3:arm64 3.0.18-1~deb12u1
2026-03-16 09:21:05 configure libpython3.11-minimal:arm64 3.11.2-6+deb12u6 3.11.2-6+deb12u6
2026-03-16 09:21:05 status half-configured libpython3.11-minimal:arm64 3.11.2-6+deb12u6
2026-03-16 09:21:05 status installed libpython3.11-minimal:arm64 3.11.2-6+deb12u6
2026-03-16 09:21:05 configure python3.11-minimal:arm64 3.11.2-6+deb12u6 3.11.2-6+deb12u6
2026-03-16 09:21:05 status half-configured python3.11-minimal:arm64 3.11.2-6+deb12u6
2026-03-16 09:21:10 status installed python3.11-minimal:arm64 3.11.2-6+deb12u6
2026-03-16 09:21:10 trigproc libc-bin:arm64 2.36-9+deb12u13 <none>
2026-03-16 09:21:10 status half-configured libc-bin:arm64 2.36-9+deb12u13
2026-03-16 09:21:10 status installed libc-bin:arm64 2.36-9+deb12u13
2026-03-16 09:21:13 startup archives install
2026-03-16 09:21:13 install python3-minimal:arm64 <none> 3.11.2-1+b1
2026-03-16 09:21:13 status half-installed python3-minimal:arm64 3.11.2-1+b1
2026-03-16 09:21:13 status unpacked python3-minimal:arm64 3.11.2-1+b1
2026-03-16 09:21:13 configure python3-minimal:arm64 3.11.2-1+b1 3.11.2-1+b1
2026-03-16 09:21:13 status half-configured python3-minimal:arm64 3.11.2-1+b1
2026-03-16 09:21:14 status installed python3-minimal:arm64 3.11.2-1+b1
2026-03-16 09:21:14 startup archives unpack
2026-03-16 09:21:14 install busybox:arm64 <none> 1:1.35.0-4+b7
2026-03-16 09:21:14 status half-installed busybox:arm64 1:1.35.0-4+b7
2026-03-16 09:21:15 status unpacked busybox:arm64 1:1.35.0-4+b7
2026-03-16 09:21:15 install dmsetup:arm64 <none> 2:1.02.185-2
2026-03-16 09:21:15 status half-installed dmsetup:arm64 2:1.02.185-2
2026-03-16 09:21:15 status unpacked dmsetup:arm64 2:1.02.185-2
2026-03-16 09:21:15 install gdisk:arm64 <none> 1.0.9-2.1
2026-03-16 09:21:15 status half-installed gdisk:arm64 1.0.9-2.1
2026-03-16 09:21:15 status unpacked gdisk:arm64 1.0.9-2.1
2026-03-16 09:21:15 install keyutils:arm64 <none> 1.6.3-2
2026-03-16 09:21:15 status half-installed keyutils:arm64 1.6.3-2
2026-03-16 09:21:15 status unpacked keyutils:arm64 1.6.3-2
2026-03-16 09:21:15 install libdevmapper1.02.1:arm64 <none> 2:1.02.185-2
2026-03-16 09:21:15 status triggers-pending libc-bin:arm64 2.36-9+deb12u13
2026-03-16 09:21:15 status half-installed libdevmapper1.02.1:arm64 2:1.02.185-2
2026-03-16 09:21:15 status unpacked libdevmapper1.02.1:arm64 2:1.02.185-2
2026-03-16 09:21:16 install libevent-core-2.1-7:arm64 <none> 2.1.12-stable-8
2026-03-16 09:21:16 status half-installed libevent-core-2.1-7:arm64 2.1.12-stable-8
2026-03-16 09:21:16 status unpacked libevent-core-2.1-7:arm64 2.1.12-stable-8
2026-03-16 09:21:16 install libgssapi-krb5-2:arm64 <none> 1.20.1-2+deb12u4
2026-03-16 09:21:16 status half-installed libgssapi-krb5-2:arm64 1.20.1-2+deb12u4
2026-03-16 09:21:16 status unpacked libgssapi-krb5-2:arm64 1.20.1-2+deb12u4
2026-03-16 09:21:16 install libk5crypto3:arm64 <none> 1.20.1-2+deb12u4
2026-03-16 09:21:16 status half-installed libk5crypto3:arm64 1.20.1-2+deb12u4
2026-03-16 09:21:16 status unpacked libk5crypto3:arm64 1.20.1-2+deb12u4
2026-03-16 09:21:16 install libkeyutils1:arm64 <none> 1.6.3-2
2026-03-16 09:21:16 status half-installed libkeyutils1:arm64 1.6.3-2
2026-03-16 09:21:16 status unpacked libkeyutils1:arm64 1.6.3-2
2026-03-16 09:21:16 install libkrb5-3:arm64 <none> 1.20.1-2+deb12u4
2026-03-16 09:21:16 status half-installed libkrb5-3:arm64 1.20.1-2+deb12u4
2026-03-16 09:21:17 status unpacked libkrb5-3:arm64 1.20.1-2+deb12u4
2026-03-16 09:21:17 install libkrb5support0:arm64 <none> 1.20.1-2+deb12u4
2026-03-16 09:21:17 status half-installed libkrb5support0:arm64 1.20.1-2+deb12u4
2026-03-16 09:21:17 status unpacked libkrb5support0:arm64 1.20.1-2+deb12u4
2026-03-16 09:21:17 install libldap-2.5-0:arm64 <none> 2.5.13+dfsg-5
2026-03-16 09:21:17 status half-installed libldap-2.5-0:arm64 2.5.13+dfsg-5
2026-03-16 09:21:17 status unpacked libldap-2.5-0:arm64 2.5.13+dfsg-5
2026-03-16 09:21:17 install libncursesw6:arm64 <none> 6.4-4
2026-03-16 09:21:17 status half-installed libncursesw6:arm64 6.4-4
2026-03-16 09:21:17 status unpacked libncursesw6:arm64 6.4-4
2026-03-16 09:21:17 install libnfsidmap1:arm64 <none> 1:2.6.2-4+deb12u1
2026-03-16 09:21:17 status half-installed libnfsidmap1:arm64 1:2.6.2-4+deb12u1
2026-03-16 09:21:17 status unpacked libnfsidmap1:arm64 1:2.6.2-4+deb12u1
2026-03-16 09:21:18 install libnsl2:arm64 <none> 1.3.0-2
2026-03-16 09:21:18 status half-installed libnsl2:arm64 1.3.0-2
2026-03-16 09:21:18 status unpacked libnsl2:arm64 1.3.0-2
2026-03-16 09:21:18 install libntfs-3g89:arm64 <none> 1:2022.10.3-1+deb12u2
2026-03-16 09:21:18 status half-installed libntfs-3g89:arm64 1:2022.10.3-1+deb12u2
2026-03-16 09:21:18 status unpacked libntfs-3g89:arm64 1:2022.10.3-1+deb12u2
2026-03-16 09:21:18 install libpopt0:arm64 <none> 1.19+dfsg-1
2026-03-16 09:21:18 status half-installed libpopt0:arm64 1.19+dfsg-1
2026-03-16 09:21:18 status unpacked libpopt0:arm64 1.19+dfsg-1
2026-03-16 09:21:18 install libpython3-stdlib:arm64 <none> 3.11.2-1+b1
2026-03-16 09:21:18 status half-installed libpython3-stdlib:arm64 3.11.2-1+b1
2026-03-16 09:21:18 status unpacked libpython3-stdlib:arm64 3.11.2-1+b1
2026-03-16 09:21:18 install libpython3.11-stdlib:arm64 <none> 3.11.2-6+deb12u6
2026-03-16 09:21:18 status half-installed libpython3.11-stdlib:arm64 3.11.2-6+deb12u6
2026-03-16 09:21:19 status unpacked libpython3.11-stdlib:arm64 3.11.2-6+deb12u6
2026-03-16 09:21:19 install libreadline8:arm64 <none> 8.2-1.3
2026-03-16 09:21:19 status half-installed libreadline8:arm64 8.2-1.3
2026-03-16 09:21:19 status unpacked libreadline8:arm64 8.2-1.3
2026-03-16 09:21:19 install libsasl2-2:arm64 <none> 2.1.28+dfsg-10
2026-03-16 09:21:19 status half-installed libsasl2-2:arm64 2.1.28+dfsg-10
2026-03-16 09:21:19 status unpacked libsasl2-2:arm64 2.1.28+dfsg-10
2026-03-16 09:21:19 install libsasl2-modules-db:arm64 <none> 2.1.28+dfsg-10
2026-03-16 09:21:19 status half-installed libsasl2-modules-db:arm64 2.1.28+dfsg-10
2026-03-16 09:21:20 status unpacked libsasl2-modules-db:arm64 2.1.28+dfsg-10
2026-03-16 09:21:20 install libsqlite3-0:arm64 <none> 3.40.1-2+deb12u2
2026-03-16 09:21:20 status half-installed libsqlite3-0:arm64 3.40.1-2+deb12u2
2026-03-16 09:21:20 status unpacked libsqlite3-0:arm64 3.40.1-2+deb12u2
2026-03-16 09:21:20 install libtirpc-common:all <none> 1.3.3+ds-1
2026-03-16 09:21:20 status half-installed libtirpc-common:all 1.3.3+ds-1
2026-03-16 09:21:20 status unpacked libtirpc-common:all 1.3.3+ds-1
2026-03-16 09:21:20 install libtirpc3:arm64 <none> 1.3.3+ds-1
2026-03-16 09:21:20 status half-installed libtirpc3:arm64 1.3.3+ds-1
2026-03-16 09:21:20 status unpacked libtirpc3:arm64 1.3.3+ds-1
2026-03-16 09:21:20 install libwrap0:arm64 <none> 7.6.q-32
2026-03-16 09:21:20 status half-installed libwrap0:arm64 7.6.q-32
2026-03-16 09:21:20 status unpacked libwrap0:arm64 7.6.q-32
2026-03-16 09:21:21 install lsb-base:all <none> 11.6
2026-03-16 09:21:21 status half-installed lsb-base:all 11.6
2026-03-16 09:21:21 status unpacked lsb-base:all 11.6
2026-03-16 09:21:21 install media-types:all <none> 10.0.0
2026-03-16 09:21:21 status half-installed media-types:all 10.0.0
2026-03-16 09:21:21 status unpacked media-types:all 10.0.0
2026-03-16 09:21:21 install net-tools:arm64 <none> 2.10-0.1+deb12u2
2026-03-16 09:21:21 status half-installed net-tools:arm64 2.10-0.1+deb12u2
2026-03-16 09:21:21 status unpacked net-tools:arm64 2.10-0.1+deb12u2
2026-03-16 09:21:21 install nfs-common:arm64 <none> 1:2.6.2-4+deb12u1
2026-03-16 09:21:21 status half-installed nfs-common:arm64 1:2.6.2-4+deb12u1
2026-03-16 09:21:21 status unpacked nfs-common:arm64 1:2.6.2-4+deb12u1
2026-03-16 09:21:22 install partclone:arm64 <none> 0.3.23+repack-1
2026-03-16 09:21:22 status half-installed partclone:arm64 0.3.23+repack-1
2026-03-16 09:21:22 status unpacked partclone:arm64 0.3.23+repack-1
2026-03-16 09:21:22 install python3:arm64 <none> 3.11.2-1+b1
2026-03-16 09:21:22 status half-installed python3:arm64 3.11.2-1+b1
2026-03-16 09:21:22 status unpacked python3:arm64 3.11.2-1+b1
2026-03-16 09:21:22 install python3.11:arm64 <none> 3.11.2-6+deb12u6
2026-03-16 09:21:22 status half-installed python3.11:arm64 3.11.2-6+deb12u6
2026-03-16 09:21:22 status unpacked python3.11:arm64 3.11.2-6+deb12u6
2026-03-16 09:21:22 install readline-common:all <none> 8.2-1.3
2026-03-16 09:21:22 status half-installed readline-common:all 8.2-1.3
2026-03-16 09:21:22 status unpacked readline-common:all 8.2-1.3
2026-03-16 09:21:23 install rpcbind:arm64 <none> 1.2.6-6+b1
2026-03-16 09:21:23 status half-installed rpcbind:arm64 1.2.6-6+b1
2026-03-16 09:21:23 status unpacked rpcbind:arm64 1.2.6-6+b1
2026-03-16 09:21:23 install sensible-utils:all <none> 0.0.17+nmu1
2026-03-16 09:21:23 status half-installed sensible-utils:all 0.0.17+nmu1
2026-03-16 09:21:23 status unpacked sensible-utils:all 0.0.17+nmu1
2026-03-16 09:21:23 install ucf:all <none> 3.0043+nmu1+deb12u1
2026-03-16 09:21:23 status half-installed ucf:all 3.0043+nmu1+deb12u1
2026-03-16 09:21:23 status unpacked ucf:all 3.0043+nmu1+deb12u1
2026-03-16 09:21:23 trigproc libc-bin:arm64 2.36-9+deb12u13 <none>
2026-03-16 09:21:23 status half-configured libc-bin:arm64 2.36-9+deb12u13
2026-03-16 09:21:23 status installed libc-bin:arm64 2.36-9+deb12u13
2026-03-16 09:21:23 startup packages configure
2026-03-16 09:21:23 configure media-types:all 10.0.0 <none>
2026-03-16 09:21:23 status unpacked media-types:all 10.0.0
2026-03-16 09:21:23 status half-configured media-types:all 10.0.0
2026-03-16 09:21:24 status installed media-types:all 10.0.0
2026-03-16 09:21:24 configure lsb-base:all 11.6 <none>
2026-03-16 09:21:24 status unpacked lsb-base:all 11.6
2026-03-16 09:21:24 status half-configured lsb-base:all 11.6
2026-03-16 09:21:24 status installed lsb-base:all 11.6
2026-03-16 09:21:24 configure net-tools:arm64 2.10-0.1+deb12u2 <none>
2026-03-16 09:21:24 status unpacked net-tools:arm64 2.10-0.1+deb12u2
2026-03-16 09:21:24 status half-configured net-tools:arm64 2.10-0.1+deb12u2
2026-03-16 09:21:24 status installed net-tools:arm64 2.10-0.1+deb12u2
2026-03-16 09:21:24 configure libkeyutils1:arm64 1.6.3-2 <none>
2026-03-16 09:21:24 status triggers-pending libc-bin:arm64 2.36-9+deb12u13
2026-03-16 09:21:24 status unpacked libkeyutils1:arm64 1.6.3-2
2026-03-16 09:21:24 status half-configured libkeyutils1:arm64 1.6.3-2
2026-03-16 09:21:24 status installed libkeyutils1:arm64 1.6.3-2
2026-03-16 09:21:24 configure libtirpc-common:all 1.3.3+ds-1 <none>
2026-03-16 09:21:24 status unpacked libtirpc-common:all 1.3.3+ds-1
2026-03-16 09:21:24 status half-configured libtirpc-common:all 1.3.3+ds-1
2026-03-16 09:21:24 status installed libtirpc-common:all 1.3.3+ds-1
2026-03-16 09:21:24 configure libsqlite3-0:arm64 3.40.1-2+deb12u2 <none>
2026-03-16 09:21:24 status unpacked libsqlite3-0:arm64 3.40.1-2+deb12u2
2026-03-16 09:21:24 status half-configured libsqlite3-0:arm64 3.40.1-2+deb12u2
2026-03-16 09:21:24 status installed libsqlite3-0:arm64 3.40.1-2+deb12u2
2026-03-16 09:21:24 configure libntfs-3g89:arm64 1:2022.10.3-1+deb12u2 <none>
2026-03-16 09:21:24 status unpacked libntfs-3g89:arm64 1:2022.10.3-1+deb12u2
2026-03-16 09:21:24 status half-configured libntfs-3g89:arm64 1:2022.10.3-1+deb12u2
2026-03-16 09:21:24 status installed libntfs-3g89:arm64 1:2022.10.3-1+deb12u2
2026-03-16 09:21:24 configure libkrb5support0:arm64 1.20.1-2+deb12u4 <none>
2026-03-16 09:21:24 status unpacked libkrb5support0:arm64 1.20.1-2+deb12u4
2026-03-16 09:21:24 status half-configured libkrb5support0:arm64 1.20.1-2+deb12u4
2026-03-16 09:21:24 status installed libkrb5support0:arm64 1.20.1-2+deb12u4
2026-03-16 09:21:24 configure libsasl2-modules-db:arm64 2.1.28+dfsg-10 <none>
2026-03-16 09:21:24 status unpacked libsasl2-modules-db:arm64 2.1.28+dfsg-10
2026-03-16 09:21:24 status half-configured libsasl2-modules-db:arm64 2.1.28+dfsg-10
2026-03-16 09:21:24 status installed libsasl2-modules-db:arm64 2.1.28+dfsg-10
2026-03-16 09:21:24 configure busybox:arm64 1:1.35.0-4+b7 <none>
2026-03-16 09:21:24 status unpacked busybox:arm64 1:1.35.0-4+b7
2026-03-16 09:21:24 status half-configured busybox:arm64 1:1.35.0-4+b7
2026-03-16 09:21:24 status installed busybox:arm64 1:1.35.0-4+b7
2026-03-16 09:21:24 configure libevent-core-2.1-7:arm64 2.1.12-stable-8 <none>
2026-03-16 09:21:24 status unpacked libevent-core-2.1-7:arm64 2.1.12-stable-8
2026-03-16 09:21:24 status half-configured libevent-core-2.1-7:arm64 2.1.12-stable-8
2026-03-16 09:21:24 status installed libevent-core-2.1-7:arm64 2.1.12-stable-8
2026-03-16 09:21:24 configure libncursesw6:arm64 6.4-4 <none>
2026-03-16 09:21:24 status unpacked libncursesw6:arm64 6.4-4
2026-03-16 09:21:24 status half-configured libncursesw6:arm64 6.4-4
2026-03-16 09:21:24 status installed libncursesw6:arm64 6.4-4
2026-03-16 09:21:24 configure libk5crypto3:arm64 1.20.1-2+deb12u4 <none>
2026-03-16 09:21:24 status unpacked libk5crypto3:arm64 1.20.1-2+deb12u4
2026-03-16 09:21:24 status half-configured libk5crypto3:arm64 1.20.1-2+deb12u4
2026-03-16 09:21:24 status installed libk5crypto3:arm64 1.20.1-2+deb12u4
2026-03-16 09:21:24 configure libsasl2-2:arm64 2.1.28+dfsg-10 <none>
2026-03-16 09:21:24 status unpacked libsasl2-2:arm64 2.1.28+dfsg-10
2026-03-16 09:21:24 status half-configured libsasl2-2:arm64 2.1.28+dfsg-10
2026-03-16 09:21:24 status installed libsasl2-2:arm64 2.1.28+dfsg-10
2026-03-16 09:21:24 configure keyutils:arm64 1.6.3-2 <none>
2026-03-16 09:21:24 status unpacked keyutils:arm64 1.6.3-2
2026-03-16 09:21:24 status half-configured keyutils:arm64 1.6.3-2
2026-03-16 09:21:24 status installed keyutils:arm64 1.6.3-2
2026-03-16 09:21:24 configure sensible-utils:all 0.0.17+nmu1 <none>
2026-03-16 09:21:24 status unpacked sensible-utils:all 0.0.17+nmu1
2026-03-16 09:21:24 status half-configured sensible-utils:all 0.0.17+nmu1
2026-03-16 09:21:24 status installed sensible-utils:all 0.0.17+nmu1
2026-03-16 09:21:24 configure libkrb5-3:arm64 1.20.1-2+deb12u4 <none>
2026-03-16 09:21:24 status unpacked libkrb5-3:arm64 1.20.1-2+deb12u4
2026-03-16 09:21:24 status half-configured libkrb5-3:arm64 1.20.1-2+deb12u4
2026-03-16 09:21:24 status installed libkrb5-3:arm64 1.20.1-2+deb12u4
2026-03-16 09:21:24 configure readline-common:all 8.2-1.3 <none>
2026-03-16 09:21:24 status unpacked readline-common:all 8.2-1.3
2026-03-16 09:21:24 status half-configured readline-common:all 8.2-1.3
2026-03-16 09:21:24 status installed readline-common:all 8.2-1.3
2026-03-16 09:21:24 configure libpopt0:arm64 1.19+dfsg-1 <none>
2026-03-16 09:21:24 status unpacked libpopt0:arm64 1.19+dfsg-1
2026-03-16 09:21:24 status half-configured libpopt0:arm64 1.19+dfsg-1
2026-03-16 09:21:24 status installed libpopt0:arm64 1.19+dfsg-1
2026-03-16 09:21:24 configure libreadline8:arm64 8.2-1.3 <none>
2026-03-16 09:21:24 status unpacked libreadline8:arm64 8.2-1.3
2026-03-16 09:21:24 status half-configured libreadline8:arm64 8.2-1.3
2026-03-16 09:21:24 status installed libreadline8:arm64 8.2-1.3
2026-03-16 09:21:24 configure libldap-2.5-0:arm64 2.5.13+dfsg-5 <none>
2026-03-16 09:21:24 status unpacked libldap-2.5-0:arm64 2.5.13+dfsg-5
2026-03-16 09:21:24 status half-configured libldap-2.5-0:arm64 2.5.13+dfsg-5
2026-03-16 09:21:24 status installed libldap-2.5-0:arm64 2.5.13+dfsg-5
2026-03-16 09:21:24 configure gdisk:arm64 1.0.9-2.1 <none>
2026-03-16 09:21:24 status unpacked gdisk:arm64 1.0.9-2.1
2026-03-16 09:21:24 status half-configured gdisk:arm64 1.0.9-2.1
2026-03-16 09:21:24 status installed gdisk:arm64 1.0.9-2.1
2026-03-16 09:21:24 configure partclone:arm64 0.3.23+repack-1 <none>
2026-03-16 09:21:24 status unpacked partclone:arm64 0.3.23+repack-1
2026-03-16 09:21:24 status half-configured partclone:arm64 0.3.23+repack-1
2026-03-16 09:21:24 status installed partclone:arm64 0.3.23+repack-1
2026-03-16 09:21:24 configure libgssapi-krb5-2:arm64 1.20.1-2+deb12u4 <none>
2026-03-16 09:21:24 status unpacked libgssapi-krb5-2:arm64 1.20.1-2+deb12u4
2026-03-16 09:21:24 status half-configured libgssapi-krb5-2:arm64 1.20.1-2+deb12u4
2026-03-16 09:21:24 status installed libgssapi-krb5-2:arm64 1.20.1-2+deb12u4
2026-03-16 09:21:24 configure ucf:all 3.0043+nmu1+deb12u1 <none>
2026-03-16 09:21:24 status unpacked ucf:all 3.0043+nmu1+deb12u1
2026-03-16 09:21:24 status half-configured ucf:all 3.0043+nmu1+deb12u1
2026-03-16 09:21:24 status installed ucf:all 3.0043+nmu1+deb12u1
2026-03-16 09:21:24 configure libtirpc3:arm64 1.3.3+ds-1 <none>
2026-03-16 09:21:24 status unpacked libtirpc3:arm64 1.3.3+ds-1
2026-03-16 09:21:24 status half-configured libtirpc3:arm64 1.3.3+ds-1
2026-03-16 09:21:24 status installed libtirpc3:arm64 1.3.3+ds-1
2026-03-16 09:21:24 configure libnfsidmap1:arm64 1:2.6.2-4+deb12u1 <none>
2026-03-16 09:21:24 status unpacked libnfsidmap1:arm64 1:2.6.2-4+deb12u1
2026-03-16 09:21:24 status half-configured libnfsidmap1:arm64 1:2.6.2-4+deb12u1
2026-03-16 09:21:24 status installed libnfsidmap1:arm64 1:2.6.2-4+deb12u1
2026-03-16 09:21:24 configure libnsl2:arm64 1.3.0-2 <none>
2026-03-16 09:21:24 status unpacked libnsl2:arm64 1.3.0-2
2026-03-16 09:21:24 status half-configured libnsl2:arm64 1.3.0-2
2026-03-16 09:21:24 status installed libnsl2:arm64 1.3.0-2
2026-03-16 09:21:24 configure libpython3.11-stdlib:arm64 3.11.2-6+deb12u6 <none>
2026-03-16 09:21:24 status unpacked libpython3.11-stdlib:arm64 3.11.2-6+deb12u6
2026-03-16 09:21:24 status half-configured libpython3.11-stdlib:arm64 3.11.2-6+deb12u6
2026-03-16 09:21:24 status installed libpython3.11-stdlib:arm64 3.11.2-6+deb12u6
2026-03-16 09:21:24 configure libwrap0:arm64 7.6.q-32 <none>
2026-03-16 09:21:24 status unpacked libwrap0:arm64 7.6.q-32
2026-03-16 09:21:24 status half-configured libwrap0:arm64 7.6.q-32
2026-03-16 09:21:25 status installed libwrap0:arm64 7.6.q-32
2026-03-16 09:21:25 configure libpython3-stdlib:arm64 3.11.2-1+b1 <none>
2026-03-16 09:21:25 status unpacked libpython3-stdlib:arm64 3.11.2-1+b1
2026-03-16 09:21:25 status half-configured libpython3-stdlib:arm64 3.11.2-1+b1
2026-03-16 09:21:25 status installed libpython3-stdlib:arm64 3.11.2-1+b1
2026-03-16 09:21:25 configure python3.11:arm64 3.11.2-6+deb12u6 <none>
2026-03-16 09:21:25 status unpacked python3.11:arm64 3.11.2-6+deb12u6
2026-03-16 09:21:25 status half-configured python3.11:arm64 3.11.2-6+deb12u6
2026-03-16 09:21:30 status installed python3.11:arm64 3.11.2-6+deb12u6
2026-03-16 09:21:30 configure rpcbind:arm64 1.2.6-6+b1 <none>
2026-03-16 09:21:30 status unpacked rpcbind:arm64 1.2.6-6+b1
2026-03-16 09:21:30 status half-configured rpcbind:arm64 1.2.6-6+b1
2026-03-16 09:21:33 status installed rpcbind:arm64 1.2.6-6+b1
2026-03-16 09:21:33 configure python3:arm64 3.11.2-1+b1 <none>
2026-03-16 09:21:33 status unpacked python3:arm64 3.11.2-1+b1
2026-03-16 09:21:33 status half-configured python3:arm64 3.11.2-1+b1
2026-03-16 09:21:34 status installed python3:arm64 3.11.2-1+b1
2026-03-16 09:21:34 configure libdevmapper1.02.1:arm64 2:1.02.185-2 <none>
2026-03-16 09:21:34 status unpacked libdevmapper1.02.1:arm64 2:1.02.185-2
2026-03-16 09:21:34 status half-configured libdevmapper1.02.1:arm64 2:1.02.185-2
2026-03-16 09:21:34 status installed libdevmapper1.02.1:arm64 2:1.02.185-2
2026-03-16 09:21:34 configure dmsetup:arm64 2:1.02.185-2 <none>
2026-03-16 09:21:34 status unpacked dmsetup:arm64 2:1.02.185-2
2026-03-16 09:21:34 status half-configured dmsetup:arm64 2:1.02.185-2
2026-03-16 09:21:34 status installed dmsetup:arm64 2:1.02.185-2
2026-03-16 09:21:34 configure nfs-common:arm64 1:2.6.2-4+deb12u1 <none>
2026-03-16 09:21:34 status unpacked nfs-common:arm64 1:2.6.2-4+deb12u1
2026-03-16 09:21:34 status half-configured nfs-common:arm64 1:2.6.2-4+deb12u1
2026-03-16 09:21:42 status installed nfs-common:arm64 1:2.6.2-4+deb12u1
2026-03-16 09:21:42 trigproc libc-bin:arm64 2.36-9+deb12u13 <none>
2026-03-16 09:21:42 status half-configured libc-bin:arm64 2.36-9+deb12u13
2026-03-16 09:21:42 status installed libc-bin:arm64 2.36-9+deb12u13
2026-03-16 09:25:33 startup archives unpack
2026-03-16 09:25:34 upgrade util-linux:arm64 2.38.1-5+deb12u3 2.38.1-5+deb12u3
2026-03-16 09:25:34 status half-configured util-linux:arm64 2.38.1-5+deb12u3
2026-03-16 09:25:34 status unpacked util-linux:arm64 2.38.1-5+deb12u3
2026-03-16 09:25:34 status half-installed util-linux:arm64 2.38.1-5+deb12u3
2026-03-16 09:25:34 status unpacked util-linux:arm64 2.38.1-5+deb12u3
2026-03-16 09:25:34 startup packages configure
2026-03-16 09:25:34 configure util-linux:arm64 2.38.1-5+deb12u3 <none>
2026-03-16 09:25:34 status unpacked util-linux:arm64 2.38.1-5+deb12u3
2026-03-16 09:25:34 status half-configured util-linux:arm64 2.38.1-5+deb12u3
2026-03-16 09:25:36 status installed util-linux:arm64 2.38.1-5+deb12u3
2026-03-16 09:25:36 startup packages configure
2026-03-16 09:26:54 startup archives unpack
2026-03-16 09:26:54 upgrade util-linux:arm64 2.38.1-5+deb12u3 2.38.1-5+deb12u3
2026-03-16 09:26:54 status half-configured util-linux:arm64 2.38.1-5+deb12u3
2026-03-16 09:26:54 status unpacked util-linux:arm64 2.38.1-5+deb12u3
2026-03-16 09:26:54 status half-installed util-linux:arm64 2.38.1-5+deb12u3
2026-03-16 09:26:55 status unpacked util-linux:arm64 2.38.1-5+deb12u3
2026-03-16 09:26:55 startup packages configure
2026-03-16 09:26:55 configure util-linux:arm64 2.38.1-5+deb12u3 <none>
2026-03-16 09:26:55 status unpacked util-linux:arm64 2.38.1-5+deb12u3
2026-03-16 09:26:55 status half-configured util-linux:arm64 2.38.1-5+deb12u3
2026-03-16 09:26:57 status installed util-linux:arm64 2.38.1-5+deb12u3
2026-03-16 09:26:57 startup packages configure
2026-03-16 09:28:11 startup archives unpack
2026-03-16 09:28:11 upgrade util-linux:arm64 2.38.1-5+deb12u3 2.38.1-5+deb12u3
2026-03-16 09:28:11 status half-configured util-linux:arm64 2.38.1-5+deb12u3
2026-03-16 09:28:11 status unpacked util-linux:arm64 2.38.1-5+deb12u3
2026-03-16 09:28:11 status half-installed util-linux:arm64 2.38.1-5+deb12u3
2026-03-16 09:28:11 status unpacked util-linux:arm64 2.38.1-5+deb12u3
2026-03-16 09:28:11 startup packages configure
2026-03-16 09:28:11 configure util-linux:arm64 2.38.1-5+deb12u3 <none>
2026-03-16 09:28:11 status unpacked util-linux:arm64 2.38.1-5+deb12u3
2026-03-16 09:28:11 status half-configured util-linux:arm64 2.38.1-5+deb12u3
2026-03-16 09:28:13 status installed util-linux:arm64 2.38.1-5+deb12u3
2026-03-16 09:28:13 startup packages configure
2026-03-16 09:28:42 startup archives unpack
2026-03-16 09:28:42 upgrade util-linux:arm64 2.38.1-5+deb12u3 2.38.1-5+deb12u3
2026-03-16 09:28:42 status half-configured util-linux:arm64 2.38.1-5+deb12u3
2026-03-16 09:28:42 status unpacked util-linux:arm64 2.38.1-5+deb12u3
2026-03-16 09:28:42 status half-installed util-linux:arm64 2.38.1-5+deb12u3
2026-03-16 09:28:43 status unpacked util-linux:arm64 2.38.1-5+deb12u3
2026-03-16 09:28:43 startup packages configure
2026-03-16 09:28:43 configure util-linux:arm64 2.38.1-5+deb12u3 <none>
2026-03-16 09:28:43 status unpacked util-linux:arm64 2.38.1-5+deb12u3
2026-03-16 09:28:43 status half-configured util-linux:arm64 2.38.1-5+deb12u3
2026-03-16 09:28:44 status installed util-linux:arm64 2.38.1-5+deb12u3
2026-03-16 09:28:44 startup packages configure
2026-03-16 09:32:14 startup archives unpack
2026-03-16 09:32:14 install perl-modules-5.36:all <none> 5.36.0-7+deb12u3
2026-03-16 09:32:14 status half-installed perl-modules-5.36:all 5.36.0-7+deb12u3
2026-03-16 09:32:15 status unpacked perl-modules-5.36:all 5.36.0-7+deb12u3
2026-03-16 09:32:15 install libgdbm6:arm64 <none> 1.23-3
2026-03-16 09:32:15 status triggers-pending libc-bin:arm64 2.36-9+deb12u13
2026-03-16 09:32:15 status half-installed libgdbm6:arm64 1.23-3
2026-03-16 09:32:15 status unpacked libgdbm6:arm64 1.23-3
2026-03-16 09:32:15 install libgdbm-compat4:arm64 <none> 1.23-3
2026-03-16 09:32:15 status half-installed libgdbm-compat4:arm64 1.23-3
2026-03-16 09:32:15 status unpacked libgdbm-compat4:arm64 1.23-3
2026-03-16 09:32:15 install libperl5.36:arm64 <none> 5.36.0-7+deb12u3
2026-03-16 09:32:15 status half-installed libperl5.36:arm64 5.36.0-7+deb12u3
2026-03-16 09:32:17 status unpacked libperl5.36:arm64 5.36.0-7+deb12u3
2026-03-16 09:32:17 install perl:arm64 <none> 5.36.0-7+deb12u3
2026-03-16 09:32:17 status half-installed perl:arm64 5.36.0-7+deb12u3
2026-03-16 09:32:17 status unpacked perl:arm64 5.36.0-7+deb12u3
2026-03-16 09:32:17 install netbase:all <none> 6.4
2026-03-16 09:32:17 status half-installed netbase:all 6.4
2026-03-16 09:32:17 status unpacked netbase:all 6.4
2026-03-16 09:32:17 install libapt-pkg-perl:arm64 <none> 0.1.40+b2
2026-03-16 09:32:17 status half-installed libapt-pkg-perl:arm64 0.1.40+b2
2026-03-16 09:32:17 status unpacked libapt-pkg-perl:arm64 0.1.40+b2
2026-03-16 09:32:18 install libregexp-assemble-perl:all <none> 0.38-2
2026-03-16 09:32:18 status half-installed libregexp-assemble-perl:all 0.38-2
2026-03-16 09:32:18 status unpacked libregexp-assemble-perl:all 0.38-2
2026-03-16 09:32:18 install apt-file:all <none> 3.3
2026-03-16 09:32:18 status half-installed apt-file:all 3.3
2026-03-16 09:32:18 status unpacked apt-file:all 3.3
2026-03-16 09:32:18 startup packages configure
2026-03-16 09:32:18 configure perl-modules-5.36:all 5.36.0-7+deb12u3 <none>
2026-03-16 09:32:18 status unpacked perl-modules-5.36:all 5.36.0-7+deb12u3
2026-03-16 09:32:18 status half-configured perl-modules-5.36:all 5.36.0-7+deb12u3
2026-03-16 09:32:18 status installed perl-modules-5.36:all 5.36.0-7+deb12u3
2026-03-16 09:32:18 configure netbase:all 6.4 <none>
2026-03-16 09:32:18 status unpacked netbase:all 6.4
2026-03-16 09:32:18 status half-configured netbase:all 6.4
2026-03-16 09:32:18 status installed netbase:all 6.4
2026-03-16 09:32:18 configure libgdbm6:arm64 1.23-3 <none>
2026-03-16 09:32:18 status unpacked libgdbm6:arm64 1.23-3
2026-03-16 09:32:18 status half-configured libgdbm6:arm64 1.23-3
2026-03-16 09:32:18 status installed libgdbm6:arm64 1.23-3
2026-03-16 09:32:18 configure libgdbm-compat4:arm64 1.23-3 <none>
2026-03-16 09:32:18 status unpacked libgdbm-compat4:arm64 1.23-3
2026-03-16 09:32:18 status half-configured libgdbm-compat4:arm64 1.23-3
2026-03-16 09:32:18 status installed libgdbm-compat4:arm64 1.23-3
2026-03-16 09:32:18 configure libperl5.36:arm64 5.36.0-7+deb12u3 <none>
2026-03-16 09:32:18 status unpacked libperl5.36:arm64 5.36.0-7+deb12u3
2026-03-16 09:32:18 status half-configured libperl5.36:arm64 5.36.0-7+deb12u3
2026-03-16 09:32:18 status installed libperl5.36:arm64 5.36.0-7+deb12u3
2026-03-16 09:32:18 configure perl:arm64 5.36.0-7+deb12u3 <none>
2026-03-16 09:32:18 status unpacked perl:arm64 5.36.0-7+deb12u3
2026-03-16 09:32:18 status half-configured perl:arm64 5.36.0-7+deb12u3
2026-03-16 09:32:18 status installed perl:arm64 5.36.0-7+deb12u3
2026-03-16 09:32:18 configure libregexp-assemble-perl:all 0.38-2 <none>
2026-03-16 09:32:18 status unpacked libregexp-assemble-perl:all 0.38-2
2026-03-16 09:32:18 status half-configured libregexp-assemble-perl:all 0.38-2
2026-03-16 09:32:18 status installed libregexp-assemble-perl:all 0.38-2
2026-03-16 09:32:18 configure libapt-pkg-perl:arm64 0.1.40+b2 <none>
2026-03-16 09:32:18 status unpacked libapt-pkg-perl:arm64 0.1.40+b2
2026-03-16 09:32:18 status half-configured libapt-pkg-perl:arm64 0.1.40+b2
2026-03-16 09:32:18 status installed libapt-pkg-perl:arm64 0.1.40+b2
2026-03-16 09:32:18 configure apt-file:all 3.3 <none>
2026-03-16 09:32:18 status unpacked apt-file:all 3.3
2026-03-16 09:32:18 status half-configured apt-file:all 3.3
2026-03-16 09:32:19 status installed apt-file:all 3.3
2026-03-16 09:32:19 trigproc libc-bin:arm64 2.36-9+deb12u13 <none>
2026-03-16 09:32:19 status half-configured libc-bin:arm64 2.36-9+deb12u13
2026-03-16 09:32:19 status installed libc-bin:arm64 2.36-9+deb12u13
2026-03-16 09:33:17 startup packages remove
2026-03-16 09:33:17 status installed apt-file:all 3.3
2026-03-16 09:33:17 remove apt-file:all 3.3 <none>
2026-03-16 09:33:17 status half-configured apt-file:all 3.3
2026-03-16 09:33:18 status half-installed apt-file:all 3.3
2026-03-16 09:33:18 status config-files apt-file:all 3.3
2026-03-16 09:33:18 startup packages configure
2026-03-16 09:33:30 startup archives unpack
2026-03-16 09:33:30 install libfdisk1:arm64 <none> 2.38.1-5+deb12u3
2026-03-16 09:33:30 status triggers-pending libc-bin:arm64 2.36-9+deb12u13
2026-03-16 09:33:30 status half-installed libfdisk1:arm64 2.38.1-5+deb12u3
2026-03-16 09:33:30 status unpacked libfdisk1:arm64 2.38.1-5+deb12u3
2026-03-16 09:33:30 install fdisk:arm64 <none> 2.38.1-5+deb12u3
2026-03-16 09:33:30 status half-installed fdisk:arm64 2.38.1-5+deb12u3
2026-03-16 09:33:30 status unpacked fdisk:arm64 2.38.1-5+deb12u3
2026-03-16 09:33:30 startup packages configure
2026-03-16 09:33:30 configure libfdisk1:arm64 2.38.1-5+deb12u3 <none>
2026-03-16 09:33:30 status unpacked libfdisk1:arm64 2.38.1-5+deb12u3
2026-03-16 09:33:30 status half-configured libfdisk1:arm64 2.38.1-5+deb12u3
2026-03-16 09:33:30 status installed libfdisk1:arm64 2.38.1-5+deb12u3
2026-03-16 09:33:30 configure fdisk:arm64 2.38.1-5+deb12u3 <none>
2026-03-16 09:33:30 status unpacked fdisk:arm64 2.38.1-5+deb12u3
2026-03-16 09:33:30 status half-configured fdisk:arm64 2.38.1-5+deb12u3
2026-03-16 09:33:30 status installed fdisk:arm64 2.38.1-5+deb12u3
2026-03-16 09:33:30 trigproc libc-bin:arm64 2.36-9+deb12u13 <none>
2026-03-16 09:33:30 status half-configured libc-bin:arm64 2.36-9+deb12u13
2026-03-16 09:33:30 status installed libc-bin:arm64 2.36-9+deb12u13
